invoking = ./pdls -e PDF ~/testcases/hello_lexmark.pdf
p_object.c ----------------- tanch@trace_begin: compile with -finstrument-functions called....
Using command-line default interpreter PDF
Current heap size is 134217728
Using anrmalloc
Complexity control file not found 
   Tried to open ./complexity.conf
   Tried to open /etc/complexity.conf
******* UFST 7.01 ON ************
Loading new screen control file: /bonus/scratch/tanch/build-bundle/poky/sim-palazzo/tmp/sysroots/qemux86/usr/share/graphen//screens/color/screen.conf
pdls_get_graphen_device() device:0xe711c12c name=


backend_start_job -- updating job env from defaults

no more PJL commands
Ingoring PJL ENTER LANGUAGE=(null) in favor of command-line override
Starting PDF
******* UFST 7.01 ON ************
install_platform_overrides
[IMAGE]  -- colormodel: NPACOLORMODELCMYK
 stub_ps_op_currentsystemparams
   chaining up
   after
create_print_device_page (6400, 4900, 0, 0xe711c12c, 0, 0)
warning xiCreateInk: passed in colorenv is NULL
stub_ps_op_currentsystemparams
   chaining up
   after
stub_ps_op_currentsystemparams
   chaining up
   after
END OF PRINT.PS: *VM* Global=386068 Local=18021
END DEFINE RESOURCES:*VM* Global=469625 Local=54632
END STATUSDICT:*VM* Global=512919 Local=55952
pdls app 3011.010.20151030
Initialization complete.
Can't create directory ./fonts: File exists
create_print_device_page (6400, 4900, 0, 0xe711c12c, 0, 0)
warning xiCreateInk: passed in colorenv is NULL
stub_ps_op_currentsystemparams
   chaining up
   after
mark_platform_objects
BEFORE initial VMReclaim: *VM* Global=523600 Local=57786
AFTER	initial VMReclaim: *VM* Global=482872 Local=55952
[IMAGE]  -- colormodel: NPACOLORMODELCMYK
 create_print_device_page (6400, 4900, 0, 0xe711c12c, 0, 0)
warning xiCreateInk: passed in colorenv is NULL
PSwaitforjob() processing begins...
******* UFST 7.01 ON ************
[IMAGE]  -- colormodel: NPACOLORMODELCMYK
 create_print_device_page (6400, 4900, 0, 0xe711c12c, 0, 0)
warning xiCreateInk: passed in colorenv is NULL
platform_job_init
USEOLDPDF=0
Direct file job: /users/chritan/testcases/hello_lexmark.pdf
Opening PDF Direct-from-filesystem job: %systmp%DirectFromThumbDriveJob_27955
Length of PDF Direct-from-filesystem job: 612
Found Job boundary
PDF Direct File. Flushed 612 bytes from stdin
Printing Page #1, (3 0 R)
create_print_device_page (6400, 4900, 0, 0xe711c12c, 0, 0)
warning xiCreateInk: passed in colorenv is NULL
devpage : 0 rectregion, 0 imgregion, 0 trapregion, 0 trapthreshregion, 13 charbit, 0 picture
pdls[27955]: block_map_limit_complexity called without valid complexity control file.
Writing PSPAGE01.pam.gz - planes:4 bpp:4
create_print_device_page (6400, 4900, 0, 0xe711c12c, 0, 0)
-PDF Finished.
create_print_device_page (6400, 4900, 0, 0xe711c12c, 0, 0)
[IMAGE]  -- colormodel: NPACOLORMODELCMYK
 create_print_device_page (6400, 4900, 0, 0xe711c12c, 0, 0)
warning xiCreateInk: passed in colorenv is NULL


backend_start_job -- updating job env from defaults

PSwaitforjob() Kill recv'd, PDL exiting.
uninstall_platform_overrides
Memory Leak: 0x847331b:size=20
Memory Leak: 0x847333f:size=20
Memory Leak: 0x8473367:size=20
Memory Leak: 0xf750db63:size=272
Memory Leak: 0xf750db63:size=100
Memory Leak: 0xf750ca77:size=24
Memory Leak: 0xf750ca77:size=24
Memory Leak: 0x84732a2:size=40180
Memory Leak: 0x84733a3:size=262152
Memory Leak: 0xf750ca77:size=20
Memory Leak: 0xf750db63:size=100
Memory Leak: 0xf750db63:size=100
*** Reclaimed 303044 bytes
Tearing down the heap -- leak report may be innaccurate
----------------- tanch@trace_end: called....
[/bonus/scratch/tanch/pdls/app/main.c:631] => main
[/bonus/scratch/tanch/pdls/app/main.c:348] => make_getopt_optstring
[/bonus/scratch/tanch/pdls/app/main.c:369] => make_getopt_options
[/bonus/scratch/tanch/pdls/app/main.c:198] => pdls_look_up_interpreter
[/bonus/scratch/tanch/pdls/app/main.c:180] => match_pjlname
[/bonus/scratch/tanch/pdls/app/pdfglue.c:49] => pdls_pdf_init_control_block
[/bonus/scratch/tanch/pdls/pdf/pdfmain.c:172] => PDF_init_control_block
[/bonus/scratch/tanch/pdls/ps2/ps_font_interface.c:42] => ps_install_font_interface
[/bonus/scratch/tanch/pdls/app/main.c:390] => extract_checksum_filename
[/bonus/scratch/tanch/pdls/app/main.c:85] => check_file
[/bonus/scratch/tanch/pdls/app/main.c:572] => initialize_imager
[/bonus/scratch/tanch/pdls/cfs/cfs.c:399] => _cfs_prologue_no_cfstab
[/bonus/scratch/tanch/pdls/cfs/cfs.c:88] => _cfs_debug_enabled
[/bonus/scratch/tanch/pdls/cfs/cfs.c:307] => cfs_init
[/bonus/scratch/tanch/pdls/cfs/cfslinux.c:1938] => cfs_linux_get_dispatch
[/bonus/scratch/tanch/pdls/cfs/cfs.c:2822] => add_driver
[/bonus/scratch/tanch/pdls/cfs/cfsram.c:3087] => cfs_ram_get_dispatch
[/bonus/scratch/tanch/pdls/cfs/cfslinux.c:606] => cfs_linux_init
[/bonus/scratch/tanch/pdls/cfs/cfslinux.c:91] => update_devnames
[/bonus/scratch/tanch/pdls/cfs/cfsram.c:3046] => cfs_ram_init
[/bonus/scratch/tanch/pdls/cfs/cfslinux.c:308] => get_font_dir
[/bonus/scratch/tanch/pdls/cfs/cfslinux.c:132] => cfs_add_device
[/bonus/scratch/tanch/pdls/cfs/cfs.c:159] => cfs_SemGet
[/bonus/scratch/tanch/pdls/cfs/cfslinux.c:120] => find_device_mapping_by_name
[/bonus/scratch/tanch/pdls/cfs/cfs.c:154] => cfs_SemRelease
[/bonus/scratch/tanch/pdls/cfs/cfs.c:2307] => cfs_mount
[/bonus/scratch/tanch/pdls/cfs/cfs.c:2776] => valid_mdevice
[/bonus/scratch/tanch/pdls/cfs/cfs.c:2859] => known_device
[/bonus/scratch/tanch/pdls/cfs/cfslinux.c:1282] => cfs_linux_mount
[/bonus/scratch/tanch/pdls/cfs/cfsram.c:1679] => ram_mount
[/bonus/scratch/tanch/pdls/cfs/cfsram.c:2920] => mallocBlock
[/bonus/scratch/tanch/pdls/ufst4/callback.c:210] => ufstinit
[/bonus/scratch/tanch/pdls/ufst4/fr_glue.c:37] => fr_malloc
[/bonus/scratch/tanch/pdls/cfs/cfs.c:657] => cfs_open
[/bonus/scratch/tanch/pdls/cfs/cfs.c:451] => get_fd
[/bonus/scratch/tanch/pdls/cfs/cfs.c:589] => already_open
[/bonus/scratch/tanch/pdls/cfs/cfs.c:438] => finalize_fd
[/bonus/scratch/tanch/pdls/cfs/cfslinux.c:627] => cfs_linux_open
[/bonus/scratch/tanch/pdls/cfs/cfslinux_password.c:370] => cfs_linux_check_device_password
[/bonus/scratch/tanch/pdls/cfs/cfslinux_password.c:180] => cfs_update_device_password_flags
[/bonus/scratch/tanch/pdls/cfs/cfslinux.c:281] => cfs_linux_get_directory
[/bonus/scratch/tanch/pdls/cfs/cfslinux.c:377] => limit_filename
[/bonus/scratch/tanch/pdls/cfs/cfslinux.c:265] => cfs_linux_build_real_path
[/bonus/scratch/tanch/pdls/cfs/cfslinux_password.c:1513] => cfs_linux_check_password_for_open
[/bonus/scratch/tanch/pdls/cfs/cfs.c:1859] => cfs_fstat
[/bonus/scratch/tanch/pdls/cfs/cfs.c:2086] => cfs_reveal
[/bonus/scratch/tanch/pdls/cfs/cfs.c:533] => valid_fd
[/bonus/scratch/tanch/pdls/cfs/cfslinux.c:799] => cfs_linux_reveal
[/bonus/scratch/tanch/pdls/cfs/cfslinux.c:540] => cached_mmap
[/bonus/scratch/tanch/pdls/ufst4/fr_glue.c:60] => fr_free
[/bonus/scratch/tanch/pdls/app/main.c:513] => gather_all_files
[/bonus/scratch/tanch/pdls/app/main.c:472] => run_all_jobs
[/bonus/scratch/tanch/pdls/app/iapi_from_stream.c:725] => startInterpreter
[/bonus/scratch/tanch/pdls/app/iapi_from_stream.c:564] => iapi_from_stream_init
[/bonus/scratch/tanch/pdls/app/backend.c:1497] => backend_get_default_resolution
[/bonus/scratch/tanch/pdls/app/backend.c:1453] => backend_get_default
[/bonus/scratch/tanch/pdls/app/graphenglue.c:47] => pdls_get_graphen_device
[/bonus/scratch/tanch/pdls/app/backend.c:1433] => backend_set_default
[/bonus/scratch/tanch/pdls/app/graphenglue.c:168] => pdls_device_set_color_trapping
[/bonus/scratch/tanch/pdls/app/graphenglue.c:380] => pdls_device_set_checksum_string
[/bonus/scratch/tanch/pdls/app/iapi_from_stream.c:633] => iapi_from_stream_init_iapi_context
[/bonus/scratch/tanch/pdls/app/backend.c:1239] => init_settings
[/bonus/scratch/tanch/pdls/app/backend.c:1153] => add_setting
[/bonus/scratch/tanch/pdls/app/backend.c:105] => backend_add_tray_info
[/bonus/scratch/tanch/pdls/app/backend.c:1221] => set_npa_persistent_int
[/bonus/scratch/tanch/pdls/app/backend.c:796] => set_npa_persistent_value
[/bonus/scratch/tanch/pdls/app/backend.c:170] => backend_add_bin_info
[/bonus/scratch/tanch/pdls/app/backend.c:1134] => init_backend
[/bonus/scratch/tanch/pdls/app/backend.c:1411] => backend_set_filename
[/bonus/scratch/tanch/pdls/app/iapi_from_stream.c:299] => start_job
[/bonus/scratch/tanch/pdls/app/backend.c:1331] => backend_start_job
[/bonus/scratch/tanch/pdls/app/backend.c:1208] => get_npa_persistent_int
[/bonus/scratch/tanch/pdls/app/backend.c:778] => get_npa_persistent_value
[/bonus/scratch/tanch/pdls/app/backend.c:1308] => copy_property
[/bonus/scratch/tanch/pdls/app/backend.c:1322] => update_env
[/bonus/scratch/tanch/pdls/app/backend.c:757] => set_npa_job_value
[/bonus/scratch/tanch/pdls/app/backend.c:684] => handle_interesting_set
[/bonus/scratch/tanch/pdls/app/backend.c:237] => update_print_env
[/bonus/scratch/tanch/pdls/app/graphenglue.c:207] => pdls_device_set_enhance_type
[/bonus/scratch/tanch/pdls/app/graphenglue.c:186] => xlate_small_font_enhance_type
[/bonus/scratch/tanch/pdls/app/backend.c:635] => colormodel_set
[/bonus/scratch/tanch/pdls/app/backend.c:586] => is_valid_color_model
[/bonus/scratch/tanch/pdls/app/graphenglue.c:138] => pdls_device_supports_color
[/bonus/scratch/tanch/pdls/app/backend.c:523] => universal_size_set
[/bonus/scratch/tanch/pdls/app/backend.c:1183] => get_npa_job_int
[/bonus/scratch/tanch/pdls/app/backend.c:722] => get_npa_job_value
[/bonus/scratch/tanch/pdls/app/backend.c:657] => handle_interesting_get
[/bonus/scratch/tanch/pdls/app/backend.c:321] => query_print_env
[/bonus/scratch/tanch/pdls/app/backend.c:554] => universal_orientation_set
[/bonus/scratch/tanch/pdls/app/backend.c:193] => handle_iet_settings
[/bonus/scratch/tanch/pdls/app/graphenglue.c:154] => pdls_device_set_bit_depth
[/bonus/scratch/tanch/pdls/app/backend.c:1197] => set_npa_job_int
[/bonus/scratch/tanch/pdls/app/iapi_from_stream.c:672] => prime_buffer_and_strip_pjl
[/bonus/scratch/tanch/pdls/app/iapi_from_stream.c:281] => fill_buffer
[/bonus/scratch/tanch/pdls/app/iapi_from_stream.c:331] => handle_and_strip_pjl
[/bonus/scratch/tanch/pdls/app/pjlhandlers.c:547] => pdls_get_mini_pjl_handlers
[/bonus/scratch/tanch/pdls/app/minipjl.c:271] => mini_pjl_parse_pjl_from_buffer
[/bonus/scratch/tanch/pdls/app/minipjl.c:30] => find_substr_offset
[/bonus/scratch/tanch/pdls/app/iapi_from_stream.c:169] => add_interpreter
[/bonus/scratch/tanch/pdls/app/iapi_from_stream.c:161] => init_interpreter_list
[/bonus/scratch/tanch/pdls/app/pdfglue.c:22] => pdls_pdf_iapi_start
[/bonus/scratch/tanch/pdls/app/iapi_from_stream.c:662] => iapi_from_stream_set_job_mime_type
[/bonus/scratch/tanch/pdls/app/backend.c:1420] => backend_set_job_mime_type
[/bonus/scratch/tanch/pdls/ps2/p_plugin.c:74] => psPluginNew
[/bonus/scratch/tanch/pdls/app/psglue.c:868] => pdls_ps_glue_init
[/bonus/scratch/tanch/pdls/ps2/p_trace.c:59] => psTraceInit
[/bonus/scratch/tanch/pdls/ps2/p_plugin.c:314] => psPluginAddHook
[/bonus/scratch/tanch/pdls/pdf/pdfmain.c:157] => PDF_iapi_start
[/bonus/scratch/tanch/pdls/ps2/ps2context.c:72] => createPS2Context
[/bonus/scratch/tanch/pdls/ps2/ps2context.c:60] => getPS2Context
[/bonus/scratch/tanch/pdls/ps2/ps2context.c:40] => update_subemuls
[/bonus/scratch/tanch/pdls/ps2/p_subemul.c:221] => ps_get_sub_emulation_enabled
[/bonus/scratch/tanch/pdls/ps2/p_subemul.c:14] => directimage_present
[/bonus/scratch/tanch/pdls/pdf/pdfmain.c:196] => pdf_present
[/bonus/scratch/tanch/pdls/html/htmlmain.c:294] => html_present
[/bonus/scratch/tanch/pdls/ps2/p_ps.c:1360] => PsStart
[/bonus/scratch/tanch/pdls/ufst4/callback.c:363] => ufst_create
[/bonus/scratch/tanch/pdls/ps2/p_debug.h:101] => psDebugLog
[/bonus/scratch/tanch/pdls/ps2/p_debug.c:181] => psDebugLogWithContext
[/bonus/scratch/tanch/pdls/ps2/p_debug.c:326] => psDebugLogPreTrigger
[/bonus/scratch/tanch/pdls/ps2/p_debug.c:83] => BreakOnPsUp
[/bonus/scratch/tanch/pdls/stubs/biostime.c:34] => pdls_stub_get_time
[/bonus/scratch/tanch/pdls/ps2/p_debug.c:375] => psDebugLogPostTrigger
[/bonus/scratch/tanch/pdls/ps2/p_ps.c:1496] => Init_Statics_and_Globals
[/bonus/scratch/tanch/pdls/ps2/p_device.c:792] => Init_p_device_Statics_and_Globals
[/bonus/scratch/tanch/pdls/ps2/p_device.c:266] => PsMakePicture
[/bonus/scratch/tanch/pdls/ps2/p_dict.c:4304] => Init_p_dict_Statics_and_Globals
[/bonus/scratch/tanch/pdls/ps2/p_dparam.c:2697] => Init_p_dparam_Statics_and_Globals
[/bonus/scratch/tanch/pdls/ps2/p_error.c:939] => Init_p_error_Statics_and_Globals
[/bonus/scratch/tanch/pdls/ps2/p_file.c:5573] => Init_p_file_Statics_and_Globals
[/bonus/scratch/tanch/pdls/ps2/p_font.c:593] => Init_p_font_Statics_and_Globals
[/bonus/scratch/tanch/pdls/ps2/p_fontf1.c:1674] => Init_p_fontf1_Statics_and_Globals
[/bonus/scratch/tanch/pdls/ps2/p_forms.c:1361] => Init_p_forms_Statics_and_Globals
[/bonus/scratch/tanch/pdls/ps2/p_gstate.c:5105] => Init_p_gstate_Statics_and_Globals
[/bonus/scratch/tanch/pdls/ps2/p_hash.c:1323] => Init_p_hash_Statics_and_Globals
[/bonus/scratch/tanch/pdls/ps2/p_image.c:7407] => Init_p_image_Statics_and_Globals
[/bonus/scratch/tanch/pdls/ps2/p_show.c:235] => Init_p_show_Statics_and_Globals
[/bonus/scratch/tanch/pdls/ps2/p_l2grph.c:4124] => Init_p_l2grph_Statics_and_Globals
[/bonus/scratch/tanch/pdls/ps2/p_pack.c:130] => Init_p_pack_Statics_and_Globals
[/bonus/scratch/tanch/pdls/ps2/p_pparms.c:11427] => Init_p_pparms_Statics_and_Globals
[/bonus/scratch/tanch/pdls/ps2/p_pparms2.c:7896] => Init_p_pparms2_Statics_and_Globals
[/bonus/scratch/tanch/pdls/ps2/p_pattrn.c:2207] => Init_p_pattrn_Statics_and_Globals
[/bonus/scratch/tanch/pdls/ps2/p_ps.c:1484] => Init_p_ps_Statics_and_Globals
[/bonus/scratch/tanch/pdls/ps2/p_stacks.c:163] => Init_p_stacks_Statics_and_Globals
[/bonus/scratch/tanch/pdls/ps2/p_sysif.c:2421] => Init_p_sysif_Statics_and_Globals
[/bonus/scratch/tanch/pdls/ps2/p_vm.c:642] => Init_p_vm_Statics_and_Globals
[/bonus/scratch/tanch/pdls/ps2/p_vmrec.c:792] => Init_p_vmrec_Statics_and_Globals
[/bonus/scratch/tanch/pdls/ps2/p_binobj.c:54] => Init_p_binobj_Statics_and_Globals
[/bonus/scratch/tanch/pdls/ps2/p_resrce.c:77] => Init_p_resrce_Statics_and_Globals
[/bonus/scratch/tanch/pdls/ps2/p_contrl.c:2857] => Init_p_contrl_Statics_and_Globals
[/bonus/scratch/tanch/pdls/ps2/p_compil.c:187] => Init_p_compil_Statics_and_Globals
[/bonus/scratch/tanch/pdls/ps2/p_profil.c:60] => Init_p_profil_Statics_and_Globals
[/bonus/scratch/tanch/pdls/ps2/p_l3grph.c:4136] => Init_p_l3grph_Statics_and_Globals
[/bonus/scratch/tanch/pdls/ps2/p_cmap.c:1073] => Init_p_cmap_Statics_and_Globals
[/bonus/scratch/tanch/pdls/ps2/p_shading.c:3903] => Init_p_shading_Statics_and_Globals
[/bonus/scratch/tanch/pdls/ps2/p_token.c:3374] => Init_p_token_Statics_and_Globals
[/bonus/scratch/tanch/pdls/ps2/ps2context.c:113] => updatePS2Context
[/bonus/scratch/tanch/pdls/app/iapi_from_stream.c:520] => get_pal_context
[/bonus/scratch/tanch/pdls/app/backend.c:1072] => get_info_value
[/bonus/scratch/tanch/pdls/ps2/p_subemul.c:184] => ps_job_mode_from_mime_type
[/bonus/scratch/tanch/pdls/ps2/p_sysif.c:658] => sysinit
[/bonus/scratch/tanch/pdls/ps2/p_gendec.c:205] => PostScript_InitMode
[/bonus/scratch/tanch/pdls/ps2/p_ps.c:1144] => PostInit
[/bonus/scratch/tanch/pdls/ps2/p_file.c:576] => InitPSfileDirectory
[/bonus/scratch/tanch/pdls/ps2/p_file.c:449] => PsStdInCapture_ReadConfig
[/bonus/scratch/tanch/pdls/ps2/webdebug/cfgfile.c:489] => CfgFileGetInt
[/bonus/scratch/tanch/pdls/ps2/webdebug/cfgfile.c:379] => CfgFileGetString
[/bonus/scratch/tanch/pdls/ps2/webdebug/cfgfile.c:160] => CfgFileLoad
[/bonus/scratch/tanch/pdls/ps2/webdebug/cfgfile.c:117] => CfgFileOpen
[/bonus/scratch/tanch/pdls/ps2/webdebug/cfgfile.c:65] => CfgFileFindAndOpen
[/bonus/scratch/tanch/pdls/ps2/p_vm.c:729] => MallocSaveStack
[/bonus/scratch/tanch/pdls/ps2/p_uparam.c:328] => PORinit_userparams
[/bonus/scratch/tanch/pdls/ps2/p_sparam.c:488] => GetSystemParam_int
[/bonus/scratch/tanch/pdls/common/palutil.c:231] => pdls_get_jobenv_int
[/bonus/scratch/tanch/pdls/common/palutil.c:185] => handle_pal_return_code
[/bonus/scratch/tanch/pdls/common/palutil.c:169] => warn_about_pal_stuff
[/bonus/scratch/tanch/pdls/common/palutil.c:247] => pdls_get_persistent_int
[/bonus/scratch/tanch/pdls/common/palutil.c:644] => set_jobenv_int
[/bonus/scratch/tanch/pdls/ps2/p_uparam.c:1252] => SetUserParam_default
[/bonus/scratch/tanch/pdls/ps2/p_uparam.c:920] => SetUserParam_int
[/bonus/scratch/tanch/pdls/ps2/p_vm.c:1023] => vm_init
[/bonus/scratch/tanch/pdls/ps2/p_vmrec.c:7211] => NewVMBlockTable
[/bonus/scratch/tanch/pdls/ps2/p_vmrec.c:807] => GCInit
[/bonus/scratch/tanch/pdls/ps2/p_vmrec.c:3320] => VMInitGCStack
[/bonus/scratch/tanch/pdls/ps2/p_vm.c:1743] => vm_expand
[/bonus/scratch/tanch/pdls/ps2/p_vm.c:575] => PSFillWithTrash
[/bonus/scratch/tanch/pdls/ps2/p_vmrec.c:7338] => AddVMBlockToTable
[/bonus/scratch/tanch/pdls/ps2/p_stacks.c:200] => Stack_Init
[/bonus/scratch/tanch/pdls/ps2/p_hash.c:242] => ht_init
[/bonus/scratch/tanch/pdls/ps2/p_build.c:3174] => Build
[/bonus/scratch/tanch/pdls/ps2/p_plugin.c:336] => psPluginCallHooks
[/bonus/scratch/tanch/pdls/ps2/p_build.c:2723] => CheckBuiltinsTable
[/bonus/scratch/tanch/pdls/ps2/p_hash.c:448] => ht_add_builtin
[/bonus/scratch/tanch/pdls/ps2/p_hash.c:288] => _hash
[/bonus/scratch/tanch/pdls/ps2/p_vm.c:1367] => ps_Malloc
[/bonus/scratch/tanch/pdls/ps2/p_vm.c:1179] => vm_psobj_len
[/bonus/scratch/tanch/pdls/ps2/p_vm.c:1244] => vm_psobj_align
[/bonus/scratch/tanch/pdls/ps2/p_vm.c:1562] => vm_allocate2
[/bonus/scratch/tanch/pdls/ps2/p_hash.c:376] => KeyMatch
[/bonus/scratch/tanch/pdls/ps2/p_build.c:2873] => BuildSystemdict
[/bonus/scratch/tanch/pdls/ps2/p_dict.c:321] => GlobalNewDict
[/bonus/scratch/tanch/pdls/ps2/p_vm.c:4660] => Dosetglobal
[/bonus/scratch/tanch/pdls/ps2/p_font.c:2750] => switch_font_dir
[/bonus/scratch/tanch/pdls/ps2/p_object.c:246] => objFormatDictHeader
[/bonus/scratch/tanch/pdls/ps2/p_object.c:198] => objFormatDictionary
[/bonus/scratch/tanch/pdls/ps2/p_dict.c:1226] => SearchAndPutToDict
[/bonus/scratch/tanch/pdls/ps2/p_dict.c:372] => SearchDict
[/bonus/scratch/tanch/pdls/ps2/p_dict.c:1032] => AddNewEntry
[/bonus/scratch/tanch/pdls/ps2/p_build.c:2813] => AddOpersToDict
[/bonus/scratch/tanch/pdls/ps2/p_build.c:2801] => AddToDict
[/bonus/scratch/tanch/pdls/ps2/p_dict.c:1140] => AddToTopDict
[/bonus/scratch/tanch/pdls/ps2/p_hash.c:826] => ht_get
[/bonus/scratch/tanch/pdls/ps2/p_hash.c:577] => ht_def
[/bonus/scratch/tanch/pdls/ps2/p_build.c:2698] => BuildAddBuiltinToTopDict
[/bonus/scratch/tanch/pdls/ps2/p_sysif.c:1451] => getProductName
[/bonus/scratch/tanch/pdls/common/palutil.c:744] => get_persistent_string
[/bonus/scratch/tanch/pdls/common/palutil.c:697] => get_pal_string
[/bonus/scratch/tanch/pdls/ps2/p_dict.c:292] => NewDict
[/bonus/scratch/tanch/pdls/ps2/p_build.c:2681] => BuildAddToTopDict
[/bonus/scratch/tanch/pdls/ps2/p_build.c:3063] => BuildStatusdict
[/bonus/scratch/tanch/pdls/ps2/p_vm.c:4730] => Setvmbase
[/bonus/scratch/tanch/pdls/ps2/p_build.c:3124] => BuildInternaldict
[/bonus/scratch/tanch/pdls/ps2/p_dict.c:782] => GetUndefItem
[/bonus/scratch/tanch/pdls/ps2/p_dict.c:844] => ExpandDict
[/bonus/scratch/tanch/pdls/ps2/p_object.c:283] => GetFileAccess
[/bonus/scratch/tanch/pdls/app/psglue.c:818] => install_platform_overrides
[/bonus/scratch/tanch/pdls/ps2/p_plugin.c:107] => psPluginAddOperHookByString
[/bonus/scratch/tanch/pdls/ps2/p_hash.c:659] => ht_find
[/bonus/scratch/tanch/pdls/ps2/p_plugin.c:130] => psPluginAddOperatorHookByIndex
[/bonus/scratch/tanch/pdls/common/barcodeutil.c:23] => pdls_get_barcode_factory
[/bonus/scratch/tanch/pdls/ps2/p_gstate.c:1618] => initGstate
[/bonus/scratch/tanch/pdls/ps2/p_device.c:458] => CopyDevice
[/bonus/scratch/tanch/pdls/ps2/p_pparms.c:2847] => PORinit_pagedevice
[/bonus/scratch/tanch/pdls/stubs/psconfig.c:836] => psconfig_get_id_for_pal_context
[/bonus/scratch/tanch/pdls/ps2/p_sysif.c:1564] => ModifyJobState
[/bonus/scratch/tanch/pdls/ps2/p_job.c:736] => PSgetJobInfo
[/bonus/scratch/tanch/pdls/stubs/psconfig.c:825] => psconfig_get_for_device
[/bonus/scratch/tanch/pdls/stubs/psconfig.c:760] => load_psconfig
[/bonus/scratch/tanch/pdls/stubs/psconfig.c:48] => init_device_0
[/bonus/scratch/tanch/pdls/stubs/psconfig.c:753] => next_path_part
[/bonus/scratch/tanch/pdls/ps2/p_pparms.c:1826] => PORinit_IAPriority
[/bonus/scratch/tanch/pdls/ps2/p_pparms.c:5157] => LoadInternalIAPriority
[/bonus/scratch/tanch/pdls/ps2/p_pparms.c:5049] => LoadInternalPriorityArray
[/bonus/scratch/tanch/pdls/ps2/p_object.c:528] => checknumericarray
[/bonus/scratch/tanch/pdls/ps2/p_pparms.c:2087] => init_pagedevice
[/bonus/scratch/tanch/pdls/ps2/p_pparms.c:2047] => Handle1200dpiBanner
[/bonus/scratch/tanch/pdls/ps2/p_pparms2.c:1507] => ModifyResolution
[/bonus/scratch/tanch/pdls/ps2/p_pparms.c:1630] => map_tray
[/bonus/scratch/tanch/pdls/ps2/p_pparms.c:1938] => rebuildPriorityArray
[/bonus/scratch/tanch/pdls/ps2/p_pparms.c:1813] => source_installed
[/bonus/scratch/tanch/pdls/common/palutil.c:518] => isTrayInstalled
[/bonus/scratch/tanch/pdls/app/backend.c:1052] => create_tray_list
[/bonus/scratch/tanch/pdls/app/backend.c:1004] => add_tray
[/bonus/scratch/tanch/pdls/common/media_utils.c:434] => get_media_info
[/bonus/scratch/tanch/pdls/app/backend.c:884] => create_paper_dict
[/bonus/scratch/tanch/pdls/app/backend.c:834] => is_resolution_supported
[/bonus/scratch/tanch/pdls/app/backend.c:817] => find_paper_info
[/bonus/scratch/tanch/pdls/common/media_utils.c:393] => paper_dict_to_media_info
[/bonus/scratch/tanch/pdls/common/media_utils.c:309] => pdls_size_is_envelope
[/bonus/scratch/tanch/pdls/common/media_utils.c:368] => pdls_feed_orient_from_pal
[/bonus/scratch/tanch/pdls/common/media_utils.c:110] => set_ps_page_size
[/bonus/scratch/tanch/pdls/common/media_utils.c:262] => set_pcl_pixoffs
[/bonus/scratch/tanch/pdls/ps2/p_pparms.c:1406] => SetMediaType
[/bonus/scratch/tanch/pdls/ps2/p_pparms.c:1400] => MapMediaTypeEnumToString
[/bonus/scratch/tanch/pdls/common/palutil.c:142] => PaperTypeEnumToString
[/bonus/scratch/tanch/pdls/app/backend.c:985] => create_bin_list
[/bonus/scratch/tanch/pdls/app/backend.c:966] => add_bin
[/bonus/scratch/tanch/pdls/ps2/p_sysif.c:1505] => bin_installed
[/bonus/scratch/tanch/pdls/common/palutil.c:735] => get_jobenv_string
[/bonus/scratch/tanch/pdls/ps2/p_build.c:3161] => setpoundcopies
[/bonus/scratch/tanch/pdls/ps2/p_sysif.c:1438] => setmanualfeedtimeout
[/bonus/scratch/tanch/pdls/common/palutil.c:754] => pdls_get_jobenv_double
[/bonus/scratch/tanch/pdls/ps2/p_pparms2.c:1558] => convertNVNupToNup
[/bonus/scratch/tanch/pdls/ps2/p_job.c:767] => PSgetSeparatorSheetJobValue
[/bonus/scratch/tanch/pdls/app/backend.c:603] => colormodel_get
[/bonus/scratch/tanch/pdls/ps2/p_hlfton.c:391] => PORinitHalftoneSet
[/bonus/scratch/tanch/pdls/ps2/p_hlfton.c:482] => ClearHalftoneSet
[/bonus/scratch/tanch/pdls/ps2/p_color.c:2968] => initGstateLUT
[/bonus/scratch/tanch/pdls/ps2/p_build.c:2660] => GetBuiltinName
[/bonus/scratch/tanch/pdls/ps2/p_gstate.c:1566] => initgraphics1
[/bonus/scratch/tanch/pdls/ps2/p_gstate.c:1533] => resetGstateFillRender
[/bonus/scratch/tanch/pdls/ps2/p_gstate.c:1549] => resetGstateStrokeRender
[/bonus/scratch/tanch/pdls/ps2/p_color.c:2131] => Color_Init
[/bonus/scratch/tanch/pdls/ps2/p_color.c:1339] => Color_SetGrayValue
[/bonus/scratch/tanch/pdls/ps2/p_color.c:1782] => psGetInk
[/bonus/scratch/tanch/pdls/ps2/p_color.c:1177] => GetPScolorenv
[/bonus/scratch/tanch/pdls/ps2/p_color.c:483] => get_pscolorenv_from_linked_list
[/bonus/scratch/tanch/pdls/ps2/p_cie.c:2753] => CIE_copy_PDFspace
[/bonus/scratch/tanch/pdls/ps2/p_color.c:562] => add_pscolorenv_to_linked_list
[/bonus/scratch/tanch/pdls/ps2/p_hlfton.c:3029] => Halftone_Dither
[/bonus/scratch/tanch/pdls/ps2/p_color.c:1861] => setnewInk
[/bonus/scratch/tanch/pdls/ps2/p_l2colr.c:449] => L2colr_GetBaseinkmodel
[/bonus/scratch/tanch/pdls/ps2/p_color.c:1599] => Color_installcolorxforms
[/bonus/scratch/tanch/pdls/ps2/p_hlfton.c:3814] => Halftone_CurrentScreenID
[/bonus/scratch/tanch/pdls/ps2/p_color.c:746] => KillCenv
[/bonus/scratch/tanch/pdls/ps2/p_color.c:590] => DeleteCenv
[/bonus/scratch/tanch/pdls/ps2/p_l2colr.c:337] => L2colr_num_color_components
[/bonus/scratch/tanch/pdls/ps2/p_gstate.c:1474] => fixlinestyle
[/bonus/scratch/tanch/pdls/ps2/p_fontinit.c:110] => _ps_init_fonts
[/bonus/scratch/tanch/pdls/ps2/p_fontinit.c:157] => ReadDirectory
[/bonus/scratch/tanch/pdls/cfs/cfs.c:818] => cfs_openunix
[/bonus/scratch/tanch/pdls/cfs/cfs.c:560] => cfs_open1
[/bonus/scratch/tanch/pdls/cfs/cfs.c:2719] => cfs_gets
[/bonus/scratch/tanch/pdls/cfs/cfs.c:1978] => cfs_read
[/bonus/scratch/tanch/pdls/cfs/cfslinux.c:775] => cfs_linux_read
[/bonus/scratch/tanch/pdls/cfs/cfs.c:2176] => cfs_seek
[/bonus/scratch/tanch/pdls/ps2/p_fontinit.c:429] => tokcpy
[/bonus/scratch/tanch/pdls/ps2/p_fontinit.c:253] => RegisterHandler
[/bonus/scratch/tanch/pdls/cfs/cfs.c:929] => cfs_close
[/bonus/scratch/tanch/pdls/cfs/cfslinux.c:754] => cfs_linux_close
[/bonus/scratch/tanch/pdls/cfs/cfs.c:499] => release_fd
[/bonus/scratch/tanch/pdls/cfs/cfs.c:369] => cfs_prologue
[/bonus/scratch/tanch/pdls/ps2/p_l2grph.c:3503] => InitUserPathCache
[/bonus/scratch/tanch/pdls/ps2/p_forms.c:1372] => InitFormsCache
[/bonus/scratch/tanch/pdls/ps2/p_pattrn.c:2222] => Pattern_InitCache
[/bonus/scratch/tanch/pdls/cfs/cfs.c:1020] => cfs_control
[/bonus/scratch/tanch/pdls/cfs/cfslinux.c:1665] => cfs_linux_control
[/bonus/scratch/tanch/pdls/cfs/cfslinux_password.c:1011] => cfs_linux_declare_file_password
[/bonus/scratch/tanch/pdls/cfs/cfslinux_password.c:1224] => cfs_linux_update_password
[/bonus/scratch/tanch/pdls/cfs/cfslinux_password.c:87] => cfs_set_file_permisssion
[/bonus/scratch/tanch/pdls/ps2/p_file.c:1593] => PS_FileOpen
[/bonus/scratch/tanch/pdls/ps2/p_file.c:732] => GetPSfile
[/bonus/scratch/tanch/pdls/ps2/p_file.c:1228] => PS_OpenCFSFile
[/bonus/scratch/tanch/pdls/cfs/cfs.c:1924] => cfs_ofstat
[/bonus/scratch/tanch/pdls/cfs/cfslinux_password.c:1754] => cfs_linux_reset_file_passwords
[/bonus/scratch/tanch/pdls/ps2/p_ps.c:977] => CallExecute
[/bonus/scratch/tanch/pdls/ps2/p_ps.c:545] => Execute
[/bonus/scratch/tanch/pdls/ps2/p_scan.c:237] => scan_object
[/bonus/scratch/tanch/pdls/ps2/p_token.c:3152] => scan_token
[/bonus/scratch/tanch/pdls/ps2/p_token.c:505] => skip_space
[/bonus/scratch/tanch/pdls/ps2/p_token.c:1464] => NAME
[/bonus/scratch/tanch/pdls/ps2/p_hash.c:950] => ht_getobject
[/bonus/scratch/tanch/pdls/ps2/p_file.c:2711] => PS_UnreadChar
[/bonus/scratch/tanch/pdls/ps2/p_ps.c:340] => debug_execute
[/bonus/scratch/tanch/pdls/ps2/p_plugin.c:243] => psPluginCallOperObj
[/bonus/scratch/tanch/pdls/ps2/p_dict.c:1744] => PSbegin
[/bonus/scratch/tanch/pdls/ps2/p_token.c:475] => next_char
[/bonus/scratch/tanch/pdls/ps2/p_token.c:1513] => LITERAL_NAME
[/bonus/scratch/tanch/pdls/ps2/p_token.c:576] => add_1st_digits
[/bonus/scratch/tanch/pdls/ps2/p_token.c:592] => add_digits
[/bonus/scratch/tanch/pdls/ps2/p_dict.c:4067] => PSinternaldict
[/bonus/scratch/tanch/pdls/ps2/p_dict.c:2030] => PSdef
[/bonus/scratch/tanch/pdls/ps2/p_token.c:1700] => LEFT_BRACE
[/bonus/scratch/tanch/pdls/ps2/p_token.c:1720] => RIGHT_BRACE
[/bonus/scratch/tanch/pdls/ps2/p_stacks.c:646] => CountOperToExecutableMark
[/bonus/scratch/tanch/pdls/ps2/p_vm.c:2087] => vmImmedReclaim
[/bonus/scratch/tanch/pdls/ps2/p_vmrec.c:6409] => FindVMBlock
[/bonus/scratch/tanch/pdls/ps2/p_contrl.c:2029] => PSbind
[/bonus/scratch/tanch/pdls/ps2/p_contrl.c:1922] => BindIt
[/bonus/scratch/tanch/pdls/ps2/p_idiom.c:43] => FindIdiom
[/bonus/scratch/tanch/pdls/ps2/p_dict.c:581] => getValueByString
[/bonus/scratch/tanch/pdls/ps2/p_idiom.c:68] => SearchForIdiomInOneResourceDict
[/bonus/scratch/tanch/pdls/ps2/p_compil.c:351] => CompileProc
[/bonus/scratch/tanch/pdls/ps2/p_token.c:1368] => DO_PS_STRING
[/bonus/scratch/tanch/pdls/ps2/p_vm.c:1921] => vm_get_temp_space
[/bonus/scratch/tanch/pdls/ps2/p_vm.c:1296] => vm_psobj_adj
[/bonus/scratch/tanch/pdls/ps2/p_contrl.c:570] => PSeq
[/bonus/scratch/tanch/pdls/ps2/p_contrl.c:1141] => PSor
[/bonus/scratch/tanch/pdls/ps2/p_contrl.c:1333] => PSif
[/bonus/scratch/tanch/pdls/ps2/p_file.c:5506] => PScurrentfilenameextend
[/bonus/scratch/tanch/pdls/ps2/p_file.c:5555] => PSsetfilenameextend
[/bonus/scratch/tanch/pdls/ps2/p_dict.c:1920] => PSend
[/bonus/scratch/tanch/pdls/ps2/p_hash.c:986] => ht_undef
[/bonus/scratch/tanch/pdls/ps2/p_dict.c:2627] => PSget
[/bonus/scratch/tanch/pdls/ps2/p_dict.c:547] => getValueByKey
[/bonus/scratch/tanch/pdls/ps2/p_contrl.c:1284] => PSexec
[/bonus/scratch/tanch/pdls/ps2/p_dparam.c:1626] => PSdevcontrol
[/bonus/scratch/tanch/pdls/ps2/p_dparam.c:1104] => makeCdevname
[/bonus/scratch/tanch/pdls/ps2/p_file.c:1063] => makeCname
[/bonus/scratch/tanch/pdls/ps2/p_oper.c:198] => PSpop
[/bonus/scratch/tanch/pdls/ps2/p_file.c:3381] => PSfile
[/bonus/scratch/tanch/pdls/ps2/p_file.c:1157] => GetAccess
[/bonus/scratch/tanch/pdls/ps2/p_attrib.c:205] => PScvx
[/bonus/scratch/tanch/pdls/ps2/p_vm.c:4763] => PScurrentglobal
[/bonus/scratch/tanch/pdls/ps2/p_vm.c:4610] => PSsetglobal
[/bonus/scratch/tanch/pdls/ps2/p_pack.c:784] => PSsetpacking
[/bonus/scratch/tanch/pdls/ps2/p_dict.c:1566] => PSdict
[/bonus/scratch/tanch/pdls/ps2/p_token.c:1560] => IMMED_NAME
[/bonus/scratch/tanch/pdls/ps2/p_file.c:5549] => PS_FileIsPdfJobData
[/bonus/scratch/tanch/pdls/ps2/p_token.c:1292] => decode_digraph
[/bonus/scratch/tanch/pdls/ps2/p_dict.c:3392] => PScurrentdict
[/bonus/scratch/tanch/pdls/ps2/p_oper.c:243] => PSexch
[/bonus/scratch/tanch/pdls/ps2/p_token.c:1126] => HEX_STRING
[/bonus/scratch/tanch/pdls/ps2/p_oper.c:924] => PSmark
[/bonus/scratch/tanch/pdls/ps2/p_stacks.c:277] => ExpandOperStack
[/bonus/scratch/tanch/pdls/ps2/p_token.c:1649] => RIGHT_ANGLE
[/bonus/scratch/tanch/pdls/ps2/p_dict.c:3942] => makedict
[/bonus/scratch/tanch/pdls/ps2/p_dict.c:482] => getValueNDXByKey
[/bonus/scratch/tanch/pdls/ps2/p_dict.c:431] => NewSearchDict
[/bonus/scratch/tanch/pdls/ps2/p_attrib.c:316] => PSreadonly
[/bonus/scratch/tanch/pdls/ps2/p_token.c:1740] => LEFT_BRACKET
[/bonus/scratch/tanch/pdls/ps2/p_token.c:1759] => RIGHT_BRACKET
[/bonus/scratch/tanch/pdls/ps2/p_oper.c:2620] => endarray
[/bonus/scratch/tanch/pdls/ps2/p_oper.c:303] => PSdup
[/bonus/scratch/tanch/pdls/ps2/p_token.c:558] => add_sign
[/bonus/scratch/tanch/pdls/ps2/p_dict.c:3829] => PSundef
[/bonus/scratch/tanch/pdls/ps2/p_dict.c:3880] => DOundef
[/bonus/scratch/tanch/pdls/ps2/p_dict.c:742] => FindSaveItem
[/bonus/scratch/tanch/pdls/ps2/p_token.c:695] => add_1st_decpt
[/bonus/scratch/tanch/pdls/ps2/p_token.c:711] => add_decpt
[/bonus/scratch/tanch/pdls/ps2/p_token.c:728] => add_fraction
[/bonus/scratch/tanch/pdls/ps2/p_token.c:1081] => REAL
[/bonus/scratch/tanch/pdls/ps2/p_token.c:490] => add_char
[/bonus/scratch/tanch/pdls/ps2/p_token.c:831] => add_e_sign
[/bonus/scratch/tanch/pdls/ps2/p_token.c:846] => add_exponent
[/bonus/scratch/tanch/pdls/ps2/p_gendec.c:250] => PSreadonlyrecurse
[/bonus/scratch/tanch/pdls/ps2/p_gendec.c:276] => DoReadonlyRecurse
[/bonus/scratch/tanch/pdls/ps2/p_vm.c:2213] => RestoreMemory
[/bonus/scratch/tanch/pdls/ps2/p_dict.c:2947] => PSput
[/bonus/scratch/tanch/pdls/ps2/p_dict.c:2764] => putit
[/bonus/scratch/tanch/pdls/ps2/p_file.c:2645] => PS_ReadChar
[/bonus/scratch/tanch/pdls/ps2/p_file.c:2425] => PS_ReadBuffer
[/bonus/scratch/tanch/pdls/ps2/p_file.c:2280] => PS_FileClose
[/bonus/scratch/tanch/pdls/cfs/cfslinux.c:519] => cached_munmap
[/bonus/scratch/tanch/pdls/app/psglue.c:178] => stub_ps_op_currentsystemparams
[/bonus/scratch/tanch/pdls/ps2/p_sparam.c:250] => PScurrentsystemparams
[/bonus/scratch/tanch/pdls/ps2/p_sparam.c:296] => BuildSystemParamsDict
[/bonus/scratch/tanch/pdls/ps2/p_sparam.c:789] => GetSystemParam_str
[/bonus/scratch/tanch/pdls/ps2/p_sparam.c:758] => ps_get_nv_string_or_default
[/bonus/scratch/tanch/pdls/ps2/p_sparam.c:742] => ps_get_nv_string
[/bonus/scratch/tanch/pdls/common/palutil.c:624] => pdls_is_color_supported
[/bonus/scratch/tanch/pdls/ps2/p_sparam.c:437] => GetSystemParam_name
[/bonus/scratch/tanch/pdls/app/psglue.c:114] => build_extra_system_params_dict
[/bonus/scratch/tanch/pdls/app/psglue.c:31] => add_int_to_dict
[/bonus/scratch/tanch/pdls/app/psglue.c:61] => add_str_to_dict
[/bonus/scratch/tanch/pdls/ps2/p_dict.c:3028] => PSknown
[/bonus/scratch/tanch/pdls/ps2/p_contrl.c:1395] => PSifelse
[/bonus/scratch/tanch/pdls/ps2/p_contrl.c:1058] => PSand
[/bonus/scratch/tanch/pdls/ps2/p_compil.c:290] => PSdefinecompiled
[/bonus/scratch/tanch/pdls/ps2/p_object.c:415] => obj_Compare
[/bonus/scratch/tanch/pdls/ps2/p_attrib.c:238] => PSexecuteonly
[/bonus/scratch/tanch/pdls/ps2/p_pparms.c:11325] => PSinstalldefaultpagedeviceentries
[/bonus/scratch/tanch/pdls/ps2/p_dict.c:2209] => PSload
[/bonus/scratch/tanch/pdls/ps2/p_dict.c:3528] => PSstring
[/bonus/scratch/tanch/pdls/ps2/p_oper.c:757] => PSroll
[/bonus/scratch/tanch/pdls/ps2/p_oper.c:708] => RollGCD
[/bonus/scratch/tanch/pdls/ps2/p_vmrec.c:7290] => OtherFindVMBlock
[/bonus/scratch/tanch/pdls/ps2/p_file.c:5292] => PSprint
[/bonus/scratch/tanch/pdls/ps2/p_file.c:2944] => PS_WriteData
[/bonus/scratch/tanch/pdls/ps2/p_file.c:3053] => PS_FileFlush
[/bonus/scratch/tanch/pdls/ps2/p_vm.c:4415] => PSvmstatus
[/bonus/scratch/tanch/pdls/ps2/p_vm.c:4480] => LocalVMStatus
[/bonus/scratch/tanch/pdls/ps2/p_vm.c:4552] => GlobalVMStatus
[/bonus/scratch/tanch/pdls/ps2/p_attrib.c:919] => PScvs
[/bonus/scratch/tanch/pdls/ps2/p_attrib.c:94] => PStype
[/bonus/scratch/tanch/pdls/ps2/p_dict.c:1619] => PSlength
[/bonus/scratch/tanch/pdls/ps2/p_oper.c:1014] => PSadd
[/bonus/scratch/tanch/pdls/ps2/p_contrl.c:869] => PSgt
[/bonus/scratch/tanch/pdls/ps2/p_contrl.c:1102] => PSnot
[/bonus/scratch/tanch/pdls/ps2/p_oper.c:2089] => PSarray
[/bonus/scratch/tanch/pdls/ps2/p_oper.c:2504] => PSastore
[/bonus/scratch/tanch/pdls/ps2/p_pack.c:154] => PackIt
[/bonus/scratch/tanch/pdls/ps2/p_hash.c:721] => ht_name2index
[/bonus/scratch/tanch/pdls/ps2/p_contrl.c:1973] => BindItPacked
[/bonus/scratch/tanch/pdls/ps2/p_pack.c:485] => UnPackIt
[/bonus/scratch/tanch/pdls/ps2/p_hash.c:768] => ht_index2name
[/bonus/scratch/tanch/pdls/ps2/p_pack.c:414] => ReplacePackedNameWithOperator
[/bonus/scratch/tanch/pdls/ps2/p_build.c:2647] => GetOperCode
[/bonus/scratch/tanch/pdls/ps2/p_resrce.c:154] => PSdefineresource
[/bonus/scratch/tanch/pdls/ps2/p_resrce.c:89] => exec_internaldict_string
[/bonus/scratch/tanch/pdls/ps2/p_oper.c:891] => PScount
[/bonus/scratch/tanch/pdls/ps2/p_contrl.c:994] => PSlt
[/bonus/scratch/tanch/pdls/ps2/p_oper.c:680] => PSindex
[/bonus/scratch/tanch/pdls/ps2/p_oper.c:357] => PScopy
[/bonus/scratch/tanch/pdls/ps2/p_contrl.c:1768] => PSstopped
[/bonus/scratch/tanch/pdls/ps2/p_contrl.c:688] => PSne
[/bonus/scratch/tanch/pdls/ps2/p_contr2.c:364] => StopIt
[/bonus/scratch/tanch/pdls/ps2/p_token.c:430] => expand_mem
[/bonus/scratch/tanch/pdls/ps2/p_vm.c:2034] => vm_expand_temp_space
[/bonus/scratch/tanch/pdls/ps2/p_filter.c:2690] => PSknownfilters
[/bonus/scratch/tanch/pdls/app/psglue.c:364] => stub_ps_op_getdevices
[/bonus/scratch/tanch/pdls/ps2/p_dict.c:3323] => PSforall
[/bonus/scratch/tanch/pdls/ps2/p_contr2.c:392] => ForallArray
[/bonus/scratch/tanch/pdls/app/psglue.c:545] => stub_ps_op_getresolutions
[/bonus/scratch/tanch/pdls/app/psglue.c:464] => stub_ps_op_getmanualpapersizes
[/bonus/scratch/tanch/pdls/app/psglue.c:401] => stub_ps_op_getpapersizes
[/bonus/scratch/tanch/pdls/app/psglue.c:638] => stub_ps_op_getcolormodels
[/bonus/scratch/tanch/pdls/app/psglue.c:629] => get_color_model_names
[/bonus/scratch/tanch/pdls/app/psglue.c:621] => get_num_color_models
[/bonus/scratch/tanch/pdls/app/psglue.c:335] => push_name
[/bonus/scratch/tanch/pdls/ps2/p_cie.c:6170] => PSValidateCRD
[/bonus/scratch/tanch/pdls/ps2/p_attrib.c:614] => PScvn
[/bonus/scratch/tanch/pdls/ps2/p_color.c:2897] => PSsetblackgeneration
[/bonus/scratch/tanch/pdls/ps2/p_color.c:3028] => UpdateGstateLUT
[/bonus/scratch/tanch/pdls/ps2/p_compil.c:837] => obj_CRC
[/bonus/scratch/tanch/pdls/ps2/p_compil.c:271] => CRC_char
[/bonus/scratch/tanch/pdls/ps2/p_color.c:3193] => MakeLUT_PSFunct
[/bonus/scratch/tanch/pdls/ps2/p_compil.c:943] => CRC_string
[/bonus/scratch/tanch/pdls/ps2/p_hlfton.c:3175] => ExecPSSpotFunct
[/bonus/scratch/tanch/pdls/ps2/p_oper.c:1284] => PSmul
[/bonus/scratch/tanch/pdls/ps2/p_oper.c:1348] => PSsub
[/bonus/scratch/tanch/pdls/ps2/p_color.c:2834] => PSsetundercolorremoval
[/bonus/scratch/tanch/pdls/ps2/p_attrib.c:593] => DOcvn
[/bonus/scratch/tanch/pdls/ps2/p_cie.c:6085] => PSCustomizeCRD
[/bonus/scratch/tanch/pdls/ps2/p_contr2.c:616] => ForallDict
[/bonus/scratch/tanch/pdls/ps2/p_oper.c:1986] => PSrand
[/bonus/scratch/tanch/pdls/ps2/p_dict.c:1506] => DictLength
[/bonus/scratch/tanch/pdls/ps2/p_dict.c:1300] => CopyDict
[/bonus/scratch/tanch/pdls/ps2/p_dict.c:1541] => FindOnDictStack
[/bonus/scratch/tanch/pdls/ps2/p_resrce.c:206] => PSdefinefont
[/bonus/scratch/tanch/pdls/ps2/p_hash.c:701] => ht_getName
[/bonus/scratch/tanch/pdls/ps2/p_font.c:1159] => PSdefinefont2
[/bonus/scratch/tanch/pdls/ps2/p_dict.c:620] => getValueBySysNameEnc
[/bonus/scratch/tanch/pdls/ps2/p_show.c:370] => getNextNumValue
[/bonus/scratch/tanch/pdls/ps2/p_font.c:1068] => getMatrix
[/bonus/scratch/tanch/pdls/ps2/p_dict.c:660] => getValueNDXBySysNameEnc
[/bonus/scratch/tanch/pdls/ps2/p_xform.c:65] => readMatrix
[/bonus/scratch/tanch/pdls/ps2/p_resrce.c:226] => PSselectfont
[/bonus/scratch/tanch/pdls/ps2/p_sparam.c:1816] => PSfontpriority
[/bonus/scratch/tanch/pdls/ps2/p_oper.c:950] => PScleartomark
[/bonus/scratch/tanch/pdls/ps2/p_font.c:2297] => PSscalefont
[/bonus/scratch/tanch/pdls/ps2/p_font.c:2180] => DoMakeFont
[/bonus/scratch/tanch/pdls/ps2/p_font.c:2020] => CopyFont
[/bonus/scratch/tanch/pdls/ps2/p_dict.c:1420] => CopyFontDict
[/bonus/scratch/tanch/pdls/ps2/p_font.c:2530] => PSsetfont
[/bonus/scratch/tanch/pdls/ps2/p_font.c:2459] => ScaleFontPS
[/bonus/scratch/tanch/pdls/ps2/p_resrce.c:174] => PSfindresource
[/bonus/scratch/tanch/pdls/ps2/p_dict.c:3709] => PSsearch
[/bonus/scratch/tanch/pdls/ps2/p_dict.c:3585] => SearchSubstr
[/bonus/scratch/tanch/pdls/ps2/p_contrl.c:1646] => PSexit
[/bonus/scratch/tanch/pdls/ps2/p_cie.c:4377] => PSsetcolorrendering
[/bonus/scratch/tanch/pdls/ps2/p_cie.c:3932] => CIE_verify_CIE_rendering
[/bonus/scratch/tanch/pdls/ps2/p_cie.c:1119] => CIE_verify_Matrix_array
[/bonus/scratch/tanch/pdls/ps2/p_cie.c:945] => CIE_verify_numarray
[/bonus/scratch/tanch/pdls/ps2/p_cie.c:918] => CIE_is_identity
[/bonus/scratch/tanch/pdls/ps2/p_cie.c:1389] => CIE_verify_Decode_array
[/bonus/scratch/tanch/pdls/ps2/p_cie.c:1075] => CIE_verify_Range_array
[/bonus/scratch/tanch/pdls/ps2/p_cie.c:997] => CIE_verify_procarray
[/bonus/scratch/tanch/pdls/ps2/p_object.c:2043] => ConvertProcedureToString
[/bonus/scratch/tanch/pdls/ps2/p_object.c:1651] => ConvertObjectToString
[/bonus/scratch/tanch/pdls/ps2/p_object.c:1454] => strcpylen
[/bonus/scratch/tanch/pdls/ps2/p_object.c:1477] => jbfpprint
[/bonus/scratch/tanch/pdls/ps2/p_object.c:1526] => jbintprint
[/bonus/scratch/tanch/pdls/ps2/p_cie.c:1253] => CIE_verify_WhitePoint_array
[/bonus/scratch/tanch/pdls/ps2/p_cie.c:1284] => CIE_verify_BlackPoint_array
[/bonus/scratch/tanch/pdls/ps2/p_cie.c:1722] => CIE_verify_RenderTable
[/bonus/scratch/tanch/pdls/ps2/p_cie.c:1856] => CIE_verify_RenderingIntent
[/bonus/scratch/tanch/pdls/ps2/p_cie.c:2843] => CIE_free_CIErender
[/bonus/scratch/tanch/pdls/ps2/p_pparms.c:10113] => PSsetpagedevice
[/bonus/scratch/tanch/pdls/ps2/p_pparms.c:8810] => init_pagedevice_changes
[/bonus/scratch/tanch/pdls/ps2/p_pparms.c:4910] => CheckAndMergePolicies
[/bonus/scratch/tanch/pdls/ps2/p_contr2.c:715] => loopthrudict
[/bonus/scratch/tanch/pdls/ps2/p_pparms.c:4833] => CheckOrMergePolicies
[/bonus/scratch/tanch/pdls/ps2/p_pparms.c:7374] => CheckOrMergePagedevice
[/bonus/scratch/tanch/pdls/ps2/p_pparms.c:4970] => getPolicy
[/bonus/scratch/tanch/pdls/ps2/p_pparms2.c:3775] => select_media_source
[/bonus/scratch/tanch/pdls/ps2/p_pparms2.c:3037] => setup_inputattributes
[/bonus/scratch/tanch/pdls/ps2/p_pparms2.c:3256] => select_highest_priority
[/bonus/scratch/tanch/pdls/common/media_utils.c:475] => find_media_info
[/bonus/scratch/tanch/pdls/ps2/p_pparms.c:10044] => checkConfiguration
[/bonus/scratch/tanch/pdls/ps2/p_pparms2.c:2815] => doEndPage
[/bonus/scratch/tanch/pdls/ps2/p_pparms2.c:1155] => eject_page
[/bonus/scratch/tanch/pdls/ps2/p_pparms2.c:1150] => PrintThePage
[/bonus/scratch/tanch/pdls/ps2/p_pparms2.c:501] => PrintThePage1
[/bonus/scratch/tanch/pdls/ps2/p_pparms2.c:433] => reset_showpage_count
[/bonus/scratch/tanch/pdls/ps2/p_pparms.c:9113] => set_system_values
[/bonus/scratch/tanch/pdls/ps2/p_pparms2.c:5299] => set_media_values
[/bonus/scratch/tanch/pdls/ps2/p_sysif.c:2426] => setDevicePlanes
[/bonus/scratch/tanch/pdls/ps2/p_pparms2.c:7677] => SetupGstate
[/bonus/scratch/tanch/pdls/ps2/p_device.c:480] => DestroyDevice
[/bonus/scratch/tanch/pdls/ps2/p_device.c:443] => PSCreateDevice
[/bonus/scratch/tanch/pdls/ps2/p_device.c:349] => PSCreateDeviceExt
[/bonus/scratch/tanch/pdls/ps2/p_device.c:559] => SetPagePicture
[/bonus/scratch/tanch/pdls/ps2/p_gstate.c:4489] => FrameIt
[/bonus/scratch/tanch/pdls/ps2/p_pparms2.c:1708] => DestroyTheNUPObjects
[/bonus/scratch/tanch/pdls/ps2/p_pparms.c:9774] => install_devicerenderinginfo
[/bonus/scratch/tanch/pdls/ps2/p_hlfton.c:405] => PSsethalftone
[/bonus/scratch/tanch/pdls/ps2/p_hlfton.c:503] => ReadHalftoneSet
[/bonus/scratch/tanch/pdls/ps2/p_hlfton.c:851] => ReadHalftone_Type100
[/bonus/scratch/tanch/pdls/ps2/p_hlfton.c:597] => BuildHalftoneSet
[/bonus/scratch/tanch/pdls/ps2/p_hlfton.c:463] => Halftone_PopMyOperands
[/bonus/scratch/tanch/pdls/ps2/p_hlfton.c:3121] => DestroyHalftoneSet
[/bonus/scratch/tanch/pdls/ps2/p_sysif.c:1465] => getprocesscolors
[/bonus/scratch/tanch/pdls/ps2/p_gstate.c:1745] => PSinitgraphics
[/bonus/scratch/tanch/pdls/ps2/p_gstate.c:965] => DoGrestoreInitG
[/bonus/scratch/tanch/pdls/ps2/p_gstate.c:3503] => PSinitclip
[/bonus/scratch/tanch/pdls/ps2/p_gstate.c:3635] => PSerasepage
[/bonus/scratch/tanch/pdls/ps2/p_pparms2.c:2614] => doBeginPage
[/bonus/scratch/tanch/pdls/ps2/p_pparms.c:9832] => PScurrentpagedevice
[/bonus/scratch/tanch/pdls/ps2/p_pparms.c:3360] => BuildpagedeviceDict
[/bonus/scratch/tanch/pdls/ps2/p_pparms.c:3193] => OnlySupportedSourcesInIAPriority
[/bonus/scratch/tanch/pdls/ps2/p_pparms.c:1797] => source_supported
[/bonus/scratch/tanch/pdls/ps2/p_pparms.c:1712] => map_traystring
[/bonus/scratch/tanch/pdls/ps2/p_pparms.c:3220] => lookupManualColorRGB
[/bonus/scratch/tanch/pdls/ps2/p_pparms.c:3245] => lookupManualColorCMYK
[/bonus/scratch/tanch/pdls/ps2/p_gstate.c:4534] => PSnulldevice
[/bonus/scratch/tanch/pdls/ps2/p_xform.c:167] => PSinitmatrix
[/bonus/scratch/tanch/pdls/ps2/p_xform.c:106] => DoTranslate
[/bonus/scratch/tanch/pdls/app/psglue.c:701] => stub_ps_op_papersizesupported
[/bonus/scratch/tanch/pdls/common/media_utils.c:162] => pdls_get_npa_paper_id_for_ps_name
[/bonus/scratch/tanch/pdls/ps2/p_file.c:4447] => PSflush
[/bonus/scratch/tanch/pdls/ps2/p_sysif.c:1025] => PS_FlushSTDOUT
[/bonus/scratch/tanch/pdls/app/iapi_from_stream.c:535] => write_data
[/bonus/scratch/tanch/pdls/ps2/p_file.c:791] => RemovePSfile
[/bonus/scratch/tanch/pdls/ps2/p_font.c:715] => Init_font2
[/bonus/scratch/tanch/pdls/ps2/ps_font_interface.c:184] => ps_save_font_details
[/bonus/scratch/tanch/pdls/common/fontutil.c:24] => pdls_get_font_cache_directory_created
[/bonus/scratch/tanch/pdls/common/fontutil.c:59] => pdls_get_temp_file
[/bonus/scratch/tanch/pdls/ps2/ps_font_interface.c:143] => ps_write_font_details_to_file
[/bonus/scratch/tanch/pdls/ps2/p_fontft.c:893] => ttf_queryfcn
[/bonus/scratch/tanch/pdls/ps2/p_fontf1.c:447] => ufst_queryfcn
[/bonus/scratch/tanch/pdls/common/palutil.c:684] => set_persistent_string
[/bonus/scratch/tanch/pdls/ps2/p_contrl.c:1604] => PSloop
[/bonus/scratch/tanch/pdls/ps2/p_contr2.c:317] => LoopIt
[/bonus/scratch/tanch/pdls/ps2/p_vmrec.c:917] => PSvmreclaim
[/bonus/scratch/tanch/pdls/ps2/p_vmrec.c:997] => VMGarbageCollect
[/bonus/scratch/tanch/pdls/ps2/p_vmrec.c:1176] => ClearAllBitmaps
[/bonus/scratch/tanch/pdls/ps2/p_vmrec.c:3405] => VMResizeGCStack
[/bonus/scratch/tanch/pdls/ps2/stubs/bsmalloc.c:36] => BSmalloc
[/bonus/scratch/tanch/pdls/ps2/p_vmrec.c:1217] => ScanRoots
[/bonus/scratch/tanch/pdls/ps2/p_vmrec.c:1316] => NewScanGstateChain
[/bonus/scratch/tanch/pdls/ps2/p_vmrec.c:1429] => NewScanExtras
[/bonus/scratch/tanch/pdls/ps2/p_vmrec.c:2366] => VMMarkObj
[/bonus/scratch/tanch/pdls/ps2/p_vmrec.c:5466] => MarkBitmap
[/bonus/scratch/tanch/pdls/ps2/p_vmrec.c:6142] => ObjPBitmapAddress
[/bonus/scratch/tanch/pdls/ps2/p_vmrec.c:5805] => SetBitmapBits
[/bonus/scratch/tanch/pdls/ps2/p_vmrec.c:3480] => VMTravPush
[/bonus/scratch/tanch/pdls/ps2/p_vmrec.c:5537] => MarkPointerBitmap
[/bonus/scratch/tanch/pdls/ps2/p_vmrec.c:6216] => GetBitmapOffset
[/bonus/scratch/tanch/pdls/ps2/p_vmrec.c:2495] => GetNextComposObj
[/bonus/scratch/tanch/pdls/ps2/p_vmrec.c:2711] => GetNextDictObj
[/bonus/scratch/tanch/pdls/ps2/p_vmrec.c:5609] => MarkObjInBitmaps
[/bonus/scratch/tanch/pdls/ps2/p_vmrec.c:5760] => SetBits
[/bonus/scratch/tanch/pdls/ps2/p_vmrec.c:5800] => SetBit
[/bonus/scratch/tanch/pdls/ps2/p_vmrec.c:2610] => GetNextArrayObj
[/bonus/scratch/tanch/pdls/ps2/p_vmrec.c:2313] => VMTravPop
[/bonus/scratch/tanch/pdls/ps2/p_pack.c:606] => SkipPackedArray
[/bonus/scratch/tanch/pdls/ps2/p_vmrec.c:2668] => GetNextPackedObj
[/bonus/scratch/tanch/pdls/ps2/p_pack.c:646] => FindNextUnscannedComposite
[/bonus/scratch/tanch/pdls/ps2/p_vmrec.c:3218] => GetNextFontIDObj
[/bonus/scratch/tanch/pdls/ps2/p_color.c:819] => WalkTheCenvList
[/bonus/scratch/tanch/pdls/ps2/p_vmrec.c:1877] => NewScanColorEnv
[/bonus/scratch/tanch/pdls/ps2/p_vmrec.c:1577] => NewScanStacks
[/bonus/scratch/tanch/pdls/ps2/p_vmrec.c:1408] => NewScanCachedForms
[/bonus/scratch/tanch/pdls/ps2/p_vmrec.c:1620] => NewScanGstateStack
[/bonus/scratch/tanch/pdls/ps2/p_vmrec.c:1678] => NewScanGstate
[/bonus/scratch/tanch/pdls/ps2/p_vmrec.c:1971] => NewScanSavedArrays
[/bonus/scratch/tanch/pdls/ps2/p_vmrec.c:2027] => NewScanSavedDictEntries
[/bonus/scratch/tanch/pdls/ps2/p_vmrec.c:2122] => NewScanSavedGstates
[/bonus/scratch/tanch/pdls/ps2/p_vmrec.c:2147] => NewScanPSfiles
[/bonus/scratch/tanch/pdls/app/psglue.c:850] => mark_platform_objects
[/bonus/scratch/tanch/pdls/ps2/p_vmrec.c:4922] => ScanBitmap1
[/bonus/scratch/tanch/pdls/ps2/p_vmrec.c:4946] => ScanBitmapChain
[/bonus/scratch/tanch/pdls/ps2/p_vmrec.c:5008] => BuildCompressInfo
[/bonus/scratch/tanch/pdls/ps2/p_vmrec.c:6099] => GetBitmapAddress
[/bonus/scratch/tanch/pdls/ps2/p_vmrec.c:6226] => GetVMAddress
[/bonus/scratch/tanch/pdls/ps2/p_vmrec.c:6365] => FindBitmapBlock
[/bonus/scratch/tanch/pdls/ps2/p_vmrec.c:3579] => NewGCUpdatePointers
[/bonus/scratch/tanch/pdls/ps2/p_vmrec.c:3634] => ResetHashElemPointers
[/bonus/scratch/tanch/pdls/ps2/p_vmrec.c:3673] => ScanPointerBitmapChain
[/bonus/scratch/tanch/pdls/ps2/p_vmrec.c:4759] => UpdatePointerAddress
[/bonus/scratch/tanch/pdls/ps2/p_vmrec.c:5862] => CountPrevOnes
[/bonus/scratch/tanch/pdls/ps2/p_vmrec.c:3743] => UpdateStacksPointers
[/bonus/scratch/tanch/pdls/ps2/p_vmrec.c:3782] => UpdateGstateStack
[/bonus/scratch/tanch/pdls/ps2/p_vmrec.c:3804] => UpdateGstatePointers
[/bonus/scratch/tanch/pdls/ps2/p_vmrec.c:4136] => UpdateFontIDs
[/bonus/scratch/tanch/pdls/ps2/p_vmrec.c:4215] => UpdateScaledFonts
[/bonus/scratch/tanch/pdls/ps2/p_vmrec.c:4234] => UpdateSavedArrayPointers
[/bonus/scratch/tanch/pdls/ps2/p_vmrec.c:4285] => NewUpdateSavedDictEntries
[/bonus/scratch/tanch/pdls/ps2/p_vmrec.c:4324] => NewUpdateGstateChain
[/bonus/scratch/tanch/pdls/ps2/p_vmrec.c:4377] => UpdateSavedGstates
[/bonus/scratch/tanch/pdls/ps2/p_vmrec.c:4390] => UpdatePSfiles
[/bonus/scratch/tanch/pdls/ps2/p_vmrec.c:4456] => NewUpdateStatics
[/bonus/scratch/tanch/pdls/ps2/p_vmrec.c:4616] => UpdateExtras
[/bonus/scratch/tanch/pdls/ps2/p_vmrec.c:4035] => NewUpdateColorEnv
[/bonus/scratch/tanch/pdls/ps2/p_vmrec.c:4589] => UpdateCachedForms
[/bonus/scratch/tanch/pdls/ps2/p_vmrec.c:5149] => CompressMemory
[/bonus/scratch/tanch/pdls/ps2/p_vmrec.c:5179] => CompressMemoryChain
[/bonus/scratch/tanch/pdls/ps2/p_vmrec.c:5240] => CompressBlock
[/bonus/scratch/tanch/pdls/ps2/p_vmrec.c:6354] => FreeUnusedBlocks
[/bonus/scratch/tanch/pdls/ps2/p_vmrec.c:6289] => FreeUnusedBlocksChain
[/bonus/scratch/tanch/pdls/ps2/p_vmrec.c:7378] => RemoveVMBlockFromTable
[/bonus/scratch/tanch/pdls/ps2/p_file.c:852] => RestoreFile
[/bonus/scratch/tanch/pdls/ps2/p_file.c:1046] => GCresetFiles
[/bonus/scratch/tanch/pdls/ps2/p_cie.c:581] => ResetThePSFuncProcs
[/bonus/scratch/tanch/pdls/ps2/p_oper.c:870] => PSclear
[/bonus/scratch/tanch/pdls/ps2/p_vm.c:4360] => PSrestoretozero
[/bonus/scratch/tanch/pdls/ps2/p_error.c:759] => PShandleolderror
[/bonus/scratch/tanch/pdls/ps2/p_file.c:4415] => PSbytesavailable
[/bonus/scratch/tanch/pdls/ps2/p_file.c:4361] => PS_BytesAvailable
[/bonus/scratch/tanch/pdls/ps2/p_contrl.c:932] => PSle
[/bonus/scratch/tanch/pdls/ps2/p_sysif.c:1283] => PSwaitforjob
[/bonus/scratch/tanch/pdls/ps2/p_file.c:521] => jobend_PS_File
[/bonus/scratch/tanch/pdls/ps2/p_lzw.c:1374] => _ps_jobend_lzw
[/bonus/scratch/tanch/pdls/ps2/p_pattrn.c:2248] => Pattern_FreeCache
[/bonus/scratch/tanch/pdls/ps2/p_pparms.c:3082] => jobinit_pagedevice
[/bonus/scratch/tanch/pdls/ps2/p_pparms2.c:7818] => reinstantiate_pagedevice
[/bonus/scratch/tanch/pdls/ps2/p_pparms.c:9893] => FixupUniversalPageSize
[/bonus/scratch/tanch/pdls/ps2/p_pparms2.c:3021] => getRequestedSize
[/bonus/scratch/tanch/pdls/ps2/p_pparms2.c:1649] => convertNupToNVNup
[/bonus/scratch/tanch/pdls/ps2/p_job.c:647] => psSetIntValue
[/bonus/scratch/tanch/pdls/ps2/p_job.c:805] => psSetPunchValue
[/bonus/scratch/tanch/pdls/app/iapi_from_stream.c:361] => ready_for_job
[/bonus/scratch/tanch/pdls/app/iapi_from_stream.c:528] => get_device
[/bonus/scratch/tanch/pdls/ps2/p_fontfg.c:501] => InvalidateLastFontJob
[/bonus/scratch/tanch/pdls/ps2/p_fontfg.c:406] => InvalidateLastFont
[/bonus/scratch/tanch/pdls/ps2/p_fontf9.c:218] => free_type9_buffer_list_and_close_type9_file
[/bonus/scratch/tanch/pdls/ufst4/callback.c:323] => ufstexit
[/bonus/scratch/tanch/pdls/ps2/p_fontfg.c:444] => VerifyFontMode
[/bonus/scratch/tanch/pdls/ps2/p_uparam.c:386] => jobinit_userparams
[/bonus/scratch/tanch/pdls/app/iapi_from_stream.c:615] => system_set_rip_timeout
[/bonus/scratch/tanch/pdls/ps2/p_dparam.c:1976] => jobinit_devparams
[/bonus/scratch/tanch/pdls/ps2/p_file.c:473] => jobinit_PS_File
[/bonus/scratch/tanch/pdls/app/psglue.c:858] => platform_job_init
[/bonus/scratch/tanch/pdls/ps2/p_vm.c:3562] => PSsave
[/bonus/scratch/tanch/pdls/ps2/p_vm.c:3781] => Global_save
[/bonus/scratch/tanch/pdls/ps2/p_vm.c:2727] => ClearSavedArrayFlag
[/bonus/scratch/tanch/pdls/ps2/p_vm.c:3675] => Local_save
[/bonus/scratch/tanch/pdls/ps2/p_gstate.c:838] => DoGsave
[/bonus/scratch/tanch/pdls/ps2/p_gstate.c:881] => CopyGstate
[/bonus/scratch/tanch/pdls/ps2/p_cie.c:2647] => CIE_copy_CIEspace
[/bonus/scratch/tanch/pdls/ps2/p_cie.c:2991] => CIE_copy_CIErender
[/bonus/scratch/tanch/pdls/ps2/p_hlfton.c:3098] => CopyHalftoneSet
[/bonus/scratch/tanch/pdls/ps2/p_vm.c:3157] => SaveItemLocal
[/bonus/scratch/tanch/pdls/ps2/p_vm.c:3213] => SaveItem
[/bonus/scratch/tanch/pdls/ps2/p_vm.c:2982] => SaveHdrLocal
[/bonus/scratch/tanch/pdls/ps2/p_vm.c:3030] => SaveHdr
[/bonus/scratch/tanch/pdls/ps2/p_compat.c:1329] => PSquerycapabilityenabled
[/bonus/scratch/tanch/pdls/ps2/p_contrl.c:2479] => PSexecjob
[/bonus/scratch/tanch/pdls/pdf/pdfmain.c:1174] => PDFOP_runpdfjob
[/bonus/scratch/tanch/pdls/pdf/pdfmain.c:888] => staticTestAndSetupOldPdfproc
[/bonus/scratch/tanch/pdls/pdf/pdfmain.c:286] => pdfInit
[/bonus/scratch/tanch/pdls/pdf/pdfmain.c:142] => Init_PDF_Statics_And_Globals
[/bonus/scratch/tanch/pdls/pdf/pdfobjmgr.c:114] => pdfObjMgrInitStaticsAndGlobals
[/bonus/scratch/tanch/pdls/pdf/pdfstate.c:82] => pdfStateInitStaticsAndGlobals
[/bonus/scratch/tanch/pdls/pdf/pdferror.c:469] => pdfErrorInit
[/bonus/scratch/tanch/pdls/pdf/pdfdebug.c:101] => pdfDebugInit
[/bonus/scratch/tanch/pdls/pdf/pdfdebug.c:191] => pdfDebugEnable
[/bonus/scratch/tanch/pdls/pdf/pdfdebug.c:146] => staticParseTokenString
[/bonus/scratch/tanch/pdls/pdf/pdfstate.c:146] => pdfStateInit
[/bonus/scratch/tanch/pdls/pdf/pdfgstate.c:133] => pdfGStateInit
[/bonus/scratch/tanch/pdls/pdf/pdferror.c:894] => pdfErrorIsPending
[/bonus/scratch/tanch/pdls/pdf/pdferror.c:904] => pdfErrorFatalCount
[/bonus/scratch/tanch/pdls/pdf/pdfcolorstate.c:137] => pdfColorStateInit
[/bonus/scratch/tanch/pdls/pdf/pdfbuild.c:658] => pdfBuiltinNameIdToHash
[/bonus/scratch/tanch/pdls/pdf/pdfcolorstate.c:118] => pdfColorStateClearColor
[/bonus/scratch/tanch/pdls/pdf/pdftstate.c:89] => pdfTStateInit
[/bonus/scratch/tanch/pdls/pdf/pdfstate.c:99] => pdfStateInitCurPath
[/bonus/scratch/tanch/pdls/pdf/pdfobjmgr.c:126] => pdfObjMgrInit
[/bonus/scratch/tanch/pdls/pdf/pdfstate.c:245] => curPdfState
[/bonus/scratch/tanch/pdls/pdf/pdfbuild.c:593] => pdfBuildDicts
[/bonus/scratch/tanch/pdls/pdf/pdfbuild.c:557] => pdfAddOpersToDict
[/bonus/scratch/tanch/pdls/ps2/p_plugin.c:356] => psPluginAddNewOper
[/bonus/scratch/tanch/pdls/pdf/pdfmain.c:248] => pdfLoadProcs
[/bonus/scratch/tanch/pdls/pdf/pdfmain.c:209] => pdfOpenProcSetFile
[/bonus/scratch/tanch/pdls/pdf/pdfscan.c:256] => PDFOP_pdfmakedict
[/bonus/scratch/tanch/pdls/ps2/p_file.c:4283] => PStoken
[/bonus/scratch/tanch/pdls/pdf/pdfmain.c:1397] => PDFOP_putpdfproc
[/bonus/scratch/tanch/pdls/pdf/pdfmain.c:1421] => pdfPutToSpecialDict
[/bonus/scratch/tanch/pdls/pdf/pdfmain.c:1402] => PDFOP_putpdfstatics
[/bonus/scratch/tanch/pdls/ps2/p_cmap.c:347] => PSbegincmap
[/bonus/scratch/tanch/pdls/ps2/p_cmap.c:132] => make_cmap_dict
[/bonus/scratch/tanch/pdls/ps2/p_cmap.c:360] => PSbegincodespacerange
[/bonus/scratch/tanch/pdls/ps2/p_cmap.c:179] => make_cmap_array
[/bonus/scratch/tanch/pdls/ps2/p_cmap.c:420] => PSendcodespacerange
[/bonus/scratch/tanch/pdls/ps2/p_cmap.c:529] => PSbegincidrange
[/bonus/scratch/tanch/pdls/ps2/p_cmap.c:231] => begin_cmap_info
[/bonus/scratch/tanch/pdls/ps2/p_cmap.c:534] => PSendcidrange
[/bonus/scratch/tanch/pdls/ps2/p_cmap.c:280] => end_cmap_info
[/bonus/scratch/tanch/pdls/ps2/p_cmap.c:355] => PSendcmap
[/bonus/scratch/tanch/pdls/ps2/p_resrce.c:238] => PSfindencoding
[/bonus/scratch/tanch/pdls/ps2/p_contrl.c:1472] => PSfor
[/bonus/scratch/tanch/pdls/ps2/p_contr2.c:119] => EvalForLoop
[/bonus/scratch/tanch/pdls/ps2/p_oper.c:2268] => PSputinterval
[/bonus/scratch/tanch/pdls/ps2/p_token.c:1799] => NO_TOKEN
[/bonus/scratch/tanch/pdls/pdf/lfjt_main.c:867] => lfjt_init
[/bonus/scratch/tanch/pdls/pdf/lfjt_builtin.c:835] => _lfjt_builtin_check_options_table
[/bonus/scratch/tanch/pdls/pdf/lfjt_main.c:360] => init_global_print_ticket
[/bonus/scratch/tanch/pdls/pdf/lfjt_main.c:1032] => lfjt_print_ticket_new
[/bonus/scratch/tanch/pdls/pdf/lfjt_main.c:162] => set_defaults
[/bonus/scratch/tanch/pdls/pdf/lfjt_pt.c:154] => _lfjt_duplex_validate
[/bonus/scratch/tanch/pdls/pdf/lfjt_pt.c:248] => _lfjt_nup_validate
[/bonus/scratch/tanch/pdls/ps2/p_cie.c:8351] => ps_icc_mgr_init
[/bonus/scratch/tanch/pdls/pdf/pdfmain.c:453] => pdfLoadJob
[/bonus/scratch/tanch/pdls/pdf/pdfmain.c:383] => pdf_try_to_setup_direct_job
[/bonus/scratch/tanch/pdls/ps2/p_sysif.c:1176] => ps_get_direct_job_cfs_filename
[/bonus/scratch/tanch/pdls/cfs/cfslinux.c:218] => _cfs_find_device_real_path
[/bonus/scratch/tanch/pdls/ps2/p_file.c:4389] => PS_FileLength
[/bonus/scratch/tanch/pdls/ps2/p_file.c:2820] => PS_ReadData
[/bonus/scratch/tanch/pdls/ps2/p_file.c:1201] => allocate_inbuf_if_needed
[/bonus/scratch/tanch/pdls/ps2/p_sysif.c:875] => PS_ReadDataSTDIN
[/bonus/scratch/tanch/pdls/app/iapi_from_stream.c:428] => get_data
[/bonus/scratch/tanch/pdls/app/iapi_from_stream.c:266] => discard
[/bonus/scratch/tanch/pdls/app/minipjl.c:84] => mini_pjl_find_uel
[/bonus/scratch/tanch/pdls/pdf/pdfmain.c:1905] => pdfConstructXRefTables
[/bonus/scratch/tanch/pdls/pdf/pdfmain.c:1611] => pdfLocateStartxref
[/bonus/scratch/tanch/pdls/pdf/pdfmain.c:1463] => pdfLocateLinearized
[/bonus/scratch/tanch/pdls/ps2/p_file.c:3852] => PS_FileSeek
[/bonus/scratch/tanch/pdls/pdf/pdfscan.c:111] => pdfScanPsObj
[/bonus/scratch/tanch/pdls/ps2/p_file.c:3277] => StringtoFile
[/bonus/scratch/tanch/pdls/ps2/p_file.c:5534] => PS_FileSetIsPdfJobData
[/bonus/scratch/tanch/pdls/pdf/pdfscan.c:224] => PDFOP_R
[/bonus/scratch/tanch/pdls/pdf/pdfscan.h:76] => objFormatPdfObjRef
[/bonus/scratch/tanch/pdls/pdf/pdfscan.c:461] => psDictGetPsObjDeref
[/bonus/scratch/tanch/pdls/pdf/pdfscan.c:427] => psDictGetPsObj
[/bonus/scratch/tanch/pdls/pdf/pdfobjmgr.c:199] => PS_FileReadLine
[/bonus/scratch/tanch/pdls/pdf/pdfmain.c:686] => pdfLoadXRefTablesAndTrailer
[/bonus/scratch/tanch/pdls/pdf/pdfmain.c:581] => pdfLoadTrailerFromPos
[/bonus/scratch/tanch/pdls/pdf/pdfscan.c:508] => psDictGetInteger
[/bonus/scratch/tanch/pdls/pdf/pdfscan.h:86] => objPIsPdfObjRef
[/bonus/scratch/tanch/pdls/pdf/pdfobjmgr.c:821] => pdfObjMgrAllocRangeRun
[/bonus/scratch/tanch/pdls/pdf/pdfobjmgr.c:770] => pdfObjMgrAllocRange
[/bonus/scratch/tanch/pdls/pdf/pdfobjmgr.c:526] => pdfObjMgrReadXRefTables
[/bonus/scratch/tanch/pdls/pdf/pdfobjmgr.c:489] => getNextNumber
[/bonus/scratch/tanch/pdls/pdf/pdfobjmgr.c:467] => isSeparator
[/bonus/scratch/tanch/pdls/pdf/pdfobjmgr.c:428] => pdfObjMgrIsValidObjStartFromPos
[/bonus/scratch/tanch/pdls/ps2/p_file.c:3787] => PS_FilePosition
[/bonus/scratch/tanch/pdls/pdf/pdfobjmgr.c:373] => isValidObjStart
[/bonus/scratch/tanch/pdls/pdf/pdfobj.c:160] => pdfObjCreate
[/bonus/scratch/tanch/pdls/pdf/pdfdebug.c:63] => pdfDebugPrint
[/bonus/scratch/tanch/pdls/pdf/pdfobjmgr.c:249] => pdfObjMgrFindPreviousXref
[/bonus/scratch/tanch/pdls/pdf/pdfobjcatalog.c:75] => pdfObjCatalogCreate
[/bonus/scratch/tanch/pdls/pdf/pdfscan.c:654] => psDictGetPdfObjRef
[/bonus/scratch/tanch/pdls/pdf/pdfobjmgr.c:612] => pdfObjMgrGetPdfObj
[/bonus/scratch/tanch/pdls/pdf/pdfobj.c:242] => pdfObjGetPsObjP
[/bonus/scratch/tanch/pdls/pdf/pdfobj.c:177] => pdfObjIsCompressed
[/bonus/scratch/tanch/pdls/pdf/pdfobj.c:354] => staticPdfObjScanPsObj
[/bonus/scratch/tanch/pdls/pdf/pdfcontext.c:148] => pdfContextPushImpl
[/bonus/scratch/tanch/pdls/pdf/pdfcontext.c:99] => staticPdfContextNew
[/bonus/scratch/tanch/pdls/pdf/pdfcontext.c:118] => pdfContextCurrent
[/bonus/scratch/tanch/pdls/pdf/pdfobj.c:589] => debugPdfObjGetTypeString
[/bonus/scratch/tanch/pdls/pdf/pdfobj.c:197] => pdfObjGetRev
[/bonus/scratch/tanch/pdls/pdf/pdfobj.c:188] => pdfObjGetNum
[/bonus/scratch/tanch/pdls/pdf/pdfcontext.c:233] => pdfContextLevel
[/bonus/scratch/tanch/pdls/pdf/pdfobj.c:214] => pdfObjGetFile
[/bonus/scratch/tanch/pdls/pdf/pdfobj.c:205] => pdfObjGetPos
[/bonus/scratch/tanch/pdls/pdf/pdfscan.c:211] => PDFOP_obj
[/bonus/scratch/tanch/pdls/pdf/pdfscan.c:367] => PDFOP_endobj
[/bonus/scratch/tanch/pdls/pdf/pdfcontext.c:198] => pdfContextPop
[/bonus/scratch/tanch/pdls/pdf/pdfobj.c:327] => pdfObjSetType
[/bonus/scratch/tanch/pdls/pdf/pdfobj.c:411] => pdfObjSetPrivateData
[/bonus/scratch/tanch/pdls/pdf/pdfobjcatalog.c:137] => pdfObjCatalogGetPagesRoot
[/bonus/scratch/tanch/pdls/pdf/pdfobj.c:284] => pdfObjGetPrivateData
[/bonus/scratch/tanch/pdls/pdf/pdfobj.c:432] => pdfObjTypeCheckImpl
[/bonus/scratch/tanch/pdls/pdf/pdfobjpages.c:1267] => pdfObjPagesBuildTree
[/bonus/scratch/tanch/pdls/pdf/pdfobjpages.c:238] => pdfObjPagesCreate
[/bonus/scratch/tanch/pdls/pdf/pdfobj.c:223] => pdfObjGetType
[/bonus/scratch/tanch/pdls/pdf/pdfobjpages.c:2212] => pdfObjPagesInitPage
[/bonus/scratch/tanch/pdls/pdf/pdfobjpages.c:2026] => pdfObjPagesSetUserUnit
[/bonus/scratch/tanch/pdls/pdf/pdfobjpages.c:2056] => pdfObjPagesSetPageBoundaries
[/bonus/scratch/tanch/pdls/pdf/pdfobjpages.c:2144] => pdfObjPagesSetRotate
[/bonus/scratch/tanch/pdls/pdf/pdfobjpages.c:2179] => pdfObjPagesCheckResolution
[/bonus/scratch/tanch/pdls/pdf/pdfobjpages.c:401] => pdfObjPagesGetKidCount
[/bonus/scratch/tanch/pdls/pdf/pdfobjpages.c:1197] => pdfObjPagesGetKid
[/bonus/scratch/tanch/pdls/pdf/pdfscan.c:708] => psArrayReadFloats
[/bonus/scratch/tanch/pdls/pdf/pdfmain.c:1116] => buildPrintPageList
[/bonus/scratch/tanch/pdls/pdf/pdfobjpages.c:170] => pdfObjPagesInit
[/bonus/scratch/tanch/pdls/pdf/pdfscan.c:188] => executeCString
[/bonus/scratch/tanch/pdls/pdf/pdfobjmgr.c:644] => pdfObjMgrCreateAnonymousPdfObj
[/bonus/scratch/tanch/pdls/pdf/pdfobjmgr.c:742] => staticAnonymousTableGrow
[/bonus/scratch/tanch/pdls/pdf/pdfobj.c:335] => pdfObjSetPsObjP
[/bonus/scratch/tanch/pdls/pdf/pdfobjgroupattribs.c:85] => pdfObjGroupAttribsCreate
[/bonus/scratch/tanch/pdls/ps2/p_gstate.c:1341] => InternalGsave
[/bonus/scratch/tanch/pdls/pdf/pdfgstate.c:159] => pdfGStatePsGSaveHook
[/bonus/scratch/tanch/pdls/pdf/pdfgstate.c:198] => staticGStatePush
[/bonus/scratch/tanch/pdls/pdf/pdfcolorstate.c:153] => pdfColorStateCopy
[/bonus/scratch/tanch/pdls/pdf/pdftstate.c:156] => pdfTStatePush
[/bonus/scratch/tanch/pdls/pdf/pdfgstate.c:290] => PDFOP_cs
[/bonus/scratch/tanch/pdls/pdf/pdfcolorstate.c:321] => pdfColorStateOperatorSetColorSpace
[/bonus/scratch/tanch/pdls/pdf/pdfbuild.c:686] => pdfBuiltinHashToNameId
[/bonus/scratch/tanch/pdls/pdf/pdfcolorstate.c:1069] => pdfColorStateSyncPostScript
[/bonus/scratch/tanch/pdls/pdf/pdfscan.c:897] => pdfDereferencePsObj
[/bonus/scratch/tanch/pdls/pdf/pdfscan.c:844] => staticDoPdfDereferencePsObj
[/bonus/scratch/tanch/pdls/ps2/p_l2colr.c:2322] => PSsetcolorspace
[/bonus/scratch/tanch/pdls/ps2/p_l2colr.c:375] => L2colr_get_colorspace_inkmodel
[/bonus/scratch/tanch/pdls/ps2/p_color.c:1441] => Color_SetCMYKValue
[/bonus/scratch/tanch/pdls/ps2/p_color.c:1074] => Color_RangeCheck
[/bonus/scratch/tanch/pdls/ps2/p_gstate.c:1415] => InternalGrestore
[/bonus/scratch/tanch/pdls/ps2/p_gstate.c:1044] => DoGrestore
[/bonus/scratch/tanch/pdls/pdf/pdfgstate.c:176] => pdfGStatePsGRestoreHook
[/bonus/scratch/tanch/pdls/pdf/pdfgstate.c:226] => staticGStatePop
[/bonus/scratch/tanch/pdls/pdf/pdftstate.c:141] => pdfTStatePop
[/bonus/scratch/tanch/pdls/ps2/p_pparms2.c:7795] => saveoldIAPageSizes
[/bonus/scratch/tanch/pdls/ps2/p_gstate.c:993] => DestroyGstate
[/bonus/scratch/tanch/pdls/ps2/p_cie.c:2522] => CIE_free_CIEspace
[/bonus/scratch/tanch/pdls/ps2/p_cie.c:2701] => CIE_free_PDFspace
[/bonus/scratch/tanch/pdls/pdf/pdfmain.c:2123] => pdfProcessViewerPrefs
[/bonus/scratch/tanch/pdls/pdf/pdfobjpages.c:1339] => pdfObjPagesPrintTree
[/bonus/scratch/tanch/pdls/pdf/pdfobjpages.c:1214] => pdfObjPagesGetResources
[/bonus/scratch/tanch/pdls/pdf/pdfobjpages.c:1180] => pdfObjPagesIsLeaf
[/bonus/scratch/tanch/pdls/pdf/pdfresourcemgr.c:122] => pdfResourceMgrPushResources
[/bonus/scratch/tanch/pdls/pdf/pdfresourcemgr.c:376] => pdfResourcesMgrFindFirstAvailableResources
[/bonus/scratch/tanch/pdls/pdf/pdfobjpages.c:1778] => pdfObjPagesPrintLeaf
[/bonus/scratch/tanch/pdls/pdf/pdfstate.c:266] => pdfStateSetCurPage
[/bonus/scratch/tanch/pdls/pdf/lfjt_main.c:985] => lfjt_print_ticket_get
[/bonus/scratch/tanch/pdls/pdf/lfjt_main.c:1056] => lfjt_print_ticket_dup
[/bonus/scratch/tanch/pdls/pdf/lfjt_main.c:1078] => lfjt_print_ticket_assign
[/bonus/scratch/tanch/pdls/pdf/lfjt_main.c:615] => add_print_ticket
[/bonus/scratch/tanch/pdls/pdf/lfjt_main.c:584] => is_job_level
[/bonus/scratch/tanch/pdls/pdf/lfjt_main.c:511] => print_ticket_soft_merge
[/bonus/scratch/tanch/pdls/pdf/lfjt_main.c:449] => print_ticket_merge
[/bonus/scratch/tanch/pdls/pdf/lfjt_main.c:543] => sort_and_insert_print_ticket
[/bonus/scratch/tanch/pdls/pdf/lfjt_main.c:1411] => lfjt_is_skip_print
[/bonus/scratch/tanch/pdls/pdf/pdfobjpages.c:1511] => pdfObjPagesSetPageDevice
[/bonus/scratch/tanch/pdls/pdf/lfjt_main.c:1295] => lfjt_print_ticket_get_pagesize
[/bonus/scratch/tanch/pdls/pdf/lfjt_main.c:1316] => lfjt_print_ticket_set_pagesize
[/bonus/scratch/tanch/pdls/pdf/lfjt_builtin.c:1108] => _lfjt_builtin_is_standard_paper_size
[/bonus/scratch/tanch/pdls/pdf/lfjt_main.c:1135] => lfjt_print_ticket_diff
[/bonus/scratch/tanch/pdls/pdf/lfjt_main.c:125] => is_diff
[/bonus/scratch/tanch/pdls/pdf/lfjt_pt.c:510] => lfjt_debug_dump_print_ticket
[/bonus/scratch/tanch/pdls/pdf/lfjt_builtin.c:1203] => _lfjt_builtin_debug_lookup_option_name
[/bonus/scratch/tanch/pdls/pdf/lfjt_builtin.c:1014] => _lfjt_builtin_is_value_int
[/bonus/scratch/tanch/pdls/pdf/lfjt_builtin.c:1164] => _lfjt_builtin_debug_lookup_value_name
[/bonus/scratch/tanch/pdls/pdf/lfjt_builtin.c:770] => get_builtin_values
[/bonus/scratch/tanch/pdls/pdf/lfjt_main.c:1189] => lfjt_cur_page_device_diff
[/bonus/scratch/tanch/pdls/pdf/lfjt_builtin.c:926] => _lfjt_builtin_is_diff_from_device
[/bonus/scratch/tanch/pdls/pdf/lfjt_device.c:1945] => _lfjt_device_diff_no_op
[/bonus/scratch/tanch/pdls/pdf/lfjt_device.c:302] => _lfjt_device_diff_collation
[/bonus/scratch/tanch/pdls/pdf/lfjt_device.c:483] => _lfjt_device_diff_device_rendering_info
[/bonus/scratch/tanch/pdls/pdf/lfjt_device.c:436] => diff_color_correction
[/bonus/scratch/tanch/pdls/pdf/lfjt_device.c:461] => diff_DRI
[/bonus/scratch/tanch/pdls/pdf/lfjt_device.c:355] => diff_image_enhancement
[/bonus/scratch/tanch/pdls/pdf/lfjt_device.c:382] => diff_image_enhancement_type
[/bonus/scratch/tanch/pdls/pdf/lfjt_device.c:409] => diff_toner_saver
[/bonus/scratch/tanch/pdls/pdf/lfjt_device.c:621] => _lfjt_device_diff_copies
[/bonus/scratch/tanch/pdls/pdf/lfjt_builtin.c:890] => _lfjt_builtin_create_device_dict
[/bonus/scratch/tanch/pdls/pdf/lfjt_device.c:646] => _lfjt_device_add_copies
[/bonus/scratch/tanch/pdls/pdf/lfjt_device.c:64] => add_key_int
[/bonus/scratch/tanch/pdls/pdf/lfjt_device.c:666] => _lfjt_device_diff_duplex
[/bonus/scratch/tanch/pdls/pdf/lfjt_device.c:720] => _lfjt_device_diff_hole_punch
[/bonus/scratch/tanch/pdls/pdf/lfjt_device.c:772] => _lfjt_device_diff_manual_feed
[/bonus/scratch/tanch/pdls/pdf/lfjt_device.c:820] => _lfjt_device_diff_media_type
[/bonus/scratch/tanch/pdls/pdf/lfjt_device.c:1063] => _lfjt_device_diff_multipage_print
[/bonus/scratch/tanch/pdls/pdf/lfjt_device.c:995] => diff_nup
[/bonus/scratch/tanch/pdls/pdf/lfjt_device.c:1034] => diff_nup_details
[/bonus/scratch/tanch/pdls/pdf/lfjt_device.c:941] => diff_nup_rows
[/bonus/scratch/tanch/pdls/pdf/lfjt_device.c:967] => diff_nup_columns
[/bonus/scratch/tanch/pdls/pdf/lfjt_device.c:865] => diff_nup_border
[/bonus/scratch/tanch/pdls/pdf/lfjt_device.c:891] => diff_nup_order
[/bonus/scratch/tanch/pdls/pdf/lfjt_device.c:916] => diff_nup_view
[/bonus/scratch/tanch/pdls/pdf/lfjt_device.c:1230] => _lfjt_device_diff_output_bin
[/bonus/scratch/tanch/pdls/pdf/lfjt_device.c:1293] => _lfjt_device_diff_print_mode
[/bonus/scratch/tanch/pdls/pdf/lfjt_device.c:1439] => _lfjt_device_diff_paper_size
[/bonus/scratch/tanch/pdls/pdf/lfjt_device.c:1410] => diff_page_size
[/bonus/scratch/tanch/pdls/pdf/lfjt_device.c:1560] => _lfjt_device_add_paper_size
[/bonus/scratch/tanch/pdls/pdf/lfjt_device.c:1537] => add_page_size
[/bonus/scratch/tanch/pdls/pdf/lfjt_device.c:208] => add_key_array_real
[/bonus/scratch/tanch/pdls/pdf/lfjt_device.c:1397] => diff_policies
[/bonus/scratch/tanch/pdls/pdf/lfjt_device.c:1342] => diff_media_type_policy
[/bonus/scratch/tanch/pdls/pdf/lfjt_device.c:1371] => diff_page_size_policy
[/bonus/scratch/tanch/pdls/pdf/lfjt_device.c:1463] => add_policies
[/bonus/scratch/tanch/pdls/pdf/lfjt_device.c:244] => add_key_dict
[/bonus/scratch/tanch/pdls/pdf/lfjt_device.c:1589] => _lfjt_device_diff_paper_tray
[/bonus/scratch/tanch/pdls/pdf/lfjt_device.c:1641] => _lfjt_device_diff_resolution
[/bonus/scratch/tanch/pdls/pdf/lfjt_device.c:1695] => _lfjt_device_diff_slip_sheets
[/bonus/scratch/tanch/pdls/pdf/lfjt_device.c:1739] => _lfjt_device_diff_separator_source
[/bonus/scratch/tanch/pdls/pdf/lfjt_device.c:1808] => _lfjt_device_diff_staple
[/bonus/scratch/tanch/pdls/pdf/lfjt_device.c:1861] => _lfjt_device_diff_tumble
[/bonus/scratch/tanch/pdls/pdf/lfjt_device.c:1899] => _lfjt_device_diff_fold
[/bonus/scratch/tanch/pdls/ps2/p_pparms.c:4949] => AddToPolicyReportDict
[/bonus/scratch/tanch/pdls/ps2/p_pparms2.c:2669] => doNupEndPage
[/bonus/scratch/tanch/pdls/ps2/p_vm.c:3101] => SaveItemGlobal
[/bonus/scratch/tanch/pdls/ps2/p_vm.c:2930] => SaveHdrGlobal
[/bonus/scratch/tanch/pdls/pdf/lfjt_main.c:1114] => lfjt_print_ticket_free
[/bonus/scratch/tanch/pdls/pdf/pdfobjpages.c:2273] => pdfObjPagesAddRfidTag
[/bonus/scratch/tanch/pdls/pdf/pdfobjpages.c:420] => pdfObjPagesGetPageSize
[/bonus/scratch/tanch/pdls/pdf/pdfobjpages.c:850] => pdfObjPagesAdjustBBox
[/bonus/scratch/tanch/pdls/pdf/pdfobjpages.c:910] => pdfObjPagesSubstituteSize
[/bonus/scratch/tanch/pdls/pdf/lfjt_main.c:1281] => lfjt_lookup_paper_size_by_pagesize
[/bonus/scratch/tanch/pdls/pdf/lfjt_builtin.c:1063] => _lfjt_builtin_lookup_paper_size_by_pagesize
[/bonus/scratch/tanch/pdls/pdf/pdfobjpages.c:609] => pdfObjPagesRotate
[/bonus/scratch/tanch/pdls/pdf/pdfobjpages.c:513] => pdfObjPagesGetRotateAngle
[/bonus/scratch/tanch/pdls/pdf/lfjt_main.c:1228] => lfjt_print_ticket_get_scale_to_fit
[/bonus/scratch/tanch/pdls/ps2/p_xform.c:401] => PStranslate
[/bonus/scratch/tanch/pdls/ps2/p_xform.c:598] => PSrotate
[/bonus/scratch/tanch/pdls/ps2/p_xform.c:498] => PSscale
[/bonus/scratch/tanch/pdls/ps2/p_gstate.c:2320] => PSmoveto
[/bonus/scratch/tanch/pdls/ps2/p_gstate.c:2432] => PSlineto
[/bonus/scratch/tanch/pdls/ps2/p_gstate.c:3591] => PSclip
[/bonus/scratch/tanch/pdls/ps2/p_gstate.c:3532] => clipit
[/bonus/scratch/tanch/pdls/ps2/p_gstate.c:2241] => PSnewpath
[/bonus/scratch/tanch/pdls/pdf/pdfobjfont.c:183] => pdfObjFontDefineResources
[/bonus/scratch/tanch/pdls/pdf/pdfobjfont.c:127] => staticFontResourceDefine
[/bonus/scratch/tanch/pdls/pdf/pdfobjfont.c:191] => pdfObjFontCreate
[/bonus/scratch/tanch/pdls/pdf/pdfobjfont.c:1189] => pdfObjFontSetDescriptor
[/bonus/scratch/tanch/pdls/pdf/pdfobjfont.c:1151] => pdfObjFontSetFontName
[/bonus/scratch/tanch/pdls/ps2/p_resrce.c:248] => PSconcatstrings
[/bonus/scratch/tanch/pdls/pdf/pdfobjfont.c:335] => pdfObjFontDefineFont
[/bonus/scratch/tanch/pdls/pdf/pdfobjfontt1.c:187] => pdfObjFontDefineFont_T1
[/bonus/scratch/tanch/pdls/pdf/pdfobjfont.c:1227] => pdfObjFontIsEmbedded
[/bonus/scratch/tanch/pdls/pdf/pdfobjfont.c:393] => pdfObjFontIsBaseFontDefined
[/bonus/scratch/tanch/pdls/ps2/p_vm.c:2614] => DoSaveArray
[/bonus/scratch/tanch/pdls/ps2/p_vm.c:2480] => SaveArrayElem
[/bonus/scratch/tanch/pdls/ps2/p_contrl.c:233] => StrMatch
[/bonus/scratch/tanch/pdls/pdf/pdfobjfont.c:457] => pdfObjFontDoEncoding
[/bonus/scratch/tanch/pdls/pdf/pdfobjfont.c:705] => pdfObjFontDoWidths
[/bonus/scratch/tanch/pdls/pdf/pdfmem.c:83] => pdfMemSave
[/bonus/scratch/tanch/pdls/pdf/pdfobjpages.c:1234] => pdfObjPagesHasTransparency
[/bonus/scratch/tanch/pdls/pdf/pdftransparencydetect.c:666] => _pdf_detect_transparency
[/bonus/scratch/tanch/pdls/pdf/pdftransparencydetect.c:488] => detect_transparency_resources
[/bonus/scratch/tanch/pdls/pdf/pdftransparencydetect.c:452] => loopthru_one_resource_type
[/bonus/scratch/tanch/pdls/pdf/pdftransparencydetect.c:409] => detect_transparency_font
[/bonus/scratch/tanch/pdls/pdf/pdftransparencydetect.c:102] => resolve_psobj
[/bonus/scratch/tanch/pdls/pdf/pdfmem.c:131] => pdfMemRestore
[/bonus/scratch/tanch/pdls/pdf/pdfobjmgr.c:837] => pdfObjMgrForall
[/bonus/scratch/tanch/pdls/pdf/pdfmem.c:92] => staticRestoreSinglePdfObj
[/bonus/scratch/tanch/pdls/ps2/p_vm.c:4309] => PSrestore
[/bonus/scratch/tanch/pdls/ps2/p_vm.c:3885] => dorestore
[/bonus/scratch/tanch/pdls/ps2/p_vm.c:4022] => CheckRestore
[/bonus/scratch/tanch/pdls/ps2/p_cie.c:747] => CheckTheCenvList
[/bonus/scratch/tanch/pdls/ps2/p_vm.c:4142] => PerformRestore
[/bonus/scratch/tanch/pdls/ps2/p_vm.c:3470] => RestoreGraphics
[/bonus/scratch/tanch/pdls/ps2/p_pparms.c:8879] => find_pagedevice_changes
[/bonus/scratch/tanch/pdls/ps2/p_vm.c:2841] => RestoreChainFontID
[/bonus/scratch/tanch/pdls/ps2/p_vm.c:3294] => RestoreDict
[/bonus/scratch/tanch/pdls/ps2/p_vm.c:2676] => RestoreArray
[/bonus/scratch/tanch/pdls/ps2/p_l2grph.c:4050] => DestroyGstateChain
[/bonus/scratch/tanch/pdls/ps2/p_l2grph.c:4102] => RestoreGstates
[/bonus/scratch/tanch/pdls/ps2/p_vm.c:2341] => RestoreLevel
[/bonus/scratch/tanch/pdls/ps2/p_vm.c:2779] => SetSavedArrayFlag
[/bonus/scratch/tanch/pdls/ps2/p_uparam.c:1291] => RestoreUserParams
[/bonus/scratch/tanch/pdls/ps2/p_forms.c:1434] => FormRestore
[/bonus/scratch/tanch/pdls/ps2/p_gstate.c:1304] => PSgsave
[/bonus/scratch/tanch/pdls/pdf/pdfobjstream.c:120] => pdfObjStreamCreate
[/bonus/scratch/tanch/pdls/pdf/pdfscan.c:586] => psDictGetIntegerCheckLog
[/bonus/scratch/tanch/pdls/pdf/pdfscan.c:551] => psDictGetIntegerCheck
[/bonus/scratch/tanch/pdls/pdf/pdfscan.c:387] => pdfRenderStream
[/bonus/scratch/tanch/pdls/pdf/pdfobjstream.c:589] => pdfObjStreamOpen
[/bonus/scratch/tanch/pdls/pdf/pdfobjstream.c:223] => pdfObjStreamOpenExt
[/bonus/scratch/tanch/pdls/ps2/p_filter.c:2271] => PSfilter
[/bonus/scratch/tanch/pdls/ps2/p_filter.c:2501] => CheckFilterName
[/bonus/scratch/tanch/pdls/ps2/p_filter.c:2544] => CreateFilter
[/bonus/scratch/tanch/pdls/ps2/p_filter.c:2363] => GetFilterSrcTargObj
[/bonus/scratch/tanch/pdls/ps2/p_filter.c:342] => subfiledecodeinit
[/bonus/scratch/tanch/pdls/pdf/pdfobjcatalog.c:187] => pdfObjCatalogGetDecrypt
[/bonus/scratch/tanch/pdls/pdf/pdfobjstream.c:393] => pdfObjStreamSetFilters
[/bonus/scratch/tanch/pdls/ps2/p_filter.c:1612] => SubFileDecode
[/bonus/scratch/tanch/pdls/pdf/pdftstate.c:1042] => PDFOP_BT
[/bonus/scratch/tanch/pdls/ps2/p_xform.c:134] => PSmatrix
[/bonus/scratch/tanch/pdls/ps2/p_xform.c:305] => PScurrentmatrix
[/bonus/scratch/tanch/pdls/ps2/p_xform.c:749] => PSconcatmatrix
[/bonus/scratch/tanch/pdls/ps2/p_xform.c:732] => cMatrix
[/bonus/scratch/tanch/pdls/ps2/p_xform.c:836] => PStransform
[/bonus/scratch/tanch/pdls/pdf/pdfobjfont.c:254] => PDFOP_Tf
[/bonus/scratch/tanch/pdls/pdf/pdftstate.c:215] => pdfTStateSetCurFontSize
[/bonus/scratch/tanch/pdls/pdf/pdfresourcemgr.c:262] => pdfResourceMgrFindResource
[/bonus/scratch/tanch/pdls/ps2/p_resrce.c:123] => exec_systemdict_string
[/bonus/scratch/tanch/pdls/pdf/pdftstate.c:244] => PDFOP_Td
[/bonus/scratch/tanch/pdls/pdf/pdftstate.c:437] => PDFOP_Tj
[/bonus/scratch/tanch/pdls/ps2/p_gstate.c:2091] => PScurrentlinewidth
[/bonus/scratch/tanch/pdls/ps2/p_xform.c:706] => PSconcat
[/bonus/scratch/tanch/pdls/ps2/p_xform.c:688] => concat_it
[/bonus/scratch/tanch/pdls/ps2/p_gstate.c:1768] => PSsetlinewidth
[/bonus/scratch/tanch/pdls/pdf/pdfobjoc.c:455] => pdfOC_has_oc
[/bonus/scratch/tanch/pdls/pdf/pdftstate.c:343] => I_TjMoveXY
[/bonus/scratch/tanch/pdls/ps2/p_xform.c:991] => PSitransform
[/bonus/scratch/tanch/pdls/ps2/p_show.c:1365] => PSawidthshow
[/bonus/scratch/tanch/pdls/ps2/p_show.c:767] => DoShow
[/bonus/scratch/tanch/pdls/ps2/p_show.c:629] => PaintText
[/bonus/scratch/tanch/pdls/ps2/p_pattrn.c:700] => Pattern_IsShading
[/bonus/scratch/tanch/pdls/ps2/p_color.c:759] => CopyCenv
[/bonus/scratch/tanch/pdls/ps2/p_fontfg.c:1176] => generic_fontfcn
[/bonus/scratch/tanch/pdls/ps2/p_fontfg.c:2492] => getGlyphNameFromCode
[/bonus/scratch/tanch/pdls/ps2/p_fontfg.c:2418] => HashedNameToGlyphName
[/bonus/scratch/tanch/pdls/ps2/p_fontf1.c:326] => ufst_fontfcn
[/bonus/scratch/tanch/pdls/ps2/p_fontft.c:940] => format_ttf_fc
[/bonus/scratch/tanch/pdls/ps2/p_fontfg.c:833] => format_fc
[/bonus/scratch/tanch/pdls/ps2/p_fontfg.c:555] => handle_character
[/bonus/scratch/tanch/pdls/ufst4/callback.c:609] => if_close_bitmap
[/bonus/scratch/tanch/pdls/ufst4/callback.c:567] => imagefcnIF
[/bonus/scratch/tanch/pdls/ps2/p_color.c:6735] => GetPSEmulXform
[/bonus/scratch/tanch/pdls/ps2/p_color.c:6614] => get_thread_dependent_colorstate_ptr
[/bonus/scratch/tanch/pdls/ps2/p_color.c:4534] => IpsPrepare_rawtodevxform
[/bonus/scratch/tanch/pdls/ps2/p_color.c:3355] => PS_mono2device_cmyk
[/bonus/scratch/tanch/pdls/ps2/p_color.c:3331] => PS_mono2device
[/bonus/scratch/tanch/pdls/ps2/p_color.c:6965] => FreePSEmulXform
[/bonus/scratch/tanch/pdls/pdf/pdftstate.c:363] => I_TjRestoreXY
[/bonus/scratch/tanch/pdls/ps2/p_gstate.c:2270] => PScurrentpoint
[/bonus/scratch/tanch/pdls/ps2/p_xform.c:371] => PSsetmatrix
[/bonus/scratch/tanch/pdls/pdf/pdftstate.c:1080] => PDFOP_ET
[/bonus/scratch/tanch/pdls/pdf/pdfobjstream.c:626] => pdfObjStreamClose
[/bonus/scratch/tanch/pdls/pdf/pdfobjstream.c:601] => pdfObjStreamGetOpenedFile
[/bonus/scratch/tanch/pdls/ps2/p_gstate.c:1375] => PSgrestore
[/bonus/scratch/tanch/pdls/pdf/pdfmem.c:157] => pdfMemClear
[/bonus/scratch/tanch/pdls/pdf/pdfobjstream.c:830] => pdfObjStreamRestore
[/bonus/scratch/tanch/pdls/ps2/p_gstate.c:4316] => PSshowpage
[/bonus/scratch/tanch/pdls/ps2/p_gstate.c:4267] => doShowpage
[/bonus/scratch/tanch/pdls/ps2/p_pparms2.c:2649] => RemoveExtraPaintGray
[/bonus/scratch/tanch/pdls/ps2/p_pparms.c:10000] => FixupStapleForLandscape
[/bonus/scratch/tanch/pdls/common/media_utils.c:759] => pdls_staple_remapping
[/bonus/scratch/tanch/pdls/common/palutil.c:412] => getExpectedMediaSizeInTray
[/bonus/scratch/tanch/pdls/ps2/p_sysif.c:1542] => QueryJobState
[/bonus/scratch/tanch/pdls/ps2/p_vm.c:4935] => SavePSEnvironment
[/bonus/scratch/tanch/pdls/ps2/p_vm.c:4973] => RestorePSEnvironment
[/bonus/scratch/tanch/pdls/ps2/p_l2grph.c:1474] => GetOperIndex
[/bonus/scratch/tanch/pdls/ps2/p_gstate.c:765] => UnWind
[/bonus/scratch/tanch/pdls/pdf/pdfresourcemgr.c:185] => pdfResourceMgrPopResources
[/bonus/scratc