Fri Dec  2 15:21:15 2016 Starting Test Suite
Wait for no jobs at 5 seconds before starting
Wait for no jobs at 5 seconds done
Print Engine is Color
/usr/share/integration-tests/tests/Rendering/regression/use_default_tables.ps: 40/40 bytes sent
XITHREADCOUNT=1
/mnt/tcases/acceptance/HAWKING_50_PAGES.PST: 828330/828330 bytes sent
Page 1 Checksum: 664e49cc
Page 2 Checksum: f7753671
Page 3 Checksum: 19056591
Page 4 Checksum: d7f0ad02
Page 5 Checksum: ce569434
Page 6 Checksum: 8a6dbcb6
Page 7 Checksum: 49d60de6
Page 8 Checksum: 772ada42
Page 9 Checksum: f516c9d2
Page 10 Checksum: 7cf24530
Page 11 Checksum: b7e7f751
Page 12 Checksum: 5bdf3a0b
Page 13 Checksum: 7df6e508
Page 14 Checksum: 14d6fdac
Page 15 Checksum: 5fab6bd2
Page 16 Checksum: e10402f6
Page 17 Checksum: 8039684b
Page 18 Checksum: 41e361fa
Page 19 Checksum: 4c2b8732
Page 20 Checksum: 3627b2b0
Page 21 Checksum: 1475e031
Page 22 Checksum: 38e730ad
Page 23 Checksum: 5afedbaa
Page 24 Checksum: f1def44e
Page 25 Checksum: 3cb36274
Page 26 Checksum: be0bf998
Page 27 Checksum: 5d415eed
Page 28 Checksum: 1eeb589c
Page 29 Checksum: 29337dd4
Page 30 Checksum: c946a7a0
Page 31 Checksum: a794d521
Page 32 Checksum: cc06259d
Page 33 Checksum: ee1dd09a
Page 34 Checksum: 84fde93e
Page 35 Checksum: cfd25764
Page 36 Checksum: 512aee88
Page 37 Checksum: f06053dd
Page 38 Checksum: b20a4d8c
Page 39 Checksum: bc5272c4
Page 40 Checksum: a2285765
Page 41 Checksum: 807684e6
Page 42 Checksum: a4e7d562
Page 43 Checksum: c6ff805f
Page 44 Checksum: 5ddf9903
Page 45 Checksum: a8b40729
Page 46 Checksum: 2a0c9e4d
Page 47 Checksum: c94203a2
Page 48 Checksum: 8aebfd51
Page 49 Checksum: 95342289
Page 50 Checksum: deb6a688
/mnt/tcases/acceptance/ISO-IEC_24712_FCD_Test_Suite-FINAL.pdf: 786350/786350 bytes sent
Page 1 Checksum: b99a88b
Page 2 Checksum: 23ab5595
Page 3 Checksum: b842b179
Page 4 Checksum: d8d3d334
Page 5 Checksum: cb9fa3c0
/mnt/tcases/acceptance/camera.ps: 679225/679225 bytes sent
Page 1 Checksum: c5e59390
/mnt/tcases/pdf/annotation/callout_with_text_NAP.pdf: 16668/16668 bytes sent
Page 1 Checksum: e8589b40
/mnt/tcases/pdf/annotation/simplecap_NAP.pdf: 2933/2933 bytes sent
Page 1 Checksum: cf7b1433
/mnt/tcases/pdf/annotation/watermark/bottom-left/ll_180w.test.pdf: 191073/191073 bytes sent
Page 1 Checksum: 6875e5ad
/mnt/tcases/pdf/annotation/watermark/bottom-left/ll_270w.test.pdf: 191073/191073 bytes sent
Page 1 Checksum: 6875e5ad
/mnt/tcases/pdf/annotation/watermark/bottom-left/ll_90w.test.pdf: 191072/191072 bytes sent
Page 1 Checksum: a357a9bc
/mnt/tcases/pdf/annotation/watermark/bottom-left/ll_w.pdf: 191071/191071 bytes sent
Page 1 Checksum: 6875e5ad
/mnt/tcases/pdf/annotation/watermark/bottom-left/lp_180w.test.pdf: 201460/201460 bytes sent
Page 1 Checksum: aef66464
/mnt/tcases/pdf/annotation/watermark/bottom-left/lp_270w.test.pdf: 201460/201460 bytes sent
Page 1 Checksum: 28e1e50e
/mnt/tcases/pdf/annotation/watermark/bottom-left/lp_90w.test.pdf: 201459/201459 bytes sent
Page 1 Checksum: aef66464
/mnt/tcases/pdf/annotation/watermark/bottom-left/lp_w.pdf: 201461/201461 bytes sent
Page 1 Checksum: aef66464
/mnt/tcases/pdf/annotation/watermark/bottom-left/pl_180w.test.pdf: 200301/200301 bytes sent
Page 1 Checksum: 785d0acd
/mnt/tcases/pdf/annotation/watermark/bottom-left/pl_270w.test.pdf: 200301/200301 bytes sent
Page 1 Checksum: 785d0acd
/mnt/tcases/pdf/annotation/watermark/bottom-left/pl_90w.test.pdf: 200300/200300 bytes sent
Page 1 Checksum: 9b8487db
/mnt/tcases/pdf/annotation/watermark/bottom-left/pl_w.pdf: 200299/200299 bytes sent
Page 1 Checksum: 785d0acd
/mnt/tcases/pdf/annotation/watermark/bottom-left/pp_180w.test.pdf: 200305/200305 bytes sent
Page 1 Checksum: e8589b40
/mnt/tcases/pdf/annotation/watermark/bottom-left/pp_270w.test.pdf: 200305/200305 bytes sent
Page 1 Checksum: a4088c33
/mnt/tcases/pdf/annotation/watermark/bottom-left/pp_90w.test.pdf: 200304/200304 bytes sent
Page 1 Checksum: e8589b40
/mnt/tcases/pdf/annotation/watermark/bottom-left/pp_w.pdf: 200303/200303 bytes sent
Page 1 Checksum: e8589b40
/mnt/tcases/pdf/annotation/watermark/fixedprint_A1.pdf: 197807/197807 bytes sent
Page 1 Checksum: 37f8d9a6
/mnt/tcases/pdf/annotation/watermark/ll-top-right.pdf: 191543/191543 bytes sent
Page 1 Checksum: 6875e5ad
/mnt/tcases/pdf/annotation/watermark/pp-center-90.pdf: 206073/206073 bytes sent
Page 1 Checksum: e8589b40
/mnt/tcases/pdf/annotation/watermark/pp-center.pdf: 200911/200911 bytes sent
Page 1 Checksum: e8589b40
/mnt/tcases/pdf/annotation/watermark/pp_180_45_rotate.pdf: 200975/200975 bytes sent
Page 1 Checksum: e8589b40
/mnt/tcases/pdf/charstrings_from_post/acezgbpc.pdf: 79737/79737 bytes sent
Page 1 Checksum: 9ba15a5
/mnt/tcases/pdf/charstrings_from_post/v1post.pdf: 138937/138937 bytes sent
Page 1 Checksum: 78d82d23
/mnt/tcases/pdf/charstrings_from_post/v3post.pdf: 50309/50309 bytes sent
Page 1 Checksum: 908ded1f
/mnt/tcases/pdf/font_mapping/AvantGarde-Book.pdf: 1616/1616 bytes sent
Page 1 Checksum: 5f1f0061
/mnt/tcases/pdf/font_mapping/AvantGarde-BookOblique.pdf: 1630/1630 bytes sent
Page 1 Checksum: e61731f9
/mnt/tcases/pdf/font_mapping/AvantGarde-Demi.pdf: 1616/1616 bytes sent
Page 1 Checksum: 71a77cb2
/mnt/tcases/pdf/font_mapping/AvantGarde-DemiOblique.pdf: 1630/1630 bytes sent
Page 1 Checksum: 902516fe
/mnt/tcases/pdf/font_mapping/Bookman-Demi.pdf: 1610/1610 bytes sent
Page 1 Checksum: 487be4e9
/mnt/tcases/pdf/font_mapping/Bookman-DemiItalic.pdf: 1622/1622 bytes sent
Page 1 Checksum: 679b5adc
/mnt/tcases/pdf/font_mapping/Bookman-Light.pdf: 1612/1612 bytes sent
Page 1 Checksum: 6ea1a147
/mnt/tcases/pdf/font_mapping/Bookman-LightItalic.pdf: 1624/1624 bytes sent
Page 1 Checksum: 9de9bce6
/mnt/tcases/pdf/font_mapping/CenturySchlbk-Bold.pdf: 1622/1622 bytes sent
Page 1 Checksum: 36505f28
/mnt/tcases/pdf/font_mapping/CenturySchlbk-BoldItalic.pdf: 1634/1634 bytes sent
Page 1 Checksum: 4063d8b2
/mnt/tcases/pdf/font_mapping/CenturySchlbk-Italic.pdf: 1626/1626 bytes sent
Page 1 Checksum: a3174617
/mnt/tcases/pdf/font_mapping/CenturySchlbk-Roman.pdf: 1624/1624 bytes sent
Page 1 Checksum: d2a7aeb3
/mnt/tcases/pdf/font_mapping/Courier-Bold.pdf: 1610/1610 bytes sent
Page 1 Checksum: a81540fb
/mnt/tcases/pdf/font_mapping/Courier-BoldOblique.pdf: 8734/8734 bytes sent
Page 1 Checksum: 62f88ad7
/mnt/tcases/pdf/font_mapping/Courier-Oblique.pdf: 1616/1616 bytes sent
Page 1 Checksum: f5224beb
/mnt/tcases/pdf/font_mapping/Courier.pdf: 1600/1600 bytes sent
Page 1 Checksum: 39c1374c
/mnt/tcases/pdf/font_mapping/Helvetica-Black.pdf: 1616/1616 bytes sent
Page 1 Checksum: cf855ed
/mnt/tcases/pdf/font_mapping/Helvetica-BlackOblique.pdf: 1630/1630 bytes sent
Page 1 Checksum: ce19bcc3
/mnt/tcases/pdf/font_mapping/Helvetica-Bold.pdf: 1614/1614 bytes sent
Page 1 Checksum: c0136a86
/mnt/tcases/pdf/font_mapping/Helvetica-BoldOblique.pdf: 1628/1628 bytes sent
Page 1 Checksum: 66d9908c
/mnt/tcases/pdf/font_mapping/Helvetica-Light.pdf: 1616/1616 bytes sent
Page 1 Checksum: d640daaf
/mnt/tcases/pdf/font_mapping/Helvetica-LightOblique.pdf: 1630/1630 bytes sent
Page 1 Checksum: 90cf0735
/mnt/tcases/pdf/font_mapping/Helvetica-Narrow-Bold.pdf: 1628/1628 bytes sent
Page 1 Checksum: 7db4a777
/mnt/tcases/pdf/font_mapping/Helvetica-Narrow-BoldOblique.pdf: 1642/1642 bytes sent
Page 1 Checksum: 9ac636f5
/mnt/tcases/pdf/font_mapping/Helvetica-Narrow-Oblique.pdf: 1634/1634 bytes sent
Page 1 Checksum: e3f1eb43
/mnt/tcases/pdf/font_mapping/Helvetica-Narrow.pdf: 1618/1618 bytes sent
Page 1 Checksum: 4243d136
/mnt/tcases/pdf/font_mapping/Helvetica-Oblique.pdf: 1620/1620 bytes sent
Page 1 Checksum: 9924d5e
/mnt/tcases/pdf/font_mapping/Helvetica.pdf: 1604/1604 bytes sent
Page 1 Checksum: 5b045bb7
/mnt/tcases/pdf/font_mapping/Palatino-Bold.pdf: 1612/1612 bytes sent
Page 1 Checksum: 5b912ccc
/mnt/tcases/pdf/font_mapping/Palatino-BoldItalic.pdf: 1624/1624 bytes sent
Page 1 Checksum: aca0423d
/mnt/tcases/pdf/font_mapping/Palatino-Italic.pdf: 1616/1616 bytes sent
Page 1 Checksum: 7c45268e
/mnt/tcases/pdf/font_mapping/Palatino-Roman.pdf: 1614/1614 bytes sent
Page 1 Checksum: 8c93d52
/mnt/tcases/pdf/font_mapping/Symbol.pdf: 1598/1598 bytes sent
Page 1 Checksum: 1e335a7
/mnt/tcases/pdf/font_mapping/Times-Bold.pdf: 1606/1606 bytes sent
Page 1 Checksum: ce5ac597
/mnt/tcases/pdf/font_mapping/Times-BoldItalic.pdf: 1618/1618 bytes sent
Page 1 Checksum: 59922107
/mnt/tcases/pdf/font_mapping/Times-Italic.pdf: 1610/1610 bytes sent
Page 1 Checksum: 75b9e9fc
/mnt/tcases/pdf/font_mapping/Times-Roman.pdf: 1608/1608 bytes sent
Page 1 Checksum: ffc70e58
/mnt/tcases/pdf/font_mapping/ZapfChancery-MediumItalic.pdf: 1636/1636 bytes sent
Page 1 Checksum: 4446eae4
/mnt/tcases/pdf/font_mapping/ZapfDingbats.pdf: 1610/1610 bytes sent
Page 1 Checksum: 73158a37
/mnt/tcases/pdf/font_mapping/comic-non.pdf: 10625/10625 bytes sent
Page 1 Checksum: 52e41a12
/mnt/tcases/pdf/font_mapping/georgia.pdf: 13844/13844 bytes sent
Page 1 Checksum: 3d3c0cbc
/mnt/tcases/pdf/font_mapping/lucidaconsole.pdf: 9913/9913 bytes sent
Page 1 Checksum: 1b3ddb5e
/mnt/tcases/pdf/font_mapping/lucidasans.pdf: 14225/14225 bytes sent
Page 1 Checksum: 6f294420
/mnt/tcases/pdf/font_mapping/mediaonly_nrml.pdf: 1591/1591 bytes sent
Page 1 Checksum: 199d4db1
/mnt/tcases/pdf/font_mapping/non-embedded/arial-bold.pdf: 7736/7736 bytes sent
Page 1 Checksum: 4de9fd74
/mnt/tcases/pdf/font_mapping/non-embedded/arial-bolditalic.pdf: 7748/7748 bytes sent
Page 1 Checksum: 9e4475b6
/mnt/tcases/pdf/font_mapping/non-embedded/arial-italic.pdf: 7745/7745 bytes sent
Page 1 Checksum: 49860adf
/mnt/tcases/pdf/font_mapping/non-embedded/arial.pdf: 7725/7725 bytes sent
Page 1 Checksum: 3dce507b
/mnt/tcases/pdf/font_mapping/non-embedded/batang-bold.pdf: 43270/43270 bytes sent
Page 1 Checksum: 4c681fb2
/mnt/tcases/pdf/font_mapping/non-embedded/batang-bolditalic.pdf: 43281/43281 bytes sent
Page 1 Checksum: 21dd42c2
/mnt/tcases/pdf/font_mapping/non-embedded/batang-italic.pdf: 43227/43227 bytes sent
Page 1 Checksum: 65d8206f
/mnt/tcases/pdf/font_mapping/non-embedded/batang.pdf: 43223/43223 bytes sent
Page 1 Checksum: b10c7f64
/mnt/tcases/pdf/font_mapping/non-embedded/comic-bold.pdf: 8741/8741 bytes sent
Page 1 Checksum: 8faf2e56
/mnt/tcases/pdf/font_mapping/non-embedded/comic-bolditalic.pdf: 14639/14639 bytes sent
Page 1 Checksum: 528ebf04
/mnt/tcases/pdf/font_mapping/non-embedded/comic-italic.pdf: 16380/16380 bytes sent
Page 1 Checksum: b3126d9b
/mnt/tcases/pdf/font_mapping/non-embedded/comic.pdf: 16375/16375 bytes sent
Page 1 Checksum: cdd06094
/mnt/tcases/pdf/font_mapping/non-embedded/couriernew-bold.pdf: 9362/9362 bytes sent
Page 1 Checksum: c3ac6260
/mnt/tcases/pdf/font_mapping/non-embedded/couriernew-bolditalic.pdf: 9406/9406 bytes sent
Page 1 Checksum: df5cf2df
/mnt/tcases/pdf/font_mapping/non-embedded/couriernew-italic.pdf: 9406/9406 bytes sent
Page 1 Checksum: 5147bc57
/mnt/tcases/pdf/font_mapping/non-embedded/couriernew.pdf: 9358/9358 bytes sent
Page 1 Checksum: 8f2f00ad
/mnt/tcases/pdf/font_mapping/non-embedded/gautami-bold.pdf: 7736/7736 bytes sent
Page 1 Checksum: 4de9fd74
/mnt/tcases/pdf/font_mapping/non-embedded/gautami-bolditalic.pdf: 7748/7748 bytes sent
Page 1 Checksum: 9e4475b6
/mnt/tcases/pdf/font_mapping/non-embedded/gautami-italic.pdf: 7745/7745 bytes sent
Page 1 Checksum: 49860adf
/mnt/tcases/pdf/font_mapping/non-embedded/gautami.pdf: 7725/7725 bytes sent
Page 1 Checksum: 3dce507b
/mnt/tcases/pdf/font_mapping/non-embedded/geogia-bold.pdf: 7748/7748 bytes sent
Page 1 Checksum: b9e4035
/mnt/tcases/pdf/font_mapping/non-embedded/geogia-bolditalic.pdf: 7759/7759 bytes sent
Page 1 Checksum: 16e589a9
/mnt/tcases/pdf/font_mapping/non-embedded/geogia-italic.pdf: 7743/7743 bytes sent
Page 1 Checksum: 76c9ad9a
/mnt/tcases/pdf/font_mapping/non-embedded/geogia.pdf: 7716/7716 bytes sent
Page 1 Checksum: 5a4a1a62
/mnt/tcases/pdf/font_mapping/non-embedded/gulim-bold.pdf: 35109/35109 bytes sent
Page 1 Checksum: 20931966
/mnt/tcases/pdf/font_mapping/non-embedded/gulim-bolditalic.pdf: 35112/35112 bytes sent
Page 1 Checksum: 75daef3b
/mnt/tcases/pdf/font_mapping/non-embedded/gulim-italic.pdf: 35053/35053 bytes sent
Page 1 Checksum: fa2164a8
/mnt/tcases/pdf/font_mapping/non-embedded/gulim.pdf: 35053/35053 bytes sent
Page 1 Checksum: bd1161df
/mnt/tcases/pdf/font_mapping/non-embedded/impact-bold.pdf: 7754/7754 bytes sent
Page 1 Checksum: c250b79c
/mnt/tcases/pdf/font_mapping/non-embedded/impact-bolditalic.pdf: 7764/7764 bytes sent
Page 1 Checksum: 1d0a50b
/mnt/tcases/pdf/font_mapping/non-embedded/impact-italic.pdf: 7729/7729 bytes sent
Page 1 Checksum: 765ffdab
/mnt/tcases/pdf/font_mapping/non-embedded/impact.pdf: 7725/7725 bytes sent
Page 1 Checksum: 12815864
/mnt/tcases/pdf/font_mapping/non-embedded/kartika-bold.pdf: 12213/12213 bytes sent
Page 1 Checksum: 2b9516e5
/mnt/tcases/pdf/font_mapping/non-embedded/kartika-bolditalic.pdf: 12218/12218 bytes sent
Page 1 Checksum: 496521ff
/mnt/tcases/pdf/font_mapping/non-embedded/kartika-italic.pdf: 12187/12187 bytes sent
Page 1 Checksum: 69d78500
/mnt/tcases/pdf/font_mapping/non-embedded/kartika.pdf: 12182/12182 bytes sent
Page 1 Checksum: 560843e0
/mnt/tcases/pdf/font_mapping/non-embedded/latha-bold.pdf: 7736/7736 bytes sent
Page 1 Checksum: 4de9fd74
/mnt/tcases/pdf/font_mapping/non-embedded/latha-bolditalic.pdf: 7748/7748 bytes sent
Page 1 Checksum: 9e4475b6
/mnt/tcases/pdf/font_mapping/non-embedded/latha-italic.pdf: 7745/7745 bytes sent
Page 1 Checksum: 49860adf
/mnt/tcases/pdf/font_mapping/non-embedded/latha.pdf: 7725/7725 bytes sent
Page 1 Checksum: 3dce507b
/mnt/tcases/pdf/font_mapping/non-embedded/lucida-bold.pdf: 14683/14683 bytes sent
Page 1 Checksum: ff67ca42
/mnt/tcases/pdf/font_mapping/non-embedded/lucida-bolditalic.pdf: 15127/15127 bytes sent
Page 1 Checksum: dda36b15
/mnt/tcases/pdf/font_mapping/non-embedded/lucida-italic.pdf: 14950/14950 bytes sent
Page 1 Checksum: 2063ce36
/mnt/tcases/pdf/font_mapping/non-embedded/lucida.pdf: 14779/14779 bytes sent
Page 1 Checksum: a56a5f96
/mnt/tcases/pdf/font_mapping/non-embedded/lucidaconsole-bold.pdf: 7776/7776 bytes sent
Page 1 Checksum: 914b5cbb
/mnt/tcases/pdf/font_mapping/non-embedded/lucidaconsole-bolditalic.pdf: 7786/7786 bytes sent
Page 1 Checksum: deddc65a
/mnt/tcases/pdf/font_mapping/non-embedded/lucidaconsole-italic.pdf: 7765/7765 bytes sent
Page 1 Checksum: a1ff1b37
/mnt/tcases/pdf/font_mapping/non-embedded/lucidaconsole.pdf: 7761/7761 bytes sent
Page 1 Checksum: 70112dab
/mnt/tcases/pdf/font_mapping/non-embedded/lucidaunicode-bold.pdf: 15338/15338 bytes sent
Page 1 Checksum: 10deb178
/mnt/tcases/pdf/font_mapping/non-embedded/lucidaunicode-bolditalic.pdf: 15346/15346 bytes sent
Page 1 Checksum: 8eca6592
/mnt/tcases/pdf/font_mapping/non-embedded/lucidaunicode-italic.pdf: 15329/15329 bytes sent
Page 1 Checksum: e73b8bde
/mnt/tcases/pdf/font_mapping/non-embedded/lucidaunicode.pdf: 15320/15320 bytes sent
Page 1 Checksum: 39c20fb4
/mnt/tcases/pdf/font_mapping/non-embedded/mangal-bold.pdf: 7736/7736 bytes sent
Page 1 Checksum: 4de9fd74
/mnt/tcases/pdf/font_mapping/non-embedded/mangal-bolditalic.pdf: 7748/7748 bytes sent
Page 1 Checksum: 9e4475b6
/mnt/tcases/pdf/font_mapping/non-embedded/mangal-italic.pdf: 7745/7745 bytes sent
Page 1 Checksum: 49860adf
/mnt/tcases/pdf/font_mapping/non-embedded/mangal.pdf: 7725/7725 bytes sent
Page 1 Checksum: 3dce507b
/mnt/tcases/pdf/font_mapping/non-embedded/marlett-bold.pdf: 11630/11630 bytes sent
Page 1 Checksum: 903921c1
/mnt/tcases/pdf/font_mapping/non-embedded/marlett-bolditalic.pdf: 11639/11639 bytes sent
Page 1 Checksum: 8c986fbf
/mnt/tcases/pdf/font_mapping/non-embedded/marlett-italic.pdf: 11644/11644 bytes sent
Page 1 Checksum: f4b5e1bb
/mnt/tcases/pdf/font_mapping/non-embedded/marlett.pdf: 11635/11635 bytes sent
Page 1 Checksum: 5bc912bd
/mnt/tcases/pdf/font_mapping/non-embedded/mincho-bold.pdf: 29053/29053 bytes sent
Page 1 Checksum: 46ac3c97
/mnt/tcases/pdf/font_mapping/non-embedded/mincho-bolditalic.pdf: 29060/29060 bytes sent
Page 1 Checksum: 932fb0c2
/mnt/tcases/pdf/font_mapping/non-embedded/mincho-italic.pdf: 29047/29047 bytes sent
Page 1 Checksum: 20e21b3e
/mnt/tcases/pdf/font_mapping/non-embedded/mincho.pdf: 29046/29046 bytes sent
Page 1 Checksum: b166e116
/mnt/tcases/pdf/font_mapping/non-embedded/mssansarif-bold.pdf: 18184/18184 bytes sent
Page 1 Checksum: a8ea3dfd
/mnt/tcases/pdf/font_mapping/non-embedded/mssansarif-bolditalic.pdf: 18192/18192 bytes sent
Page 1 Checksum: 51df473d
/mnt/tcases/pdf/font_mapping/non-embedded/mssansarif-italic.pdf: 18177/18177 bytes sent
Page 1 Checksum: adff8ce6
/mnt/tcases/pdf/font_mapping/non-embedded/mssansarif.pdf: 18172/18172 bytes sent
Page 1 Checksum: c584b615
/mnt/tcases/pdf/font_mapping/non-embedded/mvboli-bold.pdf: 7740/7740 bytes sent
Page 1 Checksum: 3156aeb3
/mnt/tcases/pdf/font_mapping/non-embedded/mvboli-bolditalic.pdf: 7751/7751 bytes sent
Page 1 Checksum: b9f0653d
/mnt/tcases/pdf/font_mapping/non-embedded/mvboli.pdf: 7720/7720 bytes sent
Page 1 Checksum: 36172aa2
/mnt/tcases/pdf/font_mapping/non-embedded/raavi-bold.pdf: 7740/7740 bytes sent
Page 1 Checksum: 3156aeb3
/mnt/tcases/pdf/font_mapping/non-embedded/raavi-bolditalic.pdf: 7751/7751 bytes sent
Page 1 Checksum: b9f0653d
/mnt/tcases/pdf/font_mapping/non-embedded/raavi-italic.pdf: 7749/7749 bytes sent
Page 1 Checksum: 5ea00c10
/mnt/tcases/pdf/font_mapping/non-embedded/raavi.pdf: 7726/7726 bytes sent
Page 1 Checksum: 36172aa2
/mnt/tcases/pdf/font_mapping/non-embedded/shruti-bold.pdf: 7740/7740 bytes sent
Page 1 Checksum: 3156aeb3
/mnt/tcases/pdf/font_mapping/non-embedded/shruti-bolditalic.pdf: 7751/7751 bytes sent
Page 1 Checksum: b9f0653d
/mnt/tcases/pdf/font_mapping/non-embedded/shruti-italic.pdf: 7749/7749 bytes sent
Page 1 Checksum: 5ea00c10
/mnt/tcases/pdf/font_mapping/non-embedded/shruti.pdf: 7726/7726 bytes sent
Page 1 Checksum: 36172aa2
/mnt/tcases/pdf/font_mapping/non-embedded/sylfaen-bold.pdf: 17191/17191 bytes sent
Page 1 Checksum: 887d7e6c
/mnt/tcases/pdf/font_mapping/non-embedded/sylfaen-bolditalic.pdf: 17201/17201 bytes sent
Page 1 Checksum: 52b91dbd
/mnt/tcases/pdf/font_mapping/non-embedded/sylfaen-italic.pdf: 17199/17199 bytes sent
Page 1 Checksum: 6e442c58
/mnt/tcases/pdf/font_mapping/non-embedded/sylfaen.pdf: 17193/17193 bytes sent
Page 1 Checksum: 2fe63e5c
/mnt/tcases/pdf/font_mapping/non-embedded/tahoma-bold.pdf: 7737/7737 bytes sent
Page 1 Checksum: 74d00d63
/mnt/tcases/pdf/font_mapping/non-embedded/tahoma-bolditalic.pdf: 7740/7740 bytes sent
Page 1 Checksum: bed5a26c
/mnt/tcases/pdf/font_mapping/non-embedded/tahoma-italic.pdf: 7745/7745 bytes sent
Page 1 Checksum: 4b2ca903
/mnt/tcases/pdf/font_mapping/non-embedded/tahoma.pdf: 7741/7741 bytes sent
Page 1 Checksum: 2634cfb6
/mnt/tcases/pdf/font_mapping/non-embedded/times-bold.pdf: 7775/7775 bytes sent
Page 1 Checksum: 3f5f891a
/mnt/tcases/pdf/font_mapping/non-embedded/times-bolditallic.pdf: 7808/7808 bytes sent
Page 1 Checksum: e8722b3c
/mnt/tcases/pdf/font_mapping/non-embedded/times-italic.pdf: 7783/7783 bytes sent
Page 1 Checksum: dc50ddd4
/mnt/tcases/pdf/font_mapping/non-embedded/times.pdf: 7764/7764 bytes sent
Page 1 Checksum: f4d2eeb4
/mnt/tcases/pdf/font_mapping/non-embedded/trebuchet-bold.pdf: 7771/7771 bytes sent
Page 1 Checksum: 5b8a1371
/mnt/tcases/pdf/font_mapping/non-embedded/trebuchet-bolditalic.pdf: 7776/7776 bytes sent
Page 1 Checksum: 7a2d1f8e
/mnt/tcases/pdf/font_mapping/non-embedded/trebuchet-italic.pdf: 7765/7765 bytes sent
Page 1 Checksum: ed653243
/mnt/tcases/pdf/font_mapping/non-embedded/trebuchet.pdf: 7745/7745 bytes sent
Page 1 Checksum: ca393b4d
/mnt/tcases/pdf/font_mapping/non-embedded/tunga-bold.pdf: 7741/7741 bytes sent
Page 1 Checksum: 3156aeb3
/mnt/tcases/pdf/font_mapping/non-embedded/tunga-bolditalic.pdf: 7752/7752 bytes sent
Page 1 Checksum: b9f0653d
/mnt/tcases/pdf/font_mapping/non-embedded/tunga-italic.pdf: 7750/7750 bytes sent
Page 1 Checksum: 5ea00c10
/mnt/tcases/pdf/font_mapping/non-embedded/tunga.pdf: 7727/7727 bytes sent
Page 1 Checksum: 36172aa2
/mnt/tcases/pdf/font_mapping/non-embedded/verdana-bold-italic.pdf: 7755/7755 bytes sent
Page 1 Checksum: bcdb30b4
/mnt/tcases/pdf/font_mapping/non-embedded/verdana-bold.pdf: 7736/7736 bytes sent
Page 1 Checksum: 26b4bb8c
/mnt/tcases/pdf/font_mapping/non-embedded/verdana-italic.pdf: 7748/7748 bytes sent
Page 1 Checksum: edea1e47
/mnt/tcases/pdf/font_mapping/non-embedded/verdana.pdf: 7734/7734 bytes sent
Page 1 Checksum: 84047c79
/mnt/tcases/pdf/font_mapping/non-embedded/vrinda-bold.pdf: 12877/12877 bytes sent
Page 1 Checksum: e23dc00b
/mnt/tcases/pdf/font_mapping/non-embedded/vrinda-bolditalic.pdf: 12890/12890 bytes sent
Page 1 Checksum: 95ac7700
/mnt/tcases/pdf/font_mapping/non-embedded/vrinda-italic.pdf: 12855/12855 bytes sent
Page 1 Checksum: d8d91154
/mnt/tcases/pdf/font_mapping/non-embedded/vrinda.pdf: 12855/12855 bytes sent
Page 1 Checksum: b50175eb
/mnt/tcases/pdf/font_mapping/sylfaen.pdf: 9797/9797 bytes sent
Page 1 Checksum: c2ff8a1d
/mnt/tcases/pdf/font_mapping/test-embedded.pdf: 1262723/1262723 bytes sent
Page 1 Checksum: bc31582e
Page 2 Checksum: f892ac0d
Page 3 Checksum: f1b1b2f5
Page 4 Checksum: 7957dd45
Page 5 Checksum: 54d417e8
Page 6 Checksum: 8eaaa7b6
Page 7 Checksum: a36f98d5
Page 8 Checksum: 3ed0959b
Page 9 Checksum: 1d05faa0
Page 10 Checksum: 718b7263
Page 11 Checksum: a3778d33
Page 12 Checksum: 5d412b8a
Page 13 Checksum: b2391dd5
Page 14 Checksum: 6f20443f
Page 15 Checksum: e8dba5f8
Page 16 Checksum: cf75cff0
Page 17 Checksum: d349d804
Page 18 Checksum: 46578eea
Page 19 Checksum: 52a926dc
Page 20 Checksum: 5d5c8e49
Page 21 Checksum: a309d2ee
Page 22 Checksum: e352aec4
Page 23 Checksum: f8b9471a
Page 24 Checksum: 75409ef5
/mnt/tcases/pdf/font_mapping/test-nonembedded.pdf: 98688/98688 bytes sent
Page 1 Checksum: a232e788
Page 2 Checksum: 712a44c2
Page 3 Checksum: c5196425
Page 4 Checksum: 98f1defe
Page 5 Checksum: d0350c02
Page 6 Checksum: 46384001
Page 7 Checksum: aa28c203
Page 8 Checksum: 499962df
Page 9 Checksum: 3e8148c5
Page 10 Checksum: b55377d5
Page 11 Checksum: 32886da1
Page 12 Checksum: 626e722b
Page 13 Checksum: 6ed77ed
Page 14 Checksum: b566b29b
Page 15 Checksum: 80a5b567
Page 16 Checksum: 3c79c3ff
Page 17 Checksum: 348f85af
Page 18 Checksum: 403fb8b8
Page 19 Checksum: 8d2488a
Page 20 Checksum: 1df862af
Page 21 Checksum: 759d0132
/mnt/tcases/pdf/font_mapping/test.pdf: 1284736/1284736 bytes sent
Page 1 Checksum: bb9abbc
Page 2 Checksum: b5e967ca
Page 3 Checksum: b226f57b
Page 4 Checksum: 5546547e
Page 5 Checksum: efd91bb5
Page 6 Checksum: 59ca102b
Page 7 Checksum: 9bb3ca62
Page 8 Checksum: d8ceb218
Page 9 Checksum: 254c4960
Page 10 Checksum: c1107fdd
Page 11 Checksum: e7cc9498
Page 12 Checksum: 5b024447
Page 13 Checksum: 7691ff85
Page 14 Checksum: f3d0b21a
Page 15 Checksum: 6ed77ed
Page 16 Checksum: 77a0dec6
Page 17 Checksum: 39109903
Page 18 Checksum: 95ca5d88
Page 19 Checksum: 86c79387
Page 20 Checksum: c597de01
Page 21 Checksum: 376a7305
Page 22 Checksum: 23d21c2e
Page 23 Checksum: 3ad46671
Page 24 Checksum: 61ebe410
/mnt/tcases/pdf/font_mapping/unicode.pdf: 9856/9856 bytes sent
Page 1 Checksum: 3bbd37a4
/mnt/tcases/pdf/fonts/report.pdf: 134224/134224 bytes sent
Page 1 Checksum: 88086c5b
Page 2 Checksum: 69ab7a44
/mnt/tcases/pdf/invalidxref/hybrid_entry_l.pdf: 49416/49416 bytes sent
Page 1 Checksum: f2dc98e
Page 2 Checksum: a7f5b3fd
/mnt/tcases/pdf/invalidxref/tables_entry.pdf: 13511/13511 bytes sent
Page 1 Checksum: e8589b40
/mnt/tcases/pdf/invalidxref/tables_startxref.pdf: 13511/13511 bytes sent
Page 1 Checksum: e8589b40
/mnt/tcases/pdf/invalidxref/xrefstm_startxref_l.pdf: 251670/251670 bytes sent
Page 1 Checksum: 77da09f1
/mnt/tcases/pdf/optional_content/contentgroup-anyOn.pdf: 1931/1931 bytes sent
Page 1 Checksum: 756482af
/mnt/tcases/pdf/optional_content/contentgroup-basestate-off.pdf: 1877/1877 bytes sent
Page 1 Checksum: c0c60941
/mnt/tcases/pdf/optional_content/contentgroup-usage.pdf: 1847/1847 bytes sent
Page 1 Checksum: 6017c0b7
/mnt/tcases/pdf/optional_content/contentgroup-usage.pdf.orig: 1847/1847 bytes sent
Page 1 Checksum: 6017c0b7
/mnt/tcases/pdf/optional_content/contentgroup-ve1.pdf: 1961/1961 bytes sent
Page 1 Checksum: 756482af
/mnt/tcases/pdf/optional_content/pathops.pdf: 1886/1886 bytes sent
Page 1 Checksum: 6fd005d4
/mnt/tcases/pdf/optional_content/xobj_form_oc.pdf: 5028/5028 bytes sent
Page 1 Checksum: 5a0e9b58
/mnt/tcases/pdf/password_prompting/unencrypted.pdf: 814/814 bytes sent
Page 1 Checksum: 7e80e758
/mnt/tcases/pdf/stateless_paths/paths01.pdf: 982/982 bytes sent
Page 1 Checksum: 3c275aba
/mnt/tcases/pdf/stateless_paths/paths02.pdf: 1044/1044 bytes sent
Page 1 Checksum: dee5164f
/mnt/tcases/pdf/stateless_paths/paths03.pdf: 202130/202130 bytes sent
Page 1 Checksum: 4a9401d5
/mnt/tcases/pdf/stateless_paths/paths03e.pdf: 1184697/1184697 bytes sent
Page 1 Checksum: 4a9401d5
/mnt/tcases/pdf/stateless_paths/paths04.pdf: 956/956 bytes sent
Page 1 Checksum: a5d66026
/mnt/tcases/pdf/stateless_paths/paths05.pdf: 4325/4325 bytes sent
Page 1 Checksum: 8a7809a0
/mnt/tcases/pdf/viewer_prefs/empty_range.pdf: 126149/126149 bytes sent
Page 1 Checksum: afe1909d
Page 2 Checksum: ed3dc632
Page 3 Checksum: b93c0351
Page 4 Checksum: 84ec4977
/mnt/tcases/pdf/viewer_prefs/mix.pdf: 110345/110345 bytes sent
Page 1 Checksum: 1c09ca14
/mnt/tcases/pdf/viewer_prefs/neg_range.pdf: 110456/110456 bytes sent
Page 1 Checksum: 771f6388
Page 2 Checksum: 11ecfcf5
Page 3 Checksum: 3790a49e
/mnt/tcases/pdf/viewer_prefs/null_viewprefs.pdf: 126129/126129 bytes sent
Page 1 Checksum: afe1909d
Page 2 Checksum: ed3dc632
Page 3 Checksum: b93c0351
Page 4 Checksum: 84ec4977
/mnt/tcases/pdf/viewer_prefs/num_cp6.pdf: 110510/110510 bytes sent
Page 1 Checksum: 6875e5ad
/mnt/tcases/pdf/viewer_prefs/odd_range.pdf: 110453/110453 bytes sent
Page 1 Checksum: 771f6388
Page 2 Checksum: 11ecfcf5
Page 3 Checksum: 3790a49e
/mnt/tcases/pdf/viewer_prefs/override.pdf: 110439/110439 bytes sent
Page 1 Checksum: 771f6388
Page 2 Checksum: 11ecfcf5
Page 3 Checksum: 3790a49e
/mnt/tcases/pdf/viewer_prefs/p4_3up.pdf: 126432/126432 bytes sent
Page 1 Checksum: 771f6388
Page 2 Checksum: 11ecfcf5
Page 3 Checksum: 3790a49e
Page 4 Checksum: 771f6388
Page 5 Checksum: 11ecfcf5
Page 6 Checksum: 3790a49e
/mnt/tcases/pdf/viewer_prefs/p4_4up.pdf: 150936/150936 bytes sent
Page 1 Checksum: f9d99306
Page 2 Checksum: 788ee140
/mnt/tcases/pdf/viewer_prefs/viewPrefs.pdf: 110510/110510 bytes sent
Page 1 Checksum: 1e33255b
/mnt/tcases/pdf/widths_to_metrics/72_17235.pdf: 270615/270615 bytes sent
Page 1 Checksum: 771f6388
Page 2 Checksum: 11ecfcf5
Page 3 Checksum: 3790a49e
Page 4 Checksum: 771f6388
Page 5 Checksum: 11ecfcf5
Page 6 Checksum: 3790a49e
/mnt/tcases/pdf/widths_to_metrics/aeazagp3.pdf: 251671/251671 bytes sent
Page 1 Checksum: 52b60a48
/mnt/tcases/pdf/widths_to_metrics/widths01.pdf: 1908/1908 bytes sent
Page 1 Checksum: 2a11bdde
Page 2 Checksum: 55f9c256
Page 3 Checksum: 2728b445
Page 4 Checksum: 5225c045
Page 5 Checksum: 12e66ce1
/mnt/tcases/pdf/widths_to_metrics/widths02.pdf: 14273/14273 bytes sent
Page 1 Checksum: 283aa980
/mnt/tcases/pdf/widths_to_metrics/widths03.pdf: 1864/1864 bytes sent
Page 1 Checksum: c811e03f
/mnt/tcases/pdf/widths_to_metrics/widths04.pdf: 26045/26045 bytes sent
Page 1 Checksum: 70322ead
/mnt/tcases/pdf/widths_to_metrics/widths05.pdf: 9080/9080 bytes sent
Page 1 Checksum: cf7b1433
/mnt/tcases/ql7/cobra/ps/EX4T31DS.prn: 90959/90959 bytes sent
Page 1 Checksum: ee000aee
/mnt/tcases/ql7/cobra/ps/EX4T41DM.prn: 1413687/1413687 bytes sent
Page 1 Checksum: 41086082
Page 2 Checksum: 2bcabab
/mnt/tcases/ql7/cobra/ps/EX4T71CC.prn: 2642543/2642543 bytes sent
Page 1 Checksum: b2409129
Page 2 Checksum: c787d73b
Page 3 Checksum: 64fea77f
Page 4 Checksum: 199e9df8
Page 5 Checksum: 6184239a
Page 6 Checksum: b9f49e77
Page 7 Checksum: e7d97165
Page 8 Checksum: 6b63caaf
Page 9 Checksum: 4d824743
/mnt/tcases/ql7/cobra/ps/EX4TA1CT.prn: 599740/599740 bytes sent
Page 1 Checksum: c4461a6f
/mnt/tcases/ql7/cobra/ps/IE8Z31CM.prn: 113100/113100 bytes sent
Page 1 Checksum: c1aa1fe0
Page 2 Checksum: b37fe9c3
Page 3 Checksum: 50f94a08
/mnt/tcases/ql7/cobra/ps/IE8Z41CM.prn: 2822525/2822525 bytes sent
Page 1 Checksum: 5c8ddcf6
Page 2 Checksum: be8fb264
Page 3 Checksum: 8dfae4c
/mnt/tcases/ql7/cobra/ps/IE8Z61CC.prn: 1127099/1127099 bytes sent
Page 1 Checksum: cc7080de
Page 2 Checksum: ce9583eb
Page 3 Checksum: 6ea8aeb6
Page 4 Checksum: 597f69a6
Page 5 Checksum: 9b7eb6f5
Page 6 Checksum: 2c9a149f
Page 7 Checksum: b54a5532
/mnt/tcases/ql7/cobra/ps/IE8Z71CC.prn: 1349589/1349589 bytes sent
Page 1 Checksum: ed06dc6c
Page 2 Checksum: 5690bdb7
Page 3 Checksum: 226c47dc
Page 4 Checksum: 68bf6af0
Page 5 Checksum: 67b7205c
Page 6 Checksum: 2ba54854
/mnt/tcases/ql7/cobra/ps/IE8ZB1DC.prn: 1780206/1780206 bytes sent
Page 1 Checksum: 40f32871
Page 2 Checksum: eb0f7b73
Page 3 Checksum: df203181
Page 4 Checksum: 1d7fe440
/mnt/tcases/ql7/cobra/ps/PL4T31CM.prn: 175621/175621 bytes sent
Page 1 Checksum: cc6875a5
Page 2 Checksum: 84a8f99e
Page 3 Checksum: c97f04aa
/mnt/tcases/ql7/cobra/ps/PL4T41CM.prn: 1233441/1233441 bytes sent
Page 1 Checksum: 54ce28db
Page 2 Checksum: 365ba92
Page 3 Checksum: ffa0433a
Page 4 Checksum: 8c088227
/mnt/tcases/ql7/cobra/ps/PW4T31NM.prn: 1768464/1768464 bytes sent
Page 1 Checksum: f56b9447
Page 2 Checksum: b1ee37e4
Page 3 Checksum: eb037c7a
/mnt/tcases/ql7/cobra/ps/WW4T31CM.prn: 533329/533329 bytes sent
Page 1 Checksum: af0b746b
/mnt/tcases/ql7/pdf-distiller11/ACTN41CM.pdf: 882057/882057 bytes sent
Page 1 Checksum: 155d1285
Page 2 Checksum: 653a2347
Page 3 Checksum: edfe4412
Page 4 Checksum: e59f161b
Page 5 Checksum: f62d0e88
/mnt/tcases/ql7/pdf-distiller11/EX4TB1CC.pdf: 2358942/2358942 bytes sent
Page 1 Checksum: 86609dab
Page 2 Checksum: 280e99e7
Page 3 Checksum: 98903f37
Page 4 Checksum: f1a0bc8f
Page 5 Checksum: 655097ef
Page 6 Checksum: 497de4bc
/mnt/tcases/ql7/pdf-distiller11/IE8Z51CC.pdf: 431070/431070 bytes sent
Page 1 Checksum: f79f221b
Page 2 Checksum: f226af07
/mnt/tcases/ql7/pdf-distiller11/IE8Z71CC.pdf: 209809/209809 bytes sent
Page 1 Checksum: d61776df
Page 2 Checksum: 26630dfc
Page 3 Checksum: e62d7c79
/mnt/tcases/ql7/pdf-distiller11/PL4T31CM.pdf: 161213/161213 bytes sent
Page 1 Checksum: 2cf1be13
Page 2 Checksum: 837c4249
Page 3 Checksum: b34e60e
/mnt/tcases/ql7/pdf-distiller11/PL4TA1CC.pdf: 2760887/2760887 bytes sent
Page 1 Checksum: 3dc0bee0
Page 2 Checksum: f8d086aa
Page 3 Checksum: dc48d604
Page 4 Checksum: 84bff650
Page 5 Checksum: 61855823
Page 6 Checksum: 2343d7b8
Page 7 Checksum: 85210c3e
Page 8 Checksum: c3fcff75
Page 9 Checksum: 358403e9
Page 10 Checksum: 2a158cb4
Page 11 Checksum: 39e23c2b
Page 12 Checksum: 6e326127
Page 13 Checksum: 55365044
Page 14 Checksum: 817f9bbf
Page 15 Checksum: 3c15b054
Page 16 Checksum: e08023ad
Page 17 Checksum: fd96b
Page 18 Checksum: d374545
Page 19 Checksum: ed747aa6
Page 20 Checksum: 10f9c553
Page 21 Checksum: 85aaa966
Page 22 Checksum: 2919f227
Page 23 Checksum: 3d80a0fd
Page 24 Checksum: 3b56ee31
Page 25 Checksum: 2212bfcc
Page 26 Checksum: f7bdeaf6
Page 27 Checksum: b31e58af
Page 28 Checksum: 447640d2
Page 29 Checksum: c38f61c3
Page 30 Checksum: acec8a7f
Page 31 Checksum: 79c5202d
Page 32 Checksum: 1fb62e
Page 33 Checksum: 66aaac9c
Page 34 Checksum: 2eeab809
Page 35 Checksum: f26cc46e
Page 36 Checksum: 65657333
Page 37 Checksum: bd079532
Page 38 Checksum: f54e857b
Page 39 Checksum: c6e2082e
Page 40 Checksum: 5893eee2
Page 41 Checksum: f2c9b76a
Page 42 Checksum: b0b9c2e1
Page 43 Checksum: 7145a607
Page 44 Checksum: b444715
Page 45 Checksum: 5eb5f1b3
Page 46 Checksum: e5805588
Page 47 Checksum: c521c985
Page 48 Checksum: 515530b6
Page 49 Checksum: a5e5cccd
Page 50 Checksum: 2b647d4c
Page 51 Checksum: 4e14072b
Page 52 Checksum: 485a1eb1
Page 53 Checksum: 57a8a8dc
Page 54 Checksum: 358f0d8
Page 55 Checksum: c0dd95ea
Page 56 Checksum: 5dc29fa4
Page 57 Checksum: ac67b9d4
Page 58 Checksum: bb3a228c
Page 59 Checksum: 2608725e
Page 60 Checksum: 39cf21d3
Page 61 Checksum: e38e7ba4
Page 62 Checksum: 5eee1b30
Page 63 Checksum: c908cc9d
Page 64 Checksum: eaf152c6
Page 65 Checksum: b314f635
Page 66 Checksum: 613efadb
Page 67 Checksum: 12836e67
Page 68 Checksum: bc444172
Page 69 Checksum: 828233
Page 70 Checksum: c149b3e7
Page 71 Checksum: 859a1be9
Page 72 Checksum: 1a3d780d
Page 73 Checksum: 762c5383
Page 74 Checksum: 8460bbbc
Page 75 Checksum: a4c489f9
Page 76 Checksum: 35ed5cd9
Page 77 Checksum: de700699
Page 78 Checksum: d3732554
Page 79 Checksum: a67f5408
Page 80 Checksum: 86cec9b7
Page 81 Checksum: 1db87bf4
Page 82 Checksum: 2fd69078
Page 83 Checksum: 816f99d8
Page 84 Checksum: 73c4baf5
Page 85 Checksum: 57a490f
Page 86 Checksum: 939a1a20
Page 87 Checksum: 3984756
Page 88 Checksum: 75d1766f
Page 89 Checksum: 739e0a2
Page 90 Checksum: 699c2754
Page 91 Checksum: 27a46a96
Page 92 Checksum: ff0e539e
Page 93 Checksum: bd5d875a
Page 94 Checksum: 3f27af6a
Page 95 Checksum: 71b8c147
Page 96 Checksum: 997d9e32
Page 97 Checksum: 5d51d501
Page 98 Checksum: b0e5a794
Page 99 Checksum: d423d705
Page 100 Checksum: 4994f44f
Page 101 Checksum: 20d7d9fe
Page 102 Checksum: 8dd6b0b8
Page 103 Checksum: 84710937
Page 104 Checksum: 9c22e066
Page 105 Checksum: 5975e7cb
Page 106 Checksum: 97f62947
Page 107 Checksum: 6a9248c3
Page 108 Checksum: cb731fdc
Page 109 Checksum: 3aa9f7e3
Page 110 Checksum: aaa7e869
/mnt/tcases/ql7/pdf-distiller11/PL4TB1DC.pdf: 421555/421555 bytes sent
Page 1 Checksum: ac4b9734
Page 2 Checksum: afeb8ffb
/mnt/tcases/ql7/pdf-distiller11/PW4T41NM.pdf: 323290/323290 bytes sent
Page 1 Checksum: 50940824
Page 2 Checksum: f5938e59
Page 3 Checksum: b2211ecf
Page 4 Checksum: afdac0e9
Page 5 Checksum: ff05a977
Page 6 Checksum: 884a4349
/mnt/tcases/ql7/pdf-distiller11/WW4T41CM.pdf: 349960/349960 bytes sent
Page 1 Checksum: 7122240d
Page 2 Checksum: b0d5301d
Page 3 Checksum: 6e585280
/mnt/tcases/ql7/pdf-distiller11/WW4T61EC.pdf: 1558968/1558968 bytes sent
Page 1 Checksum: e42c9f3f
Page 2 Checksum: 7a5fa687
Page 3 Checksum: cca0cdff
Page 4 Checksum: 37ad2c98
Page 5 Checksum: a4616a57
Page 6 Checksum: d4c2a198
Page 7 Checksum: 90d176a4
Page 8 Checksum: f11cb7b1
Page 9 Checksum: 1c165a4a
Page 10 Checksum: 7fa96dae
Page 11 Checksum: 87cc550
Page 12 Checksum: dbdc8792
Page 13 Checksum: 21279fcd
/mnt/tcases/ql7/pdf-distiller11/WW4TP1DC.pdf: 583357/583357 bytes sent
Page 1 Checksum: 412bce15
Page 2 Checksum: 990e763d
/mnt/tcases/ql7/universal/PS/extw01ms: 65346/65346 bytes sent
Page 1 Checksum: a6602a63
/mnt/tcases/ql7/universal/PS/extw02ms: 59111/59111 bytes sent
Page 1 Checksum: 8326293d
/mnt/tcases/ql7/universal/PS/extw31cs: 132786/132786 bytes sent
Page 1 Checksum: be43e55f
/mnt/tcases/ql7/universal/PS/extw41cm: 330451/330451 bytes sent
Page 1 Checksum: f497f7e7
/mnt/tcases/ql7/universal/PS/extw71cc: 625775/625775 bytes sent
Page 1 Checksum: 140983c
Page 2 Checksum: a827db6b
Page 3 Checksum: e567ccc8
Page 4 Checksum: 402ce940
/mnt/tcases/ql7/universal/PS/extw71dc: 3939415/3939415 bytes sent
Page 1 Checksum: c5ce13dd
Page 2 Checksum: 328851f0
Page 3 Checksum: 453e2d4d
/mnt/tcases/ql7/universal/PS/extw81dg: 127905/127905 bytes sent
Page 1 Checksum: f5747529
/mnt/tcases/ql7/universal/PS/ie7031cs: 80361/80361 bytes sent
Page 1 Checksum: ea8475a7
/mnt/tcases/ql7/universal/PS/ie7041dm: 766288/766288 bytes sent
Page 1 Checksum: 5e52b837
Page 2 Checksum: 5ccbab12
/mnt/tcases/ql7/universal/PS/ie70a1cc: 621903/621903 bytes sent
Page 1 Checksum: 20dd6484
Page 2 Checksum: 3c81583a
/mnt/tcases/ql7/universal/PS/pltw31cm: 2623964/2623964 bytes sent
Page 1 Checksum: 4469fa8b
Page 2 Checksum: b1e9f560
Page 3 Checksum: 7cd45bd0
/mnt/tcases/ql7/universal/PS/pwtw31nm.prn: 111255/111255 bytes sent
Page 1 Checksum: cf5ad523
Page 2 Checksum: 48f1f2ca
Page 3 Checksum: 566333e1
/mnt/tcases/ql7/universal/PS/wwtw31cm.prn: 156715/156715 bytes sent
Page 1 Checksum: 998072a1
Page 2 Checksum: b109d54e
/mnt/tcases/ql7/universal/PS/wwtw41cm.prn: 221253/221253 bytes sent
Page 1 Checksum: 1d24fafe
Page 2 Checksum: 67cb477c
Page 3 Checksum: bd638324
Page 4 Checksum: 340f799c
/mnt/tcases/ql7/universal/PS/wwtw71ec.prn: 3299870/3299870 bytes sent
Page 1 Checksum: 2638c25a
Page 2 Checksum: 31a168e1
Page 3 Checksum: 6e9a9234
Page 4 Checksum: 51a54ff5
Page 5 Checksum: 6bc8c079
/mnt/tcases/ql7/universal/PS/wwtwb1cc.prn: 2071345/2071345 bytes sent
Page 1 Checksum: e32003df
Page 2 Checksum: 68d01e5f
Page 3 Checksum: b25efd3a
Page 4 Checksum: 68d01e5f
/mnt/tcases/ql7/universal/PS/wwtwc1dc.prn: 2579387/2579387 bytes sent
Page 1 Checksum: b2e5355b
Page 2 Checksum: aa5d2a53
/mnt/tcases/ql7/universal/PS/wwtwi1ct.prn: 406133/406133 bytes sent
Page 1 Checksum: 9bdcf095
Page 2 Checksum: 2864c00a
Page 3 Checksum: c85216fb
Page 4 Checksum: 4fc69af9
Page 5 Checksum: fe665aac
Page 6 Checksum: b11416bc
Page 7 Checksum: 8a90fd9
Page 8 Checksum: fbdd22f9
Page 9 Checksum: d25bcf87
Page 10 Checksum: 97528552
Page 11 Checksum: 3194ca26
Page 12 Checksum: b5cbf0ae
/mnt/tcases/ql7/universal/PS/wwtwj1ct.prn: 407912/407912 bytes sent
Page 1 Checksum: 4db4325f
Page 2 Checksum: fae0b8a3
Page 3 Checksum: dd0b5756
Page 4 Checksum: b8d92e57
Page 5 Checksum: b753e33a
Page 6 Checksum: 75ddd964
Page 7 Checksum: e3392a39
Page 8 Checksum: 5487fca1
Page 9 Checksum: f90ee9f2
Page 10 Checksum: 4a455cc
Page 11 Checksum: 4180e732
Page 12 Checksum: 5610e6f
/mnt/tcases/ql7/universal/PS/wwtwk1ct.prn: 789921/789921 bytes sent
Page 1 Checksum: 4161e03f
Page 2 Checksum: cde9afb4
Page 3 Checksum: 6dd706a5
Page 4 Checksum: f54b8aa3
Page 5 Checksum: a3eb4a56
Page 6 Checksum: 56990666
Page 7 Checksum: ae2dff83
Page 8 Checksum: a16212a3
Page 9 Checksum: 77e0bf31
Page 10 Checksum: 3cd774fc
Page 11 Checksum: d719b9d0
Page 12 Checksum: 5b50e058
Page 13 Checksum: 85f1900f
Page 14 Checksum: b2a75e4a
Page 15 Checksum: 6bb4472d
Page 16 Checksum: 8fc1bb7e
Page 17 Checksum: c337e581
Page 18 Checksum: d5dc32a2
Page 19 Checksum: 5093f95a
Page 20 Checksum: 2b02f2d
Page 21 Checksum: dd348131
Page 22 Checksum: 4b7232eb
Page 23 Checksum: 6825046e
Page 24 Checksum: d1509ede
Page 25 Checksum: 57b4855b
/mnt/tcases/ql7/universal/PS/wwtwl1ct.prn: 793989/793989 bytes sent
Page 1 Checksum: c124a963
Page 2 Checksum: 6e512fa7
Page 3 Checksum: 507bce5a
Page 4 Checksum: 2c49a55b
Page 5 Checksum: 2ac45a3e
Page 6 Checksum: e94e5068
Page 7 Checksum: 56a9a13d
Page 8 Checksum: c7f873a5
Page 9 Checksum: 6c7f60f6
Page 10 Checksum: 7814ccd0
Page 11 Checksum: b4f15e36
Page 12 Checksum: 78d18573
Page 13 Checksum: 24f953a9
Page 14 Checksum: 212cdcfb
Page 15 Checksum: cb536513
Page 16 Checksum: e036304f
Page 17 Checksum: c2adfe1c
Page 18 Checksum: 12aca4b
Page 19 Checksum: 8698536f
Page 20 Checksum: 3a5d216a
Page 21 Checksum: e146c44b
Page 22 Checksum: 8bd26c53
Page 23 Checksum: 18fd3e13
Page 24 Checksum: 782bce26
Page 25 Checksum: cdbe20d1
/mnt/tcases/ql7/universal/PS/wwtwm1ct.prn: 1511586/1511586 bytes sent
Page 1 Checksum: 58054292
Page 2 Checksum: e48d1207
Page 3 Checksum: 847a68f8
Page 4 Checksum: beeecf6
Page 5 Checksum: ba8eaca9
Page 6 Checksum: 6d3c68b9
Page 7 Checksum: c4d161d6
Page 8 Checksum: b80574f6
Page 9 Checksum: 8e842184
Page 10 Checksum: 537ad74f
Page 11 Checksum: edbd1c23
Page 12 Checksum: 71f442ab
Page 13 Checksum: 9c94f262
Page 14 Checksum: c94ac09d
Page 15 Checksum: 8257a980
Page 16 Checksum: a6651dd1
Page 17 Checksum: d9db47d4
Page 18 Checksum: ec7f94f5
Page 19 Checksum: 67375bad
Page 20 Checksum: 19539180
Page 21 Checksum: f3d7e384
Page 22 Checksum: 6215953e
Page 23 Checksum: 7ec866c1
Page 24 Checksum: e7f40131
Page 25 Checksum: 6e57e7ae
Page 26 Checksum: 4c43ffee
Page 27 Checksum: a3a9aa33
Page 28 Checksum: 9bbccc14
Page 29 Checksum: 7f46e093
Page 30 Checksum: 42f07897
Page 31 Checksum: f16d5c6c
Page 32 Checksum: 43042a86
Page 33 Checksum: 1eaa9b04
Page 34 Checksum: baff3556
Page 35 Checksum: 9556e7cb
Page 36 Checksum: 74d99534
Page 37 Checksum: da9d8e34
Page 38 Checksum: 6940e20c
Page 39 Checksum: 5341ad5e
Page 40 Checksum: 794685af
Page 41 Checksum: f417b525
Page 42 Checksum: 48eaf458
Page 43 Checksum: c5fea6f7
Page 44 Checksum: 93d6670f
Page 45 Checksum: 5d3ba094
Page 46 Checksum: 7c1ed33f
Page 47 Checksum: ff63d504
Page 48 Checksum: e3673254
Page 49 Checksum: 94f614ad
Page 50 Checksum: c025c596
/mnt/tcases/ql7/universal/PS/wwtwn1ct.prn: 1520184/1520184 bytes sent
Page 1 Checksum: fb1df178
Page 2 Checksum: cb3402f3
Page 3 Checksum: 848123b8
Page 4 Checksum: ffcef993
Page 5 Checksum: 4dfed2ba
Page 6 Checksum: b17f49a5
Page 7 Checksum: 8b6bf9d4
Page 8 Checksum: 371d73da
Page 9 Checksum: 65b4244e
Page 10 Checksum: 155de9b3
Page 11 Checksum: 33b12db6
Page 12 Checksum: a6cdc19d
Page 13 Checksum: b88182b6
Page 14 Checksum: a7b0717d
Page 15 Checksum: 27743410
Page 16 Checksum: bb0b3065
Page 17 Checksum: bcea0f80
Page 18 Checksum: c70da3b6
Page 19 Checksum: c4568aa7
Page 20 Checksum: bc365e0c
Page 21 Checksum: 98487e20
Page 22 Checksum: a92d9933
Page 23 Checksum: 59cab001
Page 24 Checksum: 13e285f9
Page 25 Checksum: ca6d8ca
Page 26 Checksum: c4942385
Page 27 Checksum: 27b95b1
Page 28 Checksum: 8f00bc1b
Page 29 Checksum: d9ade7b9
Page 30 Checksum: df768307
Page 31 Checksum: 821a2b2c
Page 32 Checksum: 964fa964
Page 33 Checksum: 477a412d
Page 34 Checksum: c0548dbe
Page 35 Checksum: c4ca943c
Page 36 Checksum: f6c56072
Page 37 Checksum: 10fac59f
Page 38 Checksum: 64707a9b
Page 39 Checksum: 695b12a5
Page 40 Checksum: 5d712973
Page 41 Checksum: 122382ab
Page 42 Checksum: 3998d6eb
Page 43 Checksum: 38aafdd2
Page 44 Checksum: f6bb8845
Page 45 Checksum: b8ead3b4
Page 46 Checksum: 17265ea7
Page 47 Checksum: a6f72701
Page 48 Checksum: 2fb99e59
Page 49 Checksum: 98c8872b
Page 50 Checksum: b2171828
/mnt/tcases/ql7/universal/PS/wwtwr1mm.prn: 106774/106774 bytes sent
Page 1 Checksum: 5c54f7a7
Page 2 Checksum: de98f2bc
/mnt/tcases/ql7/universal/PS/wwtws1cc.prn: 3217224/3217224 bytes sent
Page 1 Checksum: a79cbd24
Page 2 Checksum: e477d9a0
/mnt/tcases/rendering/sentry/colortests/BrightnessContrastSaturation_CMYK.ps: 4368/4368 bytes sent
Page 1 Checksum: 7d3febd7
Page 2 Checksum: 7d3febd7
Page 3 Checksum: 7d3febd7
Page 4 Checksum: 7d3febd7
Page 5 Checksum: 7d3febd7
Page 6 Checksum: 7d3febd7
Page 7 Checksum: 7d3febd7
Page 8 Checksum: 7d3febd7
Page 9 Checksum: 7d3febd7
Page 10 Checksum: 7d3febd7
Page 11 Checksum: 7d3febd7
Page 12 Checksum: 7d3febd7
Page 13 Checksum: 7d3febd7
Page 14 Checksum: 7d3febd7
Page 15 Checksum: 7d3febd7
Page 16 Checksum: 7d3febd7
Page 17 Checksum: 7d3febd7
Page 18 Checksum: 7d3febd7
Page 19 Checksum: 7d3febd7
Page 20 Checksum: 7d3febd7
Page 21 Checksum: 7d3febd7
Page 22 Checksum: 7d3febd7
Page 23 Checksum: 7d3febd7
Page 24 Checksum: 7d3febd7
/mnt/tcases/rendering/sentry/colortests/BrightnessContrastSaturation_GRAY.ps: 3734/3734 bytes sent
Page 1 Checksum: 3237e176
Page 2 Checksum: cc42c916
Page 3 Checksum: ee005fb6
Page 4 Checksum: 7f3fb9cf
Page 5 Checksum: e1d5b78d
Page 6 Checksum: 4769801d
Page 7 Checksum: cf4147d7
Page 8 Checksum: d7326005
Page 9 Checksum: 838d075c
Page 10 Checksum: 364db8d8
Page 11 Checksum: 2ca98d25
Page 12 Checksum: bcb94f34
Page 13 Checksum: 2abd20a6
Page 14 Checksum: 137eb1c0
Page 15 Checksum: 4f707064
Page 16 Checksum: 882c6cfd
Page 17 Checksum: c3d1220d
Page 18 Checksum: 39576a8f
Page 19 Checksum: 3237e176
Page 20 Checksum: 3237e176
Page 21 Checksum: 3237e176
Page 22 Checksum: 3237e176
Page 23 Checksum: 3237e176
Page 24 Checksum: 3237e176
/mnt/tcases/rendering/sentry/colortests/BrightnessContrastSaturation_RGB.ps: 4224/4224 bytes sent
Page 1 Checksum: dfaa3923
Page 2 Checksum: c262eaf1
Page 3 Checksum: acfeb24d
Page 4 Checksum: 92cfe9e9
Page 5 Checksum: 6d0b218
Page 6 Checksum: 125c9e2a
Page 7 Checksum: a9cd89e1
Page 8 Checksum: d5673f17
Page 9 Checksum: de888dd4
Page 10 Checksum: 4c03521b
Page 11 Checksum: d3af5b7
Page 12 Checksum: e7d9a5cd
Page 13 Checksum: b17815b5
Page 14 Checksum: 67d96ead
Page 15 Checksum: 2d334d9f
Page 16 Checksum: f09be2b3
Page 17 Checksum: 2fe54c18
Page 18 Checksum: 9eee40d0
Page 19 Checksum: 45f026df
Page 20 Checksum: 56906279
Page 21 Checksum: bb0bdf82
Page 22 Checksum: 7a586d29
Page 23 Checksum: 3daf31e9
Page 24 Checksum: dfaa3923
/mnt/tcases/rendering/sentry/colortests/ColorBalance_C.ps: 1635/1635 bytes sent
Page 1 Checksum: 73c2b841
Page 2 Checksum: fa60f43a
Page 3 Checksum: e13c3c54
Page 4 Checksum: 645081cc
Page 5 Checksum: 581c972a
Page 6 Checksum: 95fd7a4c
Page 7 Checksum: b835f4a6
Page 8 Checksum: 79cf1d8d
Page 9 Checksum: beaf031a
Page 10 Checksum: e2e7c2fa
Page 11 Checksum: c5bee011
Page 12 Checksum: 95fd7a4c
/mnt/tcases/rendering/sentry/colortests/ColorBalance_K.ps: 1649/1649 bytes sent
Page 1 Checksum: ca525c4c
Page 2 Checksum: a138ca0e
Page 3 Checksum: b3d02384
Page 4 Checksum: a86049f3
Page 5 Checksum: 47e2d3e4
Page 6 Checksum: 9acac2fb
Page 7 Checksum: 8d806171
Page 8 Checksum: 5cc09235
Page 9 Checksum: 6aaf405b
Page 10 Checksum: 61bc1f58
Page 11 Checksum: 45827ce
Page 12 Checksum: 9acac2fb
/mnt/tcases/rendering/sentry/colortests/ColorBalance_M.ps: 1652/1652 bytes sent
Page 1 Checksum: 609ea38e
Page 2 Checksum: 94ef473c
Page 3 Checksum: abad1282
Page 4 Checksum: e2df914c
Page 5 Checksum: 1e3a8a97
Page 6 Checksum: 8cdbb895
Page 7 Checksum: 807ae27e
Page 8 Checksum: 9a6df81c
Page 9 Checksum: 8e703cc4
Page 10 Checksum: 9a38f63a
Page 11 Checksum: 1a42372e
Page 12 Checksum: 8cdbb895
/mnt/tcases/rendering/sentry/colortests/ColorBalance_Y.ps: 1654/1654 bytes sent
Page 1 Checksum: 4ec19a6e
Page 2 Checksum: cec33180
Page 3 Checksum: e32c0c44
Page 4 Checksum: 9a3b7c9d
Page 5 Checksum: 817e03d4
Page 6 Checksum: c8d42f42
Page 7 Checksum: cfc82a6e
Page 8 Checksum: 8a5ad816
Page 9 Checksum: 1453af80
Page 10 Checksum: 858feb01
Page 11 Checksum: a73a97b9
Page 12 Checksum: c8d42f42
/mnt/tcases/rendering/sentry/colortests/ColorCorrection.ps: 6529/6529 bytes sent
Page 1 Checksum: dfaa3923
Page 2 Checksum: 7d3febd7
Page 3 Checksum: dfaa3923
Page 4 Checksum: 7d3febd7
Page 5 Checksum: dfaa3923
Page 6 Checksum: 7d3febd7
Page 7 Checksum: dfaa3923
Page 8 Checksum: 7d3febd7
/mnt/tcases/rendering/sentry/colortests/ColorSaver.ps: 3780/3780 bytes sent
Page 1 Checksum: f8eecb17
Page 2 Checksum: 5fc82511
Page 3 Checksum: 4b2566bc
Page 4 Checksum: 1c765ade
Page 5 Checksum: f8eecb17
Page 6 Checksum: 1c765ade
/mnt/tcases/rendering/sentry/colortests/DebugObjectType_CMYK_graphics.ps: 2486/2486 bytes sent
Page 1 Checksum: 784941cf
Page 2 Checksum: 570c87e8
Page 3 Checksum: 570c87e8
/mnt/tcases/rendering/sentry/colortests/DebugObjectType_CMYK_image.ps: 2074/2074 bytes sent
Page 1 Checksum: 95c51562
Page 2 Checksum: 2e15d783
Page 3 Checksum: 2e15d783
/mnt/tcases/rendering/sentry/colortests/DebugObjectType_CMYK_text.ps: 2612/2612 bytes sent
Page 1 Checksum: b663257
Page 2 Checksum: 55bee5c5
Page 3 Checksum: 55bee5c5
/mnt/tcases/rendering/sentry/colortests/DebugObjectType_RGB_graphics.ps: 2390/2390 bytes sent
Page 1 Checksum: 71fe3956
Page 2 Checksum: ace869e8
Page 3 Checksum: ace869e8
/mnt/tcases/rendering/sentry/colortests/DebugObjectType_RGB_image.ps: 2068/2068 bytes sent
Page 1 Checksum: d756075f
Page 2 Checksum: 4a94fe3e
Page 3 Checksum: 4a94fe3e
/mnt/tcases/rendering/sentry/colortests/DebugObjectType_RGB_text.ps: 2523/2523 bytes sent
Page 1 Checksum: d11f2377
Page 2 Checksum: 2c4846fe
Page 3 Checksum: 2c4846fe
/mnt/tcases/rendering/sentry/colortests/DisableColorCorrection.ps: 3392/3392 bytes sent
Page 1 Checksum: bab20a35
Page 2 Checksum: 7d3febd7
Page 3 Checksum: 7d3febd7
/mnt/tcases/rendering/sentry/colortests/ManualColorCorrection_CMYK_graphics.ps: 2469/2469 bytes sent
Page 1 Checksum: bc1ab3e5
Page 2 Checksum: f35e676f
Page 3 Checksum: 5da2aaff
Page 4 Checksum: 784941cf
Page 5 Checksum: bc1ab3e5
Page 6 Checksum: bc1ab3e5
Page 7 Checksum: bc1ab3e5
Page 8 Checksum: bc1ab3e5
/mnt/tcases/rendering/sentry/colortests/ManualColorCorrection_CMYK_image.ps: 2096/2096 bytes sent
Page 1 Checksum: 95c51562
Page 2 Checksum: 2034f8a6
Page 3 Checksum: c65a59a9
Page 4 Checksum: 9b6052e0
Page 5 Checksum: 95c51562
Page 6 Checksum: 95c51562
Page 7 Checksum: 95c51562
Page 8 Checksum: 95c51562
/mnt/tcases/rendering/sentry/colortests/ManualColorCorrection_CMYK_text.ps: 2570/2570 bytes sent
Page 1 Checksum: b663257
Page 2 Checksum: da0e9732
Page 3 Checksum: 5a01d773
Page 4 Checksum: d714de52
Page 5 Checksum: b663257
Page 6 Checksum: b663257
Page 7 Checksum: b663257
Page 8 Checksum: b663257
/mnt/tcases/rendering/sentry/colortests/ManualColorCorrection_RGB_graphics.ps: 2448/2448 bytes sent
Page 1 Checksum: 71fe3956
Page 2 Checksum: 77fde66f
Page 3 Checksum: c107aefb
Page 4 Checksum: ebfff032
Page 5 Checksum: bed4414
Page 6 Checksum: 71fe3956
Page 7 Checksum: 71fe3956
Page 8 Checksum: 71fe3956
Page 9 Checksum: 71fe3956
Page 10 Checksum: 71fe3956
/mnt/tcases/rendering/sentry/colortests/ManualColorCorrection_RGB_image.ps: 2092/2092 bytes sent
Page 1 Checksum: 8784e02c
Page 2 Checksum: d756075f
Page 3 Checksum: 7d0cc530
Page 4 Checksum: b24080db
Page 5 Checksum: c4f80e35
Page 6 Checksum: 8784e02c
Page 7 Checksum: 8784e02c
Page 8 Checksum: 8784e02c
Page 9 Checksum: 8784e02c
Page 10 Checksum: 8784e02c
/mnt/tcases/rendering/sentry/colortests/ManualColorCorrection_RGB_text.ps: 2526/2526 bytes sent
Page 1 Checksum: d11f2377
Page 2 Checksum: ec6e3a66
Page 3 Checksum: de65d183
Page 4 Checksum: 29b40227
Page 5 Checksum: 6116ea2e
Page 6 Checksum: d11f2377
Page 7 Checksum: d11f2377
Page 8 Checksum: d11f2377
Page 9 Checksum: d11f2377
Page 10 Checksum: d11f2377
/mnt/tcases/rendering/sentry/colortests/ObjectSpecificTonerDarkness.ps: 7014/7014 bytes sent
Page 1 Checksum: a1fea75a
Page 2 Checksum: efaff48a
Page 3 Checksum: e00f3067
Page 4 Checksum: 4c2a1fe8
Page 5 Checksum: ff836a70
Page 6 Checksum: 44303b21
Page 7 Checksum: 642c4449
Page 8 Checksum: 6777e72a
Page 9 Checksum: 287aac45
Page 10 Checksum: d11f2377
Page 11 Checksum: 71fe3956
Page 12 Checksum: d756075f
Page 13 Checksum: d11f2377
Page 14 Checksum: efaff48a
Page 15 Checksum: e00f3067
/mnt/tcases/rendering/sentry/colortests/PSHalftoneCRDs_color_1200.ps: 3854/3854 bytes sent
Page 1 Checksum: 6d7aeeec
Page 2 Checksum: e7538d8a
Page 3 Checksum: 33f0f0a0
/mnt/tcases/rendering/sentry/colortests/PSHalftoneCRDs_color_600.ps: 5080/5080 bytes sent
Page 1 Checksum: 6d7aeeec
Page 2 Checksum: e7538d8a
Page 3 Checksum: e7538d8a
/mnt/tcases/rendering/sentry/colortests/PSHalftoneCRDs_default.ps: 1664/1664 bytes sent
Page 1 Checksum: 6d7aeeec
Page 2 Checksum: e7538d8a
Page 3 Checksum: 6d7aeeec
/mnt/tcases/rendering/sentry/colortests/PrintMode.ps: 5192/5192 bytes sent
Page 1 Checksum: 2b52f497
Page 2 Checksum: 78083bf3
Page 3 Checksum: 2b52f497
Page 4 Checksum: b0b437a0
/mnt/tcases/rendering/sentry/colortests/RGBColorReplace.ps: 1840/1840 bytes sent
Page 1 Checksum: 5007b5db
Page 2 Checksum: 5f09ac10
/mnt/tcases/rendering/sentry/colortests/SpotColorReplacement.ps: 1770/1770 bytes sent
Page 1 Checksum: 7c978cc1
Page 2 Checksum: ffe0ea65
/mnt/tcases/rendering/sentry/colortests/TonerDarkness_C.ps: 1374/1374 bytes sent
Page 1 Checksum: 51ab369f
Page 2 Checksum: 4112350b
Page 3 Checksum: df44b06c
Page 4 Checksum: debc6afc
Page 5 Checksum: 9d75e56c
Page 6 Checksum: 59f89f91
Page 7 Checksum: f32cb559
Page 8 Checksum: cc64cae1
Page 9 Checksum: cb11b3b3
Page 10 Checksum: 6158591f
Page 11 Checksum: 47cbbd16
Page 12 Checksum: ad03160e
Page 13 Checksum: 34718ba
Page 14 Checksum: 288a314e
Page 15 Checksum: 82000866
Page 16 Checksum: ad5e4986
Page 17 Checksum: 589000e4
Page 18 Checksum: 58033ee4
Page 19 Checksum: 2ac7df56
Page 20 Checksum: d5f7e434
Page 21 Checksum: a2c063a4
Page 22 Checksum: 4f7f0b2e
Page 23 Checksum: 822a455e
Page 24 Checksum: 6ed92cc6
Page 25 Checksum: a1846716
Page 26 Checksum: ee4c66a6
Page 27 Checksum: b97dfe28
Page 28 Checksum: 2cca7f28
Page 29 Checksum: df749ee0
Page 30 Checksum: 8aa523e2
Page 31 Checksum: 9d5a0c30
Page 32 Checksum: af6aae20
Page 33 Checksum: 44b73474
Page 34 Checksum: aaed18c1
Page 35 Checksum: 46dadc8
Page 36 Checksum: 5ea1c3d4
Page 37 Checksum: f3e869bc
Page 38 Checksum: 4d624274
Page 39 Checksum: e2d5590d
Page 40 Checksum: 49112dc4
Page 41 Checksum: 9fa911cd
Page 42 Checksum: f5eff729
Page 43 Checksum: 5b275010
Page 44 Checksum: f49ce718
Page 45 Checksum: 9a008fbc
Page 46 Checksum: f0439258
Page 47 Checksum: 89b79790
Page 48 Checksum: e3102d24
Page 49 Checksum: 484a109b
Page 50 Checksum: be80c34f
Page 51 Checksum: fdf8802f
Page 52 Checksum: 636fe816
Page 53 Checksum: 1cf54d6e
Page 54 Checksum: 7629e36a
Page 55 Checksum: cba1c5f3
Page 56 Checksum: 54db79da
Page 57 Checksum: ab1e8e6e
Page 58 Checksum: 1065b1d6
Page 59 Checksum: a5aa382a
Page 60 Checksum: 8bdf9c77
Page 61 Checksum: e557317e
Page 62 Checksum: 7f8b478a
Page 63 Checksum: 94d15d72
Page 64 Checksum: 7e4ab62a
Page 65 Checksum: d3be0cc3
Page 66 Checksum: 39f1e17b
Page 67 Checksum: 4c368fb
Page 68 Checksum: 2f9da7e3
Page 69 Checksum: fc4a46fd
Page 70 Checksum: af8c695b
Page 71 Checksum: 64378903
Page 72 Checksum: 8f05a183
Page 73 Checksum: 423a59f3
Page 74 Checksum: 6d637681
Page 75 Checksum: 3a1c1def
Page 76 Checksum: ecce582f
Page 77 Checksum: b7875f41
Page 78 Checksum: eab0a16f
Page 79 Checksum: 17832107
Page 80 Checksum: c4abbff5
Page 81 Checksum: 8f5d5fb5
Page 82 Checksum: 3c28a6ad
Page 83 Checksum: 86f0bd25
Page 84 Checksum: ba215ac5
Page 85 Checksum: 84f26265
Page 86 Checksum: 7c6a4063
Page 87 Checksum: 7c6a4063
Page 88 Checksum: 644582ad
Page 89 Checksum: 8f14bb0d
Page 90 Checksum: 624a735d
Page 91 Checksum: d74100f
Page 92 Checksum: da1cb79f
Page 93 Checksum: 8cced1ff
Page 94 Checksum: 578358ed
Page 95 Checksum: caacdb3f
Page 96 Checksum: f77adab7
Page 97 Checksum: c4a379c9
Page 98 Checksum: cf5561a9
Page 99 Checksum: c420e8c1
Page 100 Checksum: eee91f59
Page 101 Checksum: a215bcd9
Page 102 Checksum: 379c4271
Page 103 Checksum: 8d339a98
Page 104 Checksum: 2668304c
Page 105 Checksum: 8ccf5528
Page 106 Checksum: f6092d50
Page 107 Checksum: 4b80cf99
Page 108 Checksum: b1c4b6c1
Page 109 Checksum: 7fa89bc
Page 110 Checksum: a14e9f78
Page 111 Checksum: fa873510
Page 112 Checksum: 5fc35887
Page 113 Checksum: f9365dbe
Page 114 Checksum: 8f7f431a
Page 115 Checksum: e5f32723
Page 116 Checksum: 4b2a800b
Page 117 Checksum: 46b22b4b
Page 118 Checksum: e02a0253
Page 119 Checksum: 75af87eb
Page 120 Checksum: cb26e012
Page 121 Checksum: 645d75c6
Page 122 Checksum: caa09aa2
Page 123 Checksum: 33da72c9
Page 124 Checksum: 89545512
Page 125 Checksum: 2f9a3c3a
Page 126 Checksum: 85d10f36
Page 127 Checksum: 1f0524ee
Page 128 Checksum: cbb3cc56
Page 129 Checksum: fe6026a6
Page 130 Checksum: 4b282636
Page 131 Checksum: 165addb8
Page 132 Checksum: 41a71eb8
Page 133 Checksum: f4513e70
Page 134 Checksum: 9f81c372
Page 135 Checksum: 723663c0
Page 136 Checksum: ec71416a
Page 137 Checksum: 993fc0e2
Page 138 Checksum: 63f160c4
Page 139 Checksum: 971d7e44
Page 140 Checksum: e22594dc
Page 141 Checksum: 8eeedbf4
Page 142 Checksum: c21a1e44
Page 143 Checksum: 750c589c
Page 144 Checksum: 3fc0df8a
Page 145 Checksum: faea8c18
Page 146 Checksum: c7930b88
Page 147 Checksum: cd91c2e0
Page 148 Checksum: aa62da60
Page 149 Checksum: 570f797a
Page 150 Checksum: 81ddb1fa
Page 151 Checksum: c688e3a2
Page 152 Checksum: 71b8ea00
Page 153 Checksum: 9d052b20
Page 154 Checksum: 4836e27e
Page 155 Checksum: 7ae50216
Page 156 Checksum: 1a62c0f0
Page 157 Checksum: c59745ce
Page 158 Checksum: 1263c53e
Page 159 Checksum: bf126cc6
Page 160 Checksum: f1bda6f6
Page 161 Checksum: 47f47a02
Page 162 Checksum: 6127ffca
Page 163 Checksum: 76ba6e2
Page 164 Checksum: 826804c3
Page 165 Checksum: db9c9a67
Page 166 Checksum: 31147c9e
Page 167 Checksum: 9a4e54d7
Page 168 Checksum: 8090e9c3
Page 169 Checksum: de04381c
Page 170 Checksum: adb1f98c
Page 171 Checksum: 46f69028
Page 172 Checksum: b53dab50
Page 173 Checksum: b737d55
Page 174 Checksum: a0ba02fd
Page 175 Checksum: 42ee0fc1
Page 176 Checksum: f19e4890
Page 177 Checksum: 56d82c19
Page 178 Checksum: f0543162
Page 179 Checksum: 469b16ce
Page 180 Checksum: 9d0efac5
Page 181 Checksum: 589a566a
Page 182 Checksum: fdddfefe
Page 183 Checksum: 97539616
Page 184 Checksum: f217abda
Page 185 Checksum: e0d6e6c6
Page 186 Checksum: 470abbbd
Page 187 Checksum: dcfdd1f6
Page 188 Checksum: 3673aa6e
Page 189 Checksum: 274f18f
Page 190 Checksum: 97b8782b
Page 191 Checksum: 4c839823
Page 192 Checksum: 3b5b663
Page 193 Checksum: ffac7269
Page 194 Checksum: 2ad58f97
Page 195 Checksum: de024737
Page 196 Checksum: 75686e09
Page 197 Checksum: a430a881
Page 198 Checksum: 56e2e2c1
Page 199 Checksum: 54d2ac01
Page 200 Checksum: 1a12b99
Page 201 Checksum: aec9ca87
Page 202 Checksum: 2666b13d
Page 203 Checksum: 712ec7b5
Page 204 Checksum: a45ae555
Page 205 Checksum: 5c2d6997
Page 206 Checksum: 2f6201e7
Page 207 Checksum: 6cfd888f
Page 208 Checksum: 19aa2785
Page 209 Checksum: 44785fe5
Page 210 Checksum: 6c53ea2f
Page 211 Checksum: 221f0a07
Page 212 Checksum: 1f44df
Page 213 Checksum: ccc7ec71
Page 214 Checksum: ac1dc1a3
Page 215 Checksum: 78d26091
Page 216 Checksum: 6f6c2789
Page 217 Checksum: c9b03d5d
Page 218 Checksum: ba6f78c9
Page 219 Checksum: 22e34e52
Page 220 Checksum: 11cc3d11
Page 221 Checksum: dd3d83f0
Page 222 Checksum: 74810adc
Page 223 Checksum: 464207dc
Page 224 Checksum: 9bb9aab5
Page 225 Checksum: 8d23931c
Page 226 Checksum: 8c9c10d0
Page 227 Checksum: 7995ee2f
Page 228 Checksum: d2ce9407
Page 229 Checksum: f17b5c35
Page 230 Checksum: ee35e592
Page 231 Checksum: edb0fc8e
Page 232 Checksum: 82f4957a
Page 233 Checksum: 7b8ad42
Page 234 Checksum: e5d4847c
Page 235 Checksum: 859a4344
Page 236 Checksum: fd92c7d6
Page 237 Checksum: dd2aa994
Page 238 Checksum: 3829c7fe
Page 239 Checksum: 372785a0
Page 240 Checksum: 61e42588
Page 241 Checksum: e042e74e
Page 242 Checksum: 8448a23e
Page 243 Checksum: 6223e144
Page 244 Checksum: 12432436
Page 245 Checksum: ecbb1744
Page 246 Checksum: cb8a0a04
Page 247 Checksum: cd79cf21
Page 248 Checksum: f99b0574
Page 249 Checksum: 69c5f975
Page 250 Checksum: 7f09a686
Page 251 Checksum: 38d59d31
Page 252 Checksum: cbb275fe
Page 253 Checksum: 615ade8f
Page 254 Checksum: 7ac7cf4
Page 255 Checksum: f891723b
Page 256 Checksum: 1f0524ee
Page 257 Checksum: adb1f98c
Page 258 Checksum: 221f0a07
Page 259 Checksum: f891723b
Page 260 Checksum: f891723b
/mnt/tcases/rendering/sentry/colortests/TonerDarkness_K.ps: 1388/1388 bytes sent
Page 1 Checksum: 6ac6ff47
Page 2 Checksum: bc8d55a7
Page 3 Checksum: afd49e43
Page 4 Checksum: a32f35bb
Page 5 Checksum: 66d289a7
Page 6 Checksum: 98969ad7
Page 7 Checksum: 348522c1
Page 8 Checksum: 34712f41
Page 9 Checksum: cfb50ff9
Page 10 Checksum: 6ba39783
Page 11 Checksum: c0d5eb75
Page 12 Checksum: 17a4a551
Page 13 Checksum: 191b5e19
Page 14 Checksum: 1a921681
Page 15 Checksum: 94409e81
Page 16 Checksum: 942f1abf
Page 17 Checksum: 8dd2fbaf
Page 18 Checksum: 781838f
Page 19 Checksum: 773df97
Page 20 Checksum: b2106d97
Page 21 Checksum: 8ee54bbf
Page 22 Checksum: c0badd7f
Page 23 Checksum: f290697f
Page 24 Checksum: 2a7efb8d
Page 25 Checksum: 2a714f15
Page 26 Checksum: 2a714f15
Page 27 Checksum: 610a2ca8
Page 28 Checksum: 98e74740
Page 29 Checksum: 98e74740
Page 30 Checksum: 438020ad
Page 31 Checksum: eed992b5
Page 32 Checksum: ef878c75
Page 33 Checksum: f0358075
Page 34 Checksum: 2d0412fd
Page 35 Checksum: 2cf29b27
Page 36 Checksum: 29bb7a27
Page 37 Checksum: 668a06ef
Page 38 Checksum: 6677a31f
Page 39 Checksum: 666545df
Page 40 Checksum: 6c8a72a7
Page 41 Checksum: 72af9b4f
Page 42 Checksum: 78d4cdd7
Page 43 Checksum: 5fc355d7
Page 44 Checksum: 5fb10137
Page 45 Checksum: 469f8d37
Page 46 Checksum: 2d8e1ef7
Page 47 Checksum: 2d8ceaf7
Page 48 Checksum: 82e13ce7
Page 49 Checksum: 3c9d1d0b
Page 50 Checksum: a059a443
Page 51 Checksum: 4162b5b
Page 52 Checksum: 7404b38d
Page 53 Checksum: 74037fed
Page 54 Checksum: e1476239
Page 55 Checksum: 5135ea7b
Page 56 Checksum: d1247351
Page 57 Checksum: 266855a1
Page 58 Checksum: 7c082fe5
Page 59 Checksum: 7c52071d
Page 60 Checksum: 7c52071d
Page 61 Checksum: 7c9bde35
Page 62 Checksum: 9afa6635
Page 63 Checksum: 1ae8eefb
Page 64 Checksum: 9944cfeb
Page 65 Checksum: b7a357cb
Page 66 Checksum: b7929a13
Page 67 Checksum: b781c76b
Page 68 Checksum: c3ea0f0b
Page 69 Checksum: d052650b
Page 70 Checksum: dcbaad0b
Page 71 Checksum: aaa94211
Page 72 Checksum: aa986f19
Page 73 Checksum: 7886f5ff
Page 74 Checksum: 46757d05
Page 75 Checksum: 4663f621
Page 76 Checksum: 46525a4d
Page 77 Checksum: 495781ed
Page 78 Checksum: 4c5cb7ed
Page 79 Checksum: 4f61dfed
Page 80 Checksum: 42d076b5
Page 81 Checksum: 42beda91
Page 82 Checksum: 362d6339
Page 83 Checksum: 299bec01
Page 84 Checksum: 2987f821
Page 85 Checksum: 29740ae1
Page 86 Checksum: 42561619
Page 87 Checksum: 5b381d31
Page 88 Checksum: 5b381d31
Page 89 Checksum: 741a2e29
Page 90 Checksum: 1008b69f
Page 91 Checksum: ff4d1ff
Page 92 Checksum: abe35f15
Page 93 Checksum: 47d1f1eb
Page 94 Checksum: 47c06e2d
Page 95 Checksum: 47aef11f
Page 96 Checksum: 4925ac57
Page 97 Checksum: 4a9c636f
Page 98 Checksum: 4c132467
Page 99 Checksum: c5c1ac87
Page 100 Checksum: c5b03419
Page 101 Checksum: 3f5ec019
Page 102 Checksum: b90d51d9
Page 103 Checksum: b8ffb291
Page 104 Checksum: b8f1fe29
Page 105 Checksum: eac785e9
Page 106 Checksum: 1c9d1be9
Page 107 Checksum: 4e72a3e9
Page 108 Checksum: 86613a1b
Page 109 Checksum: 86538593
Page 110 Checksum: be420de5
Page 111 Checksum: f6309617
Page 112 Checksum: f61f2a2d
Page 113 Checksum: f60daf13
Page 114 Checksum: f6bb9eb3
Page 115 Checksum: f7699cb3
Page 116 Checksum: f8178cb3
Page 117 Checksum: 34e621eb
Page 118 Checksum: 34d4a6c1
Page 119 Checksum: 71a32dd9
Page 120 Checksum: ae71b511
Page 121 Checksum: ae898f89
Page 122 Checksum: 594bdbc1
Page 123 Checksum: ccd4ba09
Page 124 Checksum: 945f4bc9
Page 125 Checksum: 5be9d7c9
Page 126 Checksum: 3bd86abf
Page 127 Checksum: 3bf03bf7
Page 128 Checksum: 16891aa2
Page 129 Checksum: f677a838
Page 130 Checksum: b6663aca
Page 131 Checksum: bc169f7
Page 132 Checksum: bd94837
Page 133 Checksum: bf11e37
Page 134 Checksum: 9b17af2f
Page 135 Checksum: 5b063ca1
Page 136 Checksum: 9a2b1a19
Page 137 Checksum: 2951a551
Page 138 Checksum: 29507171
Page 139 Checksum: 294f43f1
Page 140 Checksum: 8d0bd0b9
Page 141 Checksum: f0c859a1
Page 142 Checksum: 5484ec29
Page 143 Checksum: c47373c7
Page 144 Checksum: c4724f07
Page 145 Checksum: 3460dbd5
Page 146 Checksum: 243df51d
Page 147 Checksum: a42c8147
Page 148 Checksum: a4765e0f
Page 149 Checksum: a4c036b7
Page 150 Checksum: a50a1d7f
Page 151 Checksum: c368a59f
Page 152 Checksum: 43573769
Page 153 Checksum: 61b5c369
Page 154 Checksum: 802c36f1
Page 155 Checksum: 80440419
Page 156 Checksum: 47ce8bf9
Page 157 Checksum: f5921f9
Page 158 Checksum: d6e3a9f9
Page 159 Checksum: b6d24063
Page 160 Checksum: b6ea0d2b
Page 161 Checksum: 76c71c2f
Page 162 Checksum: 36b5b2fd
Page 163 Checksum: f6a43afb
Page 164 Checksum: f6bc0b3b
Page 165 Checksum: f6d3ef3b
Page 166 Checksum: 86125603
Page 167 Checksum: 4600de11
Page 168 Checksum: d52766b9
Page 169 Checksum: 644def81
Page 170 Checksum: 647d9581
Page 171 Checksum: f3a420b9
Page 172 Checksum: 82caa811
Page 173 Checksum: 11f13909
Page 174 Checksum: d1f79faf
Page 175 Checksum: 91e62d85
Page 176 Checksum: 51d4c07b
Page 177 Checksum: 31c3487d
Page 178 Checksum: 11c9a6e7
Page 179 Checksum: 11e1723f
Page 180 Checksum: 11f94cb7
Page 181 Checksum: b9726769
Page 182 Checksum: 80fcf369
Page 183 Checksum: 48d16e61
Page 184 Checksum: 491b4579
Page 185 Checksum: 6779cd59
Page 186 Checksum: a436eb59
Page 187 Checksum: 2425820b
Page 188 Checksum: a45de1a5
Page 189 Checksum: 244c6a17
Page 190 Checksum: 4298a53
Page 191 Checksum: 42856b3
Page 192 Checksum: 4260433
Page 193 Checksum: 67e2996b
Page 194 Checksum: 3b8da919
Page 195 Checksum: 9f4a3051
Page 196 Checksum: f4cfd551
Page 197 Checksum: dbf3b70d
Page 198 Checksum: fa40c87d
Page 199 Checksum: ba472067
Page 200 Checksum: 6f8b0207
Page 201 Checksum: f68116f
Page 202 Checksum: 3a19c58f
Page 203 Checksum: 3a495f7f
Page 204 Checksum: e1c26f7d
Page 205 Checksum: 14c506d
Page 206 Checksum: c984c82d
Page 207 Checksum: 70148f5
Page 208 Checksum: 809e6465
Page 209 Checksum: 813ae1e3
Page 210 Checksum: 810a55a7
Page 211 Checksum: b2d22a8f
Page 212 Checksum: 167d484f
Page 213 Checksum: 4e5e2d81
Page 214 Checksum: be29bbdf
Page 215 Checksum: bf8f0f91
Page 216 Checksum: 3c2b08c1
Page 217 Checksum: 2f76a27b
Page 218 Checksum: 4830e703
Page 219 Checksum: 15e38081
Page 220 Checksum: 4d9b1e81
Page 221 Checksum: 569908b5
Page 222 Checksum: 30c251f9
Page 223 Checksum: 23c8278f
Page 224 Checksum: 60cbc6ac
Page 225 Checksum: bb41c279
Page 226 Checksum: bb41c279
Page 227 Checksum: bb41c279
Page 228 Checksum: bb41c279
Page 229 Checksum: bb41c279
Page 230 Checksum: bb41c279
Page 231 Checksum: bb41c279
Page 232 Checksum: bb41c279
Page 233 Checksum: bb41c279
Page 234 Checksum: bb41c279
Page 235 Checksum: bb41c279
Page 236 Checksum: bb41c279
Page 237 Checksum: bb41c279
Page 238 Checksum: bb41c279
Page 239 Checksum: bb41c279
Page 240 Checksum: bb41c279
Page 241 Checksum: bb41c279
Page 242 Checksum: bb41c279
Page 243 Checksum: bb41c279
Page 244 Checksum: bb41c279
Page 245 Checksum: bb41c279
Page 246 Checksum: 65e8bd71
Page 247 Checksum: ad0c483b
Page 248 Checksum: bf571943
Page 249 Checksum: cac43ca3
Page 250 Checksum: b7057d85
Page 251 Checksum: f7ae8fa3
Page 252 Checksum: f4e61b98
Page 253 Checksum: aa8768d6
Page 254 Checksum: b00df709
Page 255 Checksum: f891723b
Page 256 Checksum: 3bf03bf7
Page 257 Checksum: 647d9581
Page 258 Checksum: b2d22a8f
Page 259 Checksum: f891723b
Page 260 Checksum: f891723b
/mnt/tcases/rendering/sentry/colortests/TonerDarkness_M.ps: 1391/1391 bytes sent
Page 1 Checksum: b90f88cd
Page 2 Checksum: a0f3fbaf
Page 3 Checksum: 3a69a43d
Page 4 Checksum: 4e152d2a
Page 5 Checksum: 3991a935
Page 6 Checksum: 7909c429
Page 7 Checksum: ce7d1910
Page 8 Checksum: 24b401cc
Page 9 Checksum: 14b178ed
Page 10 Checksum: 7c28cfd4
Page 11 Checksum: 216c76fc
Page 12 Checksum: 7aa10d90
Page 13 Checksum: 16151348
Page 14 Checksum: 6e5818a4
Page 15 Checksum: d391fd2b
Page 16 Checksum: 9e6324ab
Page 17 Checksum: 7197a51b
Page 18 Checksum: a642e443
Page 19 Checksum: 461fccfb
Page 20 Checksum: 70edea7b
Page 21 Checksum: e3b86163
Page 22 Checksum: f0613fd3
Page 23 Checksum: 9b8b0221
Page 24 Checksum: 46b4a193
Page 25 Checksum: 7202da73
Page 26 Checksum: 3ed3e213
Page 27 Checksum: 729e217b
Page 28 Checksum: 4552b9cb
Page 29 Checksum: f1ff5841
Page 30 Checksum: bfc7f7d1
Page 31 Checksum: 6bf82193
Page 32 Checksum: fa1bd573
Page 33 Checksum: 545fed8f
Page 34 Checksum: bcd3c058
Page 35 Checksum: 521a66b4
Page 36 Checksum: e78d7c2b
Page 37 Checksum: 4cc4e0f3
Page 38 Checksum: b2fec52a
Page 39 Checksum: c749ad2
Page 40 Checksum: a3b823f6
Page 41 Checksum: 393da8de
Page 42 Checksum: df815036
Page 43 Checksum: 48bb268f
Page 44 Checksum: 2efdbb33
Page 45 Checksum: 883252ff
Page 46 Checksum: ddaa3436
Page 47 Checksum: c3210aaf
Page 48 Checksum: dc5491b7
Page 49 Checksum: 328b663b
Page 50 Checksum: 87febcf4
Page 51 Checksum: 1d85421c
Page 52 Checksum: 83cc6704
Page 53 Checksum: 1d90fe28
Page 54 Checksum: 86cad4e0
Page 55 Checksum: 43c490e5
Page 56 Checksum: 99bc316c
Page 57 Checksum: 32f048b8
Page 58 Checksum: 8c28f010
Page 59 Checksum: 66cd3e4
Page 60 Checksum: 6ce0b6ad
Page 61 Checksum: 3275dc1
Page 62 Checksum: bc9a42f8
Page 63 Checksum: 41d17580
Page 64 Checksum: a70b5977
Page 65 Checksum: 812ddf
Page 66 Checksum: 95c4c6cb
Page 67 Checksum: 4cf6e52b
Page 68 Checksum: 1c21c43
Page 69 Checksum: d2eabed5
Page 70 Checksum: fdb8bc4d
Page 71 Checksum: 28e1f61f
Page 72 Checksum: f393943f
Page 73 Checksum: c0481c2d
Page 74 Checksum: 7374bb6d
Page 75 Checksum: a23cf705
Page 76 Checksum: 500b966d
Page 77 Checksum: fd3c1d6f
Page 78 Checksum: 31885ecf
Page 79 Checksum: fc39f5d1
Page 80 Checksum: 4701f561
Page 81 Checksum: f9ac13d9
Page 82 Checksum: 2cd74e29
Page 83 Checksum: d9a08d31
Page 84 Checksum: a55534bf
Page 85 Checksum: 580732ff
Page 86 Checksum: 4cd2b1f7
Page 87 Checksum: 19fb38e5
Page 88 Checksum: b9f2d22b
Page 89 Checksum: c4a4b02b
Page 90 Checksum: 8f59583d
Page 91 Checksum: 4286199d
Page 92 Checksum: 6d4e3915
Page 93 Checksum: 19fccf9d
Page 94 Checksum: d72d697b
Page 95 Checksum: a79a29b
Page 96 Checksum: d5ab21f9
Page 97 Checksum: 32733169
Page 98 Checksum: f51d5ec1
Page 99 Checksum: 27c87cf1
Page 100 Checksum: d491a459
Page 101 Checksum: 9f46440b
Page 102 Checksum: d8d5f73
Page 103 Checksum: 770745ab
Page 104 Checksum: 193b5477
Page 105 Checksum: 6eb2e59e
Page 106 Checksum: c4e8ca6b
Page 107 Checksum: 5a2f6253
Page 108 Checksum: f373ea27
Page 109 Checksum: 59a7c09f
Page 110 Checksum: b71b0dd8
Page 111 Checksum: de1f524
Page 112 Checksum: 6459d79b
Page 113 Checksum: fe5f6c33
Page 114 Checksum: 6396c32c
Page 115 Checksum: 620f02c8
Page 116 Checksum: fb830890
Page 117 Checksum: 51c60cbc
Page 118 Checksum: b77ff0b5
Page 119 Checksum: db6c981
Page 120 Checksum: 6c2ea278
Page 121 Checksum: 5b427a0
Page 122 Checksum: 6b2b8e59
Page 123 Checksum: 196f2d71
Page 124 Checksum: 7aa3bbf5
Page 125 Checksum: 13d7d33d
Page 126 Checksum: 6a1ae829
Page 127 Checksum: cf54bac2
Page 128 Checksum: ac25d242
Page 129 Checksum: 7f5a52b2
Page 130 Checksum: c4057fda
Page 131 Checksum: 6f35a178
Page 132 Checksum: 46b04612
Page 133 Checksum: 797a7cfa
Page 134 Checksum: 4623136a
Page 135 Checksum: 14cc5b8
Page 136 Checksum: 2c98feb8
Page 137 Checksum: 79611e48
Page 138 Checksum: 4c15b5d6
Page 139 Checksum: 18dfdd5e
Page 140 Checksum: cb8a1cd6
Page 141 Checksum: 76bac6d8
Page 142 Checksum: 41ed665a
Page 143 Checksum: 21484312
Page 144 Checksum: 4c107a0a
Page 145 Checksum: 16e2216a
Page 146 Checksum: ca143aea
Page 147 Checksum: 9708c1f4
Page 148 Checksum: 4bb4012c
Page 149 Checksum: 76dd437a
Page 150 Checksum: 2a51e3da
Page 151 Checksum: 555fe182
Page 152 Checksum: db8de4c8
Page 153 Checksum: 81d18c30
Page 154 Checksum: b0b3e77
Page 155 Checksum: 614e530b
Page 156 Checksum: ba82eae7
Page 157 Checksum: ffacc30
Page 158 Checksum: 75723297
Page 159 Checksum: ea6498f
Page 160 Checksum: db50e0cc
Page 161 Checksum: 74c3e603
Page 162 Checksum: 1a078eef
Page 163 Checksum: b37f6357
Page 164 Checksum: 18b6b9df
Page 165 Checksum: 6efabdb3
Page 166 Checksum: 6a7fc8be
Page 167 Checksum: c3b86016
Page 168 Checksum: 70e0e728
Page 169 Checksum: a40a20fa
Page 170 Checksum: eed22092
Page 171 Checksum: ecb477f2
Page 172 Checksum: 997fb70a
Page 173 Checksum: c6525682
Page 174 Checksum: 910b7e70
Page 175 Checksum: 43bd9cd0
Page 176 Checksum: e7c340c0
Page 177 Checksum: 1a6e5e08
Page 178 Checksum: c59e7fca
Page 179 Checksum: 764b2240
Page 180 Checksum: a5995fa0
Page 181 Checksum: a50c2d38
Page 182 Checksum: 5035cdaa
Page 183 Checksum: b67cf102
Page 184 Checksum: 21f6c7aa
Page 185 Checksum: 10a27f9f
Page 186 Checksum: 68d8549a
Page 187 Checksum: 5edaf2
Page 188 Checksum: ffd75b5e
Page 189 Checksum: 554ab185
Page 190 Checksum: ea8e3969
Page 191 Checksum: 4fd59cc1
Page 192 Checksum: fa816b4
Page 193 Checksum: 69dc2e70
Page 194 Checksum: ff4f4397
Page 195 Checksum: ee4fc19b
Page 196 Checksum: 54839424
Page 197 Checksum: c7d00d44
Page 198 Checksum: 274d0c66
Page 199 Checksum: d41633ce
Page 200 Checksum: 31f11d04
Page 201 Checksum: fd229c62
Page 202 Checksum: 2fcdba92
Page 203 Checksum: cfaeb37a
Page 204 Checksum: 8579f2d2
Page 205 Checksum: 7cf08edc
Page 206 Checksum: a919d10e
Page 207 Checksum: 419fff1c
Page 208 Checksum: f4cc9f5c
Page 209 Checksum: ea497e86
Page 210 Checksum: 9cfb9cc6
Page 211 Checksum: 49ca3c5e
Page 212 Checksum: 2a2dfcfa
Page 213 Checksum: 21d13b6a
Page 214 Checksum: ec92d168
Page 215 Checksum: b50b9ae4
Page 216 Checksum: 1a52fe0c
Page 217 Checksum: da0977f8
Page 218 Checksum: c9b0a475
Page 219 Checksum: 232a7a6d
Page 220 Checksum: 1eacf4cc
Page 221 Checksum: 83f417f4
Page 222 Checksum: 7a18570
Page 223 Checksum: 474e7f5c
Page 224 Checksum: f1d91f20
Page 225 Checksum: ad8046d1
Page 226 Checksum: 12ba2ada
Page 227 Checksum: c239a946
Page 228 Checksum: b2299146
Page 229 Checksum: adb93e06
Page 230 Checksum: ac6e2917
Page 231 Checksum: a21a077f
Page 232 Checksum: 2208a837
Page 233 Checksum: 1dd29ad
Page 234 Checksum: dfdfc79d
Page 235 Checksum: 580a0549
Page 236 Checksum: 506945d1
Page 237 Checksum: 274bb63
Page 238 Checksum: 7a6d84d1
Page 239 Checksum: 7829ca99
Page 240 Checksum: 333ac3f3
Page 241 Checksum: 2ab76849
Page 242 Checksum: cd540053
Page 243 Checksum: 18217071
Page 244 Checksum: c2cd6173
Page 245 Checksum: 4d58bdad
Page 246 Checksum: 4a159460
Page 247 Checksum: fb9c5253
Page 248 Checksum: 87d02fb5
Page 249 Checksum: 8048d4a5
Page 250 Checksum: 1af7b8a5
Page 251 Checksum: 3aa0547b
Page 252 Checksum: 3b6090f9
Page 253 Checksum: d0829a28
Page 254 Checksum: 50a95a93
Page 255 Checksum: f891723b
Page 256 Checksum: cf54bac2
Page 257 Checksum: eed22092
Page 258 Checksum: 49ca3c5e
Page 259 Checksum: f891723b
Page 260 Checksum: f891723b
/mnt/tcases/rendering/sentry/colortests/TonerDarkness_Y.ps: 1392/1392 bytes sent
Page 1 Checksum: ec81c2d5
Page 2 Checksum: a484e7c3
Page 3 Checksum: e173e4b7
Page 4 Checksum: 63ff17ed
Page 5 Checksum: 6872a52c
Page 6 Checksum: b5f486d5
Page 7 Checksum: 3fd79de1
Page 8 Checksum: 3fd79de1
Page 9 Checksum: a5b5c5af
Page 10 Checksum: 383830e1
Page 11 Checksum: 383830e1
Page 12 Checksum: e86691dc
Page 13 Checksum: 4337e6a9
Page 14 Checksum: 4337e6a9
Page 15 Checksum: fc763bae
Page 16 Checksum: 354d5152
Page 17 Checksum: 354d5152
Page 18 Checksum: b3bd950a
Page 19 Checksum: ff287ce3
Page 20 Checksum: ff287ce3
Page 21 Checksum: 14cad68d
Page 22 Checksum: 14cad68d
Page 23 Checksum: d84d3681
Page 24 Checksum: 5a7c6f7e
Page 25 Checksum: 5a7c6f7e
Page 26 Checksum: 6988bc8a
Page 27 Checksum: 2e5fd39c
Page 28 Checksum: 2e5fd39c
Page 29 Checksum: fa00c9cd
Page 30 Checksum: a9301ba2
Page 31 Checksum: a9301ba2
Page 32 Checksum: b2a76e4
Page 33 Checksum: b2a76e4
Page 34 Checksum: c556521e
Page 35 Checksum: 14390c73
Page 36 Checksum: 14390c73
Page 37 Checksum: ec4da485
Page 38 Checksum: 49e92eff
Page 39 Checksum: 49e92eff
Page 40 Checksum: 653c70eb
Page 41 Checksum: 653c70eb
Page 42 Checksum: a6e8c205
Page 43 Checksum: 3ed18677
Page 44 Checksum: 3ed18677
Page 45 Checksum: de3cbf13
Page 46 Checksum: 623f069f
Page 47 Checksum: 623f069f
Page 48 Checksum: 9005eae0
Page 49 Checksum: 9005eae0
Page 50 Checksum: cc2898be
Page 51 Checksum: 4bb99ee6
Page 52 Checksum: 4bb99ee6
Page 53 Checksum: a1377963
Page 54 Checksum: a1377963
Page 55 Checksum: 467c9d34
Page 56 Checksum: 12338160
Page 57 Checksum: 12338160
Page 58 Checksum: be243054
Page 59 Checksum: be243054
Page 60 Checksum: 2c5f35e7
Page 61 Checksum: ef2bf93
Page 62 Checksum: ef2bf93
Page 63 Checksum: bcbe78a9
Page 64 Checksum: 8b5824ed
Page 65 Checksum: 8b5824ed
Page 66 Checksum: bec509ec
Page 67 Checksum: bec509ec
Page 68 Checksum: bb45286a
Page 69 Checksum: 6060fbb6
Page 70 Checksum: 6060fbb6
Page 71 Checksum: cdde189f
Page 72 Checksum: cdde189f
Page 73 Checksum: bebeefd6
Page 74 Checksum: 11cf672e
Page 75 Checksum: 11cf672e
Page 76 Checksum: b468e8b6
Page 77 Checksum: b468e8b6
Page 78 Checksum: 83569681
Page 79 Checksum: 83a2b120
Page 80 Checksum: 83a2b120
Page 81 Checksum: 313ddc55
Page 82 Checksum: 313ddc55
Page 83 Checksum: b64225e6
Page 84 Checksum: dd2495ac
Page 85 Checksum: dd2495ac
Page 86 Checksum: d7dc8bfb
Page 87 Checksum: 41296ab7
Page 88 Checksum: 41296ab7
Page 89 Checksum: e8aa7ad1
Page 90 Checksum: e8aa7ad1
Page 91 Checksum: a78a8811
Page 92 Checksum: 6236504d
Page 93 Checksum: 6236504d
Page 94 Checksum: b2a49d13
Page 95 Checksum: b2a49d13
Page 96 Checksum: a18d5c45
Page 97 Checksum: 1eb90f14
Page 98 Checksum: 1eb90f14
Page 99 Checksum: 99e2ab71
Page 100 Checksum: 99e2ab71
Page 101 Checksum: b907fc9d
Page 102 Checksum: 1fe130df
Page 103 Checksum: 1fe130df
Page 104 Checksum: 1aa1b585
Page 105 Checksum: 379645d7
Page 106 Checksum: 379645d7
Page 107 Checksum: 481b69c9
Page 108 Checksum: 481b69c9
Page 109 Checksum: ab6d8649
Page 110 Checksum: 7dbd9daf
Page 111 Checksum: 7dbd9daf
Page 112 Checksum: f1c9b4d1
Page 113 Checksum: f1c9b4d1
Page 114 Checksum: 2a621c3b
Page 115 Checksum: 4579e02c
Page 116 Checksum: 4579e02c
Page 117 Checksum: 76fb374b
Page 118 Checksum: b8329d53
Page 119 Checksum: b8329d53
Page 120 Checksum: 1cce7a23
Page 121 Checksum: 1cce7a23
Page 122 Checksum: f6303a18
Page 123 Checksum: 64afc256
Page 124 Checksum: 64afc256
Page 125 Checksum: 46b9e753
Page 126 Checksum: 2320c04e
Page 127 Checksum: 2320c04e
Page 128 Checksum: 30ae8508
Page 129 Checksum: afe9f913
Page 130 Checksum: afe9f913
Page 131 Checksum: ca9cc049
Page 132 Checksum: ca9cc049
Page 133 Checksum: 8ddc7245
Page 134 Checksum: bbb6950c
Page 135 Checksum: bbb6950c
Page 136 Checksum: 382a5d38
Page 137 Checksum: 64b3b639
Page 138 Checksum: 64b3b639
Page 139 Checksum: ab275ce6
Page 140 Checksum: a5d5a29d
Page 141 Checksum: a5d5a29d
Page 142 Checksum: c7c16cf4
Page 143 Checksum: c7c16cf4
Page 144 Checksum: 69cfde0e
Page 145 Checksum: 77fb1472
Page 146 Checksum: 77fb1472
Page 147 Checksum: b55a5080
Page 148 Checksum: 8ad5f030
Page 149 Checksum: 8ad5f030
Page 150 Checksum: da130a30
Page 151 Checksum: a6a4ac94
Page 152 Checksum: a6a4ac94
Page 153 Checksum: 6cf99f0e
Page 154 Checksum: d4c204d8
Page 155 Checksum: d4c204d8
Page 156 Checksum: b1958a8c
Page 157 Checksum: 704b424
Page 158 Checksum: 704b424
Page 159 Checksum: f3bce3f6
Page 160 Checksum: c916eabc
Page 161 Checksum: c916eabc
Page 162 Checksum: d2042c53
Page 163 Checksum: ca37f3f5
Page 164 Checksum: 97ec2609
Page 165 Checksum: 97ec2609
Page 166 Checksum: 37c0615f
Page 167 Checksum: b00ffa76
Page 168 Checksum: b00ffa76
Page 169 Checksum: f2b2c34f
Page 170 Checksum: dee27175
Page 171 Checksum: dee27175
Page 172 Checksum: 7b35110d
Page 173 Checksum: a7b7fb38
Page 174 Checksum: ee6e261c
Page 175 Checksum: ee6e261c
Page 176 Checksum: df8a6411
Page 177 Checksum: 264797e
Page 178 Checksum: 264797e
Page 179 Checksum: 8dad1e41
Page 180 Checksum: 5dfda56b
Page 181 Checksum: 9eac93b5
Page 182 Checksum: 9eac93b5
Page 183 Checksum: 46becee3
Page 184 Checksum: 8a82c745
Page 185 Checksum: 9520b043
Page 186 Checksum: 9520b043
Page 187 Checksum: cc2b47cd
Page 188 Checksum: d96f5365
Page 189 Checksum: 147515b
Page 190 Checksum: 147515b
Page 191 Checksum: d33f711e
Page 192 Checksum: c447753
Page 193 Checksum: 9008fdc3
Page 194 Checksum: 6656ffe1
Page 195 Checksum: 6656ffe1
Page 196 Checksum: 822b0140
Page 197 Checksum: 4b5288f1
Page 198 Checksum: b2a9c709
Page 199 Checksum: ee07bb4c
Page 200 Checksum: ee07bb4c
Page 201 Checksum: d1e04
Page 202 Checksum: d38ff82
Page 203 Checksum: 3ebad09a
Page 204 Checksum: 859b4e37
Page 205 Checksum: b5773cb7
Page 206 Checksum: b5773cb7
Page 207 Checksum: 6a68c53
Page 208 Checksum: e4f5d4b2
Page 209 Checksum: 307606dc
Page 210 Checksum: f03f320c
Page 211 Checksum: ffd9ac8c
Page 212 Checksum: 7f5b6d0a
Page 213 Checksum: dd764c9e
Page 214 Checksum: ed8eca9c
Page 215 Checksum: 8b7ea4be
Page 216 Checksum: 8b7ea4be
Page 217 Checksum: e9f7a254
Page 218 Checksum: 5f1d0dd5
Page 219 Checksum: a8cd83fd
Page 220 Checksum: 28b3316
Page 221 Checksum: c7d87003
Page 222 Checksum: 68430796
Page 223 Checksum: 62c98683
Page 224 Checksum: 49a023ad
Page 225 Checksum: 89b6a72e
Page 226 Checksum: a286c49b
Page 227 Checksum: ed75df57
Page 228 Checksum: 89282364
Page 229 Checksum: 9aa9c9f5
Page 230 Checksum: 864e55d2
Page 231 Checksum: 66a6f7b8
Page 232 Checksum: b5624582
Page 233 Checksum: 5bfb2048
Page 234 Checksum: a74434e4
Page 235 Checksum: 93f9dc8f
Page 236 Checksum: dd457e7f
Page 237 Checksum: f081f666
Page 238 Checksum: ea0b1464
Page 239 Checksum: 6ddb0c27
Page 240 Checksum: d0847ba
Page 241 Checksum: 2b7967a8
Page 242 Checksum: 71e1f82e
Page 243 Checksum: 1fee3973
Page 244 Checksum: cb58dab6
Page 245 Checksum: aa23b605
Page 246 Checksum: be978560
Page 247 Checksum: 977443ed
Page 248 Checksum: 99405710
Page 249 Checksum: a2b2cda1
Page 250 Checksum: c0381f0
Page 251 Checksum: 55ad2c99
Page 252 Checksum: d291bc00
Page 253 Checksum: 21e578ec
Page 254 Checksum: 5c4a09ec
Page 255 Checksum: f891723b
Page 256 Checksum: 2320c04e
Page 257 Checksum: dee27175
Page 258 Checksum: ffd9ac8c
Page 259 Checksum: f891723b
Page 260 Checksum: f891723b
/mnt/tcases/rendering/sentry/monotests/BrightnessContrast_GRAY.ps: 3199/3199 bytes sent
Page 1 Checksum: 3237e176
Page 2 Checksum: cc42c916
Page 3 Checksum: ee005fb6
Page 4 Checksum: 7f3fb9cf
Page 5 Checksum: e1d5b78d
Page 6 Checksum: 4769801d
Page 7 Checksum: cf4147d7
Page 8 Checksum: d7326005
Page 9 Checksum: 838d075c
Page 10 Checksum: 364db8d8
Page 11 Checksum: 2ca98d25
Page 12 Checksum: bcb94f34
Page 13 Checksum: 2abd20a6
Page 14 Checksum: 137eb1c0
Page 15 Checksum: 4f707064
Page 16 Checksum: 882c6cfd
Page 17 Checksum: c3d1220d
Page 18 Checksum: 39576a8f
Page 19 Checksum: 3237e176
/mnt/tcases/rendering/sentry/monotests/ColorCorrection.ps: 2762/2762 bytes sent
Page 1 Checksum: 29ea15c2
Page 2 Checksum: 3f15d2b4
Page 3 Checksum: 29ea15c2
Page 4 Checksum: 3f15d2b4
/mnt/tcases/rendering/sentry/monotests/TonerDarkness.ps: 2183/2183 bytes sent
Page 1 Checksum: 6ac6ff47
Page 2 Checksum: bc8d55a7
Page 3 Checksum: afd49e43
Page 4 Checksum: a32f35bb
Page 5 Checksum: a32f35bb
Page 6 Checksum: 66d289a7
Page 7 Checksum: 98969ad7
Page 8 Checksum: 348522c1
Page 9 Checksum: 34712f41
Page 10 Checksum: cfb50ff9
Page 11 Checksum: cfb50ff9
Page 12 Checksum: 6ba39783
Page 13 Checksum: c0d5eb75
Page 14 Checksum: 17a4a551
Page 15 Checksum: 191b5e19
Page 16 Checksum: 1a921681
Page 17 Checksum: 1a921681
Page 18 Checksum: 94409e81
Page 19 Checksum: 942f1abf
Page 20 Checksum: 8dd2fbaf
Page 21 Checksum: 781838f
Page 22 Checksum: 773df97
Page 23 Checksum: 773df97
Page 24 Checksum: b2106d97
Page 25 Checksum: 8ee54bbf
Page 26 Checksum: c0badd7f
Page 27 Checksum: f290697f
Page 28 Checksum: 2a7efb8d
Page 29 Checksum: 2a7efb8d
Page 30 Checksum: 2a714f15
Page 31 Checksum: 2a714f15
Page 32 Checksum: 610a2ca8
Page 33 Checksum: 98e74740
Page 34 Checksum: 98e74740
Page 35 Checksum: 98e74740
Page 36 Checksum: 438020ad
Page 37 Checksum: eed992b5
Page 38 Checksum: ef878c75
Page 39 Checksum: f0358075
Page 40 Checksum: 2d0412fd
Page 41 Checksum: 2d0412fd
Page 42 Checksum: 2cf29b27
Page 43 Checksum: 29bb7a27
Page 44 Checksum: 668a06ef
Page 45 Checksum: 6677a31f
Page 46 Checksum: 666545df
Page 47 Checksum: 666545df
Page 48 Checksum: 6c8a72a7
Page 49 Checksum: 72af9b4f
Page 50 Checksum: 78d4cdd7
Page 51 Checksum: 5fc355d7
Page 52 Checksum: 5fc355d7
Page 53 Checksum: 5fb10137
Page 54 Checksum: 469f8d37
Page 55 Checksum: 2d8e1ef7
Page 56 Checksum: 2d8ceaf7
Page 57 Checksum: 82e13ce7
Page 58 Checksum: 82e13ce7
Page 59 Checksum: 3c9d1d0b
Page 60 Checksum: a059a443
Page 61 Checksum: 4162b5b
Page 62 Checksum: 7404b38d
Page 63 Checksum: 74037fed
Page 64 Checksum: 74037fed
Page 65 Checksum: e1476239
Page 66 Checksum: 5135ea7b
Page 67 Checksum: d1247351
Page 68 Checksum: 266855a1
Page 69 Checksum: 7c082fe5
Page 70 Checksum: 7c082fe5
Page 71 Checksum: 7c52071d
Page 72 Checksum: 7c52071d
Page 73 Checksum: 7c9bde35
Page 74 Checksum: 9afa6635
Page 75 Checksum: 1ae8eefb
Page 76 Checksum: 1ae8eefb
Page 77 Checksum: 9944cfeb
Page 78 Checksum: b7a357cb
Page 79 Checksum: b7929a13
Page 80 Checksum: b781c76b
Page 81 Checksum: c3ea0f0b
Page 82 Checksum: c3ea0f0b
Page 83 Checksum: d052650b
Page 84 Checksum: dcbaad0b
Page 85 Checksum: aaa94211
Page 86 Checksum: aa986f19
Page 87 Checksum: 7886f5ff
Page 88 Checksum: 7886f5ff
Page 89 Checksum: 46757d05
Page 90 Checksum: 4663f621
Page 91 Checksum: 46525a4d
Page 92 Checksum: 495781ed
Page 93 Checksum: 4c5cb7ed
Page 94 Checksum: 4c5cb7ed
Page 95 Checksum: 4f61dfed
Page 96 Checksum: 42d076b5
Page 97 Checksum: 42beda91
Page 98 Checksum: 362d6339
Page 99 Checksum: 299bec01
Page 100 Checksum: 299bec01
Page 101 Checksum: 2987f821
Page 102 Checksum: 29740ae1
Page 103 Checksum: 42561619
Page 104 Checksum: 5b381d31
Page 105 Checksum: 5b381d31
Page 106 Checksum: 5b381d31
Page 107 Checksum: 741a2e29
Page 108 Checksum: 1008b69f
Page 109 Checksum: ff4d1ff
Page 110 Checksum: abe35f15
Page 111 Checksum: abe35f15
Page 112 Checksum: 47d1f1eb
Page 113 Checksum: 47c06e2d
Page 114 Checksum: 47aef11f
Page 115 Checksum: 4925ac57
Page 116 Checksum: 4a9c636f
Page 117 Checksum: 4a9c636f
Page 118 Checksum: 4c132467
Page 119 Checksum: c5c1ac87
Page 120 Checksum: c5b03419
Page 121 Checksum: 3f5ec019
Page 122 Checksum: b90d51d9
Page 123 Checksum: b90d51d9
Page 124 Checksum: b8ffb291
Page 125 Checksum: b8f1fe29
Page 126 Checksum: eac785e9
Page 127 Checksum: 1c9d1be9
Page 128 Checksum: 4e72a3e9
Page 129 Checksum: 4e72a3e9
Page 130 Checksum: 86613a1b
Page 131 Checksum: 86538593
Page 132 Checksum: be420de5
Page 133 Checksum: f6309617
Page 134 Checksum: f61f2a2d
Page 135 Checksum: f61f2a2d
Page 136 Checksum: f60daf13
Page 137 Checksum: f6bb9eb3
Page 138 Checksum: f7699cb3
Page 139 Checksum: f8178cb3
Page 140 Checksum: 34e621eb
Page 141 Checksum: 34e621eb
Page 142 Checksum: 34d4a6c1
Page 143 Checksum: 71a32dd9
Page 144 Checksum: ae71b511
Page 145 Checksum: ae898f89
Page 146 Checksum: 594bdbc1
Page 147 Checksum: 594bdbc1
Page 148 Checksum: ccd4ba09
Page 149 Checksum: 945f4bc9
Page 150 Checksum: 5be9d7c9
Page 151 Checksum: 3bd86abf
Page 152 Checksum: 3bd86abf
Page 153 Checksum: 3bf03bf7
Page 154 Checksum: 16891aa2
Page 155 Checksum: f677a838
Page 156 Checksum: b6663aca
Page 157 Checksum: bc169f7
Page 158 Checksum: bc169f7
Page 159 Checksum: bd94837
Page 160 Checksum: bf11e37
Page 161 Checksum: 9b17af2f
Page 162 Checksum: 5b063ca1
Page 163 Checksum: 9a2b1a19
Page 164 Checksum: 9a2b1a19
Page 165 Checksum: 2951a551
Page 166 Checksum: 29507171
Page 167 Checksum: 294f43f1
Page 168 Checksum: 8d0bd0b9
Page 169 Checksum: f0c859a1
Page 170 Checksum: f0c859a1
Page 171 Checksum: 5484ec29
Page 172 Checksum: c47373c7
Page 173 Checksum: c4724f07
Page 174 Checksum: 3460dbd5
Page 175 Checksum: 243df51d
Page 176 Checksum: 243df51d
Page 177 Checksum: a42c8147
Page 178 Checksum: a4765e0f
Page 179 Checksum: a4c036b7
Page 180 Checksum: a50a1d7f
Page 181 Checksum: c368a59f
Page 182 Checksum: c368a59f
Page 183 Checksum: 43573769
Page 184 Checksum: 61b5c369
Page 185 Checksum: 802c36f1
Page 186 Checksum: 80440419
Page 187 Checksum: 47ce8bf9
Page 188 Checksum: 47ce8bf9
Page 189 Checksum: f5921f9
Page 190 Checksum: d6e3a9f9
Page 191 Checksum: b6d24063
Page 192 Checksum: b6ea0d2b
Page 193 Checksum: 76c71c2f
Page 194 Checksum: 76c71c2f
Page 195 Checksum: 36b5b2fd
Page 196 Checksum: f6a43afb
Page 197 Checksum: f6bc0b3b
Page 198 Checksum: f6d3ef3b
Page 199 Checksum: 86125603
Page 200 Checksum: 86125603
Page 201 Checksum: 4600de11
Page 202 Checksum: d52766b9
Page 203 Checksum: 644def81
Page 204 Checksum: 647d9581
Page 205 Checksum: 647d9581
Page 206 Checksum: f3a420b9
Page 207 Checksum: 82caa811
Page 208 Checksum: 11f13909
Page 209 Checksum: d1f79faf
Page 210 Checksum: 91e62d85
Page 211 Checksum: 91e62d85
Page 212 Checksum: 51d4c07b
Page 213 Checksum: 31c3487d
Page 214 Checksum: 11c9a6e7
Page 215 Checksum: 11e1723f
Page 216 Checksum: 11f94cb7
Page 217 Checksum: 11f94cb7
Page 218 Checksum: b9726769
Page 219 Checksum: 80fcf369
Page 220 Checksum: 48d16e61
Page 221 Checksum: 491b4579
Page 222 Checksum: 6779cd59
Page 223 Checksum: 6779cd59
Page 224 Checksum: a436eb59
Page 225 Checksum: 2425820b
Page 226 Checksum: a45de1a5
Page 227 Checksum: 244c6a17
Page 228 Checksum: 4298a53
Page 229 Checksum: 4298a53
Page 230 Checksum: 42856b3
Page 231 Checksum: 4260433
Page 232 Checksum: 67e2996b
Page 233 Checksum: 3b8da919
Page 234 Checksum: 9f4a3051
Page 235 Checksum: 9f4a3051
Page 236 Checksum: f4cfd551
Page 237 Checksum: dbf3b70d
Page 238 Checksum: fa40c87d
Page 239 Checksum: ba472067
Page 240 Checksum: 6f8b0207
Page 241 Checksum: 6f8b0207
Page 242 Checksum: f68116f
Page 243 Checksum: 3a19c58f
Page 244 Checksum: 3a495f7f
Page 245 Checksum: e1c26f7d
Page 246 Checksum: 14c506d
Page 247 Checksum: 14c506d
Page 248 Checksum: c984c82d
Page 249 Checksum: 70148f5
Page 250 Checksum: 809e6465
Page 251 Checksum: 813ae1e3
Page 252 Checksum: 813ae1e3
Page 253 Checksum: 810a55a7
Page 254 Checksum: b2d22a8f
Page 255 Checksum: 3bf03bf7
Page 256 Checksum: 647d9581
Page 257 Checksum: b2d22a8f
Page 258 Checksum: f891723b
Page 259 Checksum: f891723b
Page 260 Checksum: 3bf03bf7
Page 261 Checksum: 647d9581
Page 262 Checksum: b2d22a8f
Page 263 Checksum: f891723b
Page 264 Checksum: f891723b
/mnt/tcases/rendering/sentry/pmaptests/AllowUserScreensTestDefault.ps: 3852/3852 bytes sent
Page 1 Checksum: 2a479662
/mnt/tcases/rendering/sentry/pmaptests/AllowUserScreensTestOff.ps: 3850/3850 bytes sent
Page 1 Checksum: 2a479662
/mnt/tcases/rendering/sentry/pmaptests/AllowUserScreensTestOn.ps: 3757/3757 bytes sent
Page 1 Checksum: 60a3b898
/mnt/tcases/rendering/sentry/pmaptests/BayerScreenLimit.ps: 2921/2921 bytes sent
Page 1 Checksum: 4a08c23b
Page 2 Checksum: 6214158e
/mnt/tcases/rendering/sentry/pmaptests/BlackTrapping.ps: 2227/2227 bytes sent
Page 1 Checksum: db4e5f7b
Page 2 Checksum: 91978736
Page 3 Checksum: 6a1a9b6c
Page 4 Checksum: e28fc5a1
Page 5 Checksum: 876c7e26
Page 6 Checksum: fcb61d00
Page 7 Checksum: 12c82fa8
/mnt/tcases/rendering/sentry/pmaptests/Coring.ps: 4548/4548 bytes sent
Page 1 Checksum: 662ee372
Page 2 Checksum: 1a08d596
Page 3 Checksum: 2a96b0eb
Page 4 Checksum: 6aa71beb
/mnt/tcases/rendering/sentry/pmaptests/EnhanceFineLine.ps: 4299/4299 bytes sent
Page 1 Checksum: 57325c5e
Page 2 Checksum: 477db433
Page 3 Checksum: 8b2eb76f
Page 4 Checksum: 718cbcbd
Page 5 Checksum: 7e90c998
/mnt/tcases/rendering/sentry/pmaptests/FontOutlining.ps: 4363/4363 bytes sent
Page 1 Checksum: 404fe298
Page 2 Checksum: 9a424ca4
Page 3 Checksum: c545e0a3
/mnt/tcases/rendering/sentry/pmaptests/PixelBoost.ps: 3138/3138 bytes sent
Page 1 Checksum: 880e5442
Page 2 Checksum: 8e4e1850
Page 3 Checksum: 8b2eb76f
Page 4 Checksum: 718cbcbd
Page 5 Checksum: 7e90c998
/mnt/tcases/rendering/sentry/pmaptests/Resolution.ps: 3551/3551 bytes sent
Page 1 Checksum: 886e569b
/mnt/tcases/rendering/sentry/pmaptests/UserScreen1200.ps: 21711/21711 bytes sent
Page 1 Checksum: dc94b8a1
/mnt/tcases/rendering/sentry/pmaptests/UserScreen1200IQ.ps: 21741/21741 bytes sent
Page 1 Checksum: 15f02278
/mnt/tcases/rendering/sentry/pmaptests/UserScreen2400IQ.ps: 21741/21741 bytes sent
Page 1 Checksum: bc44f65e
/mnt/tcases/rendering/sentry/pmaptests/UserScreen600.ps: 6599/6599 bytes sent
Page 1 Checksum: 8337af74
/mnt/tcases/rendering/sentry/pmaptests/UserScreenType1.ps: 1632/1632 bytes sent
Page 1 Checksum: 8c1bf59f
/mnt/tcases/rendering/sentry/pmaptests/UserScreensColor1200.ps: 22332/22332 bytes sent
Page 1 Checksum: 37a1e0b9
/mnt/tcases/rendering/sentry/pmaptests/UserScreensColor2400IQ.ps: 54855/54855 bytes sent
Page 1 Checksum: f173019a
/mnt/tcases/rendering/sentry/pmaptests/usescannerscreen.ps: 3812/3812 bytes sent
Page 1 Checksum: 440cca
Page 2 Checksum: e64468c
Page 3 Checksum: 1ea70860
Page 4 Checksum: 2c55e032
Page 5 Checksum: e7285b58
Page 6 Checksum: 27b12120
/usr/share/integration-tests/tests/Rendering/regression/use_product_tables.ps: 40/40 bytes sent
