invoking = /users/chritan/bin/pdlsapp -e PCL /pfv/.firmwaretestcebu/pcl/Prescribe/kyocera/tc/sulp03.pre
p_object.c ----------------- tanch@trace_begin: compile with -finstrument-functions called....
Using command-line default interpreter PCL
Current heap size is 134217728
Using anrmalloc
Complexity control file not found 
   Tried to open ./complexity.conf
   Tried to open /etc/complexity.conf
******* UFST 7.3 ON ************
get_screen_conf_file: Could not find a screen.conf file!
pdls_get_graphen_device() device:0xe71e412c name=


backend_start_job -- updating job env from defaults

no more PJL commands
Ingoring PJL ENTER LANGUAGE=(null) in favor of command-line override
Starting PCL
******* UFST 7.3 ON ************
--------INITIALIZE PCL5 RESIDENT FONTS---------------
Can't create directory ./fonts: File exists
Can't create directory ./fonts: File exists
PCL5Start() About to call iapi_ready_for_job
PCL5Start() Begin processing Job! 
Opening a PCL5 page
create_print_device_page (6400, 4900, 0, 0xe71e412c, 0, 0)
Found Job boundary
Closing a PCL5 page
devpage : 0 rectregion, 0 imgregion, 0 trapregion, 0 trapthreshregion, 70 charbit, 0 picture
pdlsapp[7201]: block_map_limit_complexity called without valid complexity control file.
Page 1 checksum is: 281aefea
Can't create directory ./fonts: File exists
Can't create directory ./fonts: File exists


backend_start_job -- updating job env from defaults

******* UFST 7.3 ON ************
PCL5Start() Kill recv'd, PDL exiting.

      Killing PCL5..............
Memory Leak: 0x80b05df:size=32
Memory Leak: 0x80b05df:size=32
Memory Leak: 0x80b05df:size=32
Memory Leak: 0x80b05df:size=32
Memory Leak: 0x80dee0d:size=440
Memory Leak: 0x80dee58:size=748
Memory Leak: 0x8487b0a:size=20
Memory Leak: 0x8487b2e:size=20
Memory Leak: 0x8487b56:size=20
Memory Leak: 0x80afde6:size=68
Memory Leak: 0x80afde6:size=68
Memory Leak: 0x80afde6:size=68
Memory Leak: 0x80afde6:size=68
Memory Leak: 0x80afde6:size=68
Memory Leak: 0x80afde6:size=68
Memory Leak: 0x80afde6:size=68
Memory Leak: 0x80afde6:size=68
Memory Leak: 0x80afde6:size=68
Memory Leak: 0x80afde6:size=68
Memory Leak: 0x80afde6:size=68
Memory Leak: 0x80b2ec4:size=132
Memory Leak: 0x80b2ec4:size=132
Memory Leak: 0x80b2ec4:size=132
Memory Leak: 0x80b2ec4:size=132
Memory Leak: 0x80b2ec4:size=132
Memory Leak: 0x80b2ec4:size=132
Memory Leak: 0x80b2ec4:size=132
Memory Leak: 0x80b2ec4:size=132
Memory Leak: 0x80b2ec4:size=132
Memory Leak: 0x80b2ec4:size=132
Memory Leak: 0x80b2ec4:size=132
Memory Leak: 0x80b2ec4:size=132
Memory Leak: 0x80b2ec4:size=132
Memory Leak: 0x80b2ec4:size=132
Memory Leak: 0x80b2ec4:size=132
Memory Leak: 0x80dee27:size=260
Memory Leak: 0x80b05df:size=36
Memory Leak: 0x80b05df:size=36
Memory Leak: 0x80b05df:size=36
Memory Leak: 0x80b05df:size=36
Memory Leak: 0x80b05df:size=36
Memory Leak: 0x80b05df:size=36
Memory Leak: 0x80dedde:size=52
Memory Leak: 0x80dee3e:size=52
Memory Leak: 0x848771e:size=20096
Memory Leak: 0x848771e:size=20096
Memory Leak: 0x8487b92:size=262152
Memory Leak: 0x80dedf3:size=5364
Memory Leak: 0x80b2ec4:size=132
Memory Leak: 0x80b2ec4:size=132
Memory Leak: 0x80b2ec4:size=132
Memory Leak: 0x80b2ec4:size=132
Memory Leak: 0x80b2ec4:size=132
Memory Leak: 0x80b2ec4:size=132
Memory Leak: 0x80b2ec4:size=132
Memory Leak: 0x80b2ec4:size=132
Memory Leak: 0x80b2ec4:size=132
Memory Leak: 0x80b2ec4:size=132
Memory Leak: 0x80b2ec4:size=132
Memory Leak: 0x80b2ec4:size=132
Memory Leak: 0x80b2ec4:size=132
Memory Leak: 0x80b2ec4:size=132
Memory Leak: 0x80b2ec4:size=132
Memory Leak: 0x80b2ec4:size=132
Memory Leak: 0x80b2ec4:size=132
Memory Leak: 0x80b2ec4:size=132
*** Reclaimed 314792 bytes
Tearing down the heap -- leak report may be innaccurate
----------------- tanch@trace_end: called....
[/bonus/scratch/tanch/pdls/app/main.c:631] => main
[/bonus/scratch/tanch/pdls/app/main.c:348] => make_getopt_optstring
[/bonus/scratch/tanch/pdls/app/main.c:369] => make_getopt_options
[/bonus/scratch/tanch/pdls/app/main.c:198] => pdls_look_up_interpreter
[/bonus/scratch/tanch/pdls/pcl5/init.c:346] => PCL5_init_control_block
[/bonus/scratch/tanch/pdls/pclutil/pcl_font_interface.c:76] => pcl_install_font_interface
[/bonus/scratch/tanch/pdls/app/graphenglue.c:25] => pdls_set_output_form
[/bonus/scratch/tanch/pdls/app/main.c:390] => extract_checksum_filename
[/bonus/scratch/tanch/pdls/app/main.c:85] => check_file
[/bonus/scratch/tanch/graphen/xi/objects.c:921] => xiPragmatics
[/bonus/scratch/tanch/graphen/pmap/pmapblendingpage.c:83] => pmap_set_small_memory_model
[/bonus/scratch/tanch/graphen/pmap/pmapblendingpage.c:70] => pmap_set_max_ibc_block_size
[/bonus/scratch/tanch/pdls/app/main.c:572] => initialize_imager
[/bonus/scratch/tanch/pdls/cfs/cfs.c:399] => _cfs_prologue_no_cfstab
[/bonus/scratch/tanch/pdls/cfs/cfs.c:88] => _cfs_debug_enabled
[/bonus/scratch/tanch/pdls/cfs/cfs.c:307] => cfs_init
[/bonus/scratch/tanch/pdls/cfs/cfslinux.c:1945] => cfs_linux_get_dispatch
[/bonus/scratch/tanch/pdls/cfs/cfs.c:2822] => add_driver
[/bonus/scratch/tanch/pdls/cfs/cfsram.c:3087] => cfs_ram_get_dispatch
[/bonus/scratch/tanch/pdls/cfs/cfslinux.c:613] => cfs_linux_init
[/bonus/scratch/tanch/pdls/cfs/cfslinux.c:91] => update_devnames
[/bonus/scratch/tanch/pdls/cfs/cfsram.c:3046] => cfs_ram_init
[/bonus/scratch/tanch/pdls/cfs/cfslinux.c:315] => get_font_dir
[/bonus/scratch/tanch/pdls/cfs/cfslinux.c:141] => cfs_add_device
[/bonus/scratch/tanch/pdls/cfs/cfs.c:159] => cfs_SemGet
[/bonus/scratch/tanch/pdls/cfs/cfslinux.c:120] => find_device_mapping_by_name
[/bonus/scratch/tanch/pdls/cfs/cfs.c:154] => cfs_SemRelease
[/bonus/scratch/tanch/pdls/cfs/cfs.c:2307] => cfs_mount
[/bonus/scratch/tanch/pdls/cfs/cfs.c:2776] => valid_mdevice
[/bonus/scratch/tanch/pdls/cfs/cfs.c:2859] => known_device
[/bonus/scratch/tanch/pdls/cfs/cfslinux.c:1289] => cfs_linux_mount
[/bonus/scratch/tanch/pdls/cfs/cfsram.c:1679] => ram_mount
[/bonus/scratch/tanch/pdls/cfs/cfsram.c:2920] => mallocBlock
[/bonus/scratch/tanch/graphen/graphentestbackend/graphentestbackend.c:27] => graphen_test_backend_init
[/bonus/scratch/tanch/graphen/graphentestbackend/blockdevice.c:888] => block_device_init
[/bonus/scratch/tanch/graphen/graphentestbackend/blockdevice.c:286] => init_print_device_page_class
[/bonus/scratch/tanch/graphen/pmap/device.c:242] => pmap_set_default_device
[/bonus/scratch/tanch/graphen/blockdevicepage/blockdevicepage.c:23] => block_device_page_initialize
[/bonus/scratch/tanch/graphen/blockdevicepage/p4blocks.c:1323] => block_init
[/bonus/scratch/tanch/graphen/blockdevicepage/p4blocks.c:82] => _block_device_page_allocate_spare_blocks
[/bonus/scratch/tanch/graphen/blockdevicepage/blockdevicepage.c:51] => block_device_page_get_max_concurrent_clients
[/bonus/scratch/tanch/graphen/blockdevicepage/lzwalg.c:125] => lzw_init
[/bonus/scratch/tanch/graphen/blockdevicepage/p4blocks.c:575] => pmap_queue_pmap_reset
[/bonus/scratch/tanch/graphen/blockdevicepage/block_complexity.c:869] => block_complexity_init
[/bonus/scratch/tanch/graphen/pmap/pamoutputstream.c:101] => pmap_register_pam_support
[/bonus/scratch/tanch/graphen/pmap/pmapoutputstream.c:293] => pmap_output_stream_register_open_func
[/bonus/scratch/tanch/graphen/graphentestbackend/contonedevice.c:872] => contone_device_init
[/bonus/scratch/tanch/graphen/graphentestbackend/contonedevice.c:224] => init_print_device_page_class
[/bonus/scratch/tanch/graphen/contonedevicepage/contonedevicepage.c:3718] => contone_device_page_initialize
[/bonus/scratch/tanch/graphen/contonedevicepage/cmp_lzw_cdp.c:50] => cmp_lzw_cdp_init
[/bonus/scratch/tanch/graphen/pmap/lzw.c:239] => pmap_lzw_create_buffer_pool
[/bonus/scratch/tanch/graphen/pmap/lzw.c:101] => pmap_lzw_add_dictionaries
[/bonus/scratch/tanch/graphen/contonedevicepage/contonemap.c:54] => contone_map_initialize
[/bonus/scratch/tanch/graphen/contonedevicepage/cmp_contoneallwhite.c:466] => pmap_contone_all_white_block_register
[/bonus/scratch/tanch/graphen/pmap/pmapblock.c:284] => pmap_block_register_all_white_compression
[/bonus/scratch/tanch/graphen/pmap/pmapblock.c:257] => pmap_block_register_class
[/bonus/scratch/tanch/graphen/pmap/cmp_uncompressed.c:563] => pmap_uncompressed_block_register
[/bonus/scratch/tanch/graphen/contonedevicepage/cmp_indexcolor.c:662] => pmap_contone_index_color_block_register
[/bonus/scratch/tanch/graphen/contonedevicepage/cmp_lzw_cdp.c:361] => pmap_lzw_block_register
[/bonus/scratch/tanch/graphen/contonedevicepage/cmp_objecttype.c:278] => pmap_object_type_block_register
[/bonus/scratch/tanch/graphen/xi/objects.c:1201] => xiInitImager
[/bonus/scratch/tanch/graphen/xi/xitls.c:141] => _xi_tls_init_key
[/bonus/scratch/tanch/graphen/xi/regions.c:11264] => _xi_xpel_init_key
[/bonus/scratch/tanch/graphen/xi/xitls.c:31] => _xi_get_globals
[/bonus/scratch/tanch/graphen/xi/xitls.c:60] => _xi_tls_init_data
[/bonus/scratch/tanch/graphen/xi/xidebug.c:103] => xi_init_debuginfo
[/bonus/scratch/tanch/graphen/xi/xidebug.c:709] => xi_pam_dump_close
[/bonus/scratch/tanch/graphen/xi/objects.c:1147] => getxopt
[/bonus/scratch/tanch/graphen/xi/dsplstcontone.c:410] => xi_lock_init
[/bonus/scratch/tanch/graphen/xi/spaces.c:1514] => I_InitSpaces
[/bonus/scratch/tanch/graphen/pmap/device.c:226] => pmap_get_default_device
[/bonus/scratch/tanch/graphen/xi/spaces.c:529] => xiContext
[/bonus/scratch/tanch/graphen/xi/spaces.c:476] => FindDeviceContext
[/bonus/scratch/tanch/graphen/pmap/device.c:128] => QueryDevState
[/bonus/scratch/tanch/graphen/graphentestbackend/blockdevice.c:293] => block_device_get
[/bonus/scratch/tanch/graphen/pmap/device.c:47] => device_get_say_name
[/bonus/scratch/tanch/graphen/xi/spaces.c:516] => SetContext
[/bonus/scratch/tanch/graphen/xi/spaces.c:1048] => I_Xform
[/bonus/scratch/tanch/graphen/xi/spaces.c:352] => I_CopySpace
[/bonus/scratch/tanch/graphen/xi/objects.c:225] => I_Allocate
[/bonus/scratch/tanch/graphen/ducttape/lexlibc.c:13] => blk_cmem
[/bonus/scratch/tanch/graphen/xi/spaces.c:1371] => I_MMultiply
[/bonus/scratch/tanch/graphen/xi/spaces.c:943] => FillOutFcns
[/bonus/scratch/tanch/graphen/xi/objects.c:433] => xiPermanent
[/bonus/scratch/tanch/graphen/xi/objects.c:1383] => mydebuginc
[/bonus/scratch/tanch/graphen/xi/spaces.c:1394] => I_MInvert
[/bonus/scratch/tanch/graphen/xi/fonts.c:7018] => I_InitFonts
[/bonus/scratch/tanch/graphen/xi/dsplstcontone.c:1057] => _xi_band
[/bonus/scratch/tanch/graphen/color/icc.c:1226] => color_icc_init
[/bonus/scratch/tanch/graphen/xi/dsplstcontone.c:371] => set_thread_name
[/bonus/scratch/tanch/graphen/pmap/pmappage.c:1657] => pmap_init
[/bonus/scratch/tanch/graphen/pmap/cmp_lzw_bdp.c:57] => cmp_lzw_bdp_init
[/bonus/scratch/tanch/pdls/ufst4/callback.c:210] => ufstinit
[/bonus/scratch/tanch/ufst7/cgif.c:435] => CGIFFinit
[/bonus/scratch/tanch/ufst7/cgif.c:188] => check_types
[/bonus/scratch/tanch/ufst7/cgif.c:80] => init_former_globals
[/bonus/scratch/tanch/ufst7/cg_multi.c:49] => MTinit
[/bonus/scratch/tanch/ufst7/extmem.c:209] => MEMinit
[/bonus/scratch/tanch/ufst7/cgif.c:470] => CGIFconfig
[/bonus/scratch/tanch/ufst7/cgif.c:518] => CGIFFenter
[/bonus/scratch/tanch/ufst7/ix.c:577] => IXinit
[/bonus/scratch/tanch/ufst7/bucket.c:280] => BUCKinit
[/bonus/scratch/tanch/ufst7/extmem.c:256] => MEMalloc
[/bonus/scratch/tanch/pdls/ufst4/fr_glue.c:37] => fr_malloc
[/bonus/scratch/tanch/ufst7/dll.c:36] => dll_null
[/bonus/scratch/tanch/ufst7/bucket.c:1483] => BUFalloc
[/bonus/scratch/tanch/ufst7/ix.c:227] => init_font_index
[/bonus/scratch/tanch/ufst7/fc_if.c:267] => FCOinit
[/bonus/scratch/tanch/pdls/cfs/cfs.c:657] => cfs_open
[/bonus/scratch/tanch/pdls/cfs/cfs.c:451] => get_fd
[/bonus/scratch/tanch/pdls/cfs/cfs.c:589] => already_open
[/bonus/scratch/tanch/pdls/cfs/cfs.c:438] => finalize_fd
[/bonus/scratch/tanch/pdls/cfs/cfslinux.c:634] => cfs_linux_open
[/bonus/scratch/tanch/pdls/cfs/cfslinux_password.c:370] => cfs_linux_check_device_password
[/bonus/scratch/tanch/pdls/cfs/cfslinux_password.c:180] => cfs_update_device_password_flags
[/bonus/scratch/tanch/pdls/cfs/cfslinux.c:288] => cfs_linux_get_directory
[/bonus/scratch/tanch/pdls/cfs/cfslinux.c:384] => limit_filename
[/bonus/scratch/tanch/pdls/cfs/cfslinux.c:272] => cfs_linux_build_real_path
[/bonus/scratch/tanch/pdls/cfs/cfslinux_password.c:1513] => cfs_linux_check_password_for_open
[/bonus/scratch/tanch/pdls/cfs/cfs.c:1859] => cfs_fstat
[/bonus/scratch/tanch/pdls/cfs/cfs.c:2086] => cfs_reveal
[/bonus/scratch/tanch/pdls/cfs/cfs.c:533] => valid_fd
[/bonus/scratch/tanch/pdls/cfs/cfslinux.c:806] => cfs_linux_reveal
[/bonus/scratch/tanch/pdls/cfs/cfslinux.c:547] => cached_mmap
[/bonus/scratch/tanch/ufst7/cgif.c:3515] => CGIFfont_access
[/bonus/scratch/tanch/ufst7/cgif.c:2704] => CGIFFfco_Open
[/bonus/scratch/tanch/ufst7/fc_if.c:343] => fco_InitFCO
[/bonus/scratch/tanch/ufst7/fc_da.c:152] => FCnew
[/bonus/scratch/tanch/ufst7/fc_dafil.c:43] => DAopen
[/bonus/scratch/tanch/ufst7/fc_dafil.c:147] => DAgetSL32
[/bonus/scratch/tanch/ufst7/fc_dafil.c:114] => DAsetPos
[/bonus/scratch/tanch/ufst7/fc_dafil.c:201] => DAgetLong
[/bonus/scratch/tanch/ufst7/fc_dafil.c:187] => DAgetSWord
[/bonus/scratch/tanch/ufst7/fc_da.c:4091] => FCtableNew
[/bonus/scratch/tanch/ufst7/fc_da.c:4168] => FC_GetMemPtr
[/bonus/scratch/tanch/ufst7/fc_if.c:3348] => hndlCreate
[/bonus/scratch/tanch/ufst7/fc_da.c:2652] => FCpluginNew
[/bonus/scratch/tanch/ufst7/cgif.c:2756] => CGIFFfco_Plugin
[/bonus/scratch/tanch/ufst7/fc_if.c:2367] => fco_saveHndl
[/bonus/scratch/tanch/ufst7/fc_if.c:3369] => aHndl_to_uHndl
[/bonus/scratch/tanch/ufst7/bucket.c:1532] => BUFfree
[/bonus/scratch/tanch/ufst7/extmem.c:361] => MEMfree
[/bonus/scratch/tanch/pdls/ufst4/fr_glue.c:60] => fr_free
[/bonus/scratch/tanch/pdls/app/main.c:513] => gather_all_files
[/bonus/scratch/tanch/pdls/app/main.c:472] => run_all_jobs
[/bonus/scratch/tanch/pdls/app/iapi_from_stream.c:725] => startInterpreter
[/bonus/scratch/tanch/pdls/app/iapi_from_stream.c:564] => iapi_from_stream_init
[/bonus/scratch/tanch/pdls/app/backend.c:1497] => backend_get_default_resolution
[/bonus/scratch/tanch/pdls/app/backend.c:1453] => backend_get_default
[/bonus/scratch/tanch/pdls/app/graphenglue.c:47] => pdls_get_graphen_device
[/bonus/scratch/tanch/graphen/graphentestbackend/test_device.c:2229] => test_device_use_separate_allocator
[/bonus/scratch/tanch/graphen/graphentestbackend/graphentestbackend.c:159] => graphen_test_backend_create_device
[/bonus/scratch/tanch/graphen/graphentestbackend/graphentestbackend.c:74] => halftone_color_4bit_creator
[/bonus/scratch/tanch/graphen/graphentestbackend/blockdevice.c:725] => block_device_new
[/bonus/scratch/tanch/graphen/blockdevicepage/block_ht_screens.c:223] => block_screen_lock
[/bonus/scratch/tanch/graphen/blockdevicepage/block_ht_screens.c:1215] => block_term_screens
[/bonus/scratch/tanch/graphen/blockdevicepage/block_ht_screens.c:1803] => block_load_screen_info
[/bonus/scratch/tanch/graphen/blockdevicepage/block_ht_screens.c:1661] => get_screen_conf_file
[/bonus/scratch/tanch/graphen/blockdevicepage/block_ht_screens.c:240] => block_screen_unlock
[/bonus/scratch/tanch/graphen/pmap/device.c:184] => ModifyDevState
[/bonus/scratch/tanch/graphen/graphentestbackend/blockdevice.c:484] => block_device_set
[/bonus/scratch/tanch/pdls/app/backend.c:1433] => backend_set_default
[/bonus/scratch/tanch/pdls/app/graphenglue.c:168] => pdls_device_set_color_trapping
[/bonus/scratch/tanch/graphen/pmap/device.c:705] => device_set_object
[/bonus/scratch/tanch/graphen/pmap/device.c:672] => get_user_object
[/bonus/scratch/tanch/pdls/app/graphenglue.c:380] => pdls_device_set_checksum_string
[/bonus/scratch/tanch/pdls/app/iapi_from_stream.c:633] => iapi_from_stream_init_iapi_context
[/bonus/scratch/tanch/pdls/app/backend.c:1239] => init_settings
[/bonus/scratch/tanch/pdls/app/backend.c:1153] => add_setting
[/bonus/scratch/tanch/pdls/app/backend.c:105] => backend_add_tray_info
[/bonus/scratch/tanch/pdls/app/backend.c:1221] => set_npa_persistent_int
[/bonus/scratch/tanch/pdls/app/backend.c:796] => set_npa_persistent_value
[/bonus/scratch/tanch/pdls/app/backend.c:170] => backend_add_bin_info
[/bonus/scratch/tanch/pdls/app/backend.c:1134] => init_backend
[/bonus/scratch/tanch/pdls/app/backend.c:1411] => backend_set_filename
[/bonus/scratch/tanch/pdls/app/iapi_from_stream.c:299] => start_job
[/bonus/scratch/tanch/pdls/app/backend.c:1331] => backend_start_job
[/bonus/scratch/tanch/pdls/app/backend.c:1208] => get_npa_persistent_int
[/bonus/scratch/tanch/pdls/app/backend.c:778] => get_npa_persistent_value
[/bonus/scratch/tanch/pdls/app/backend.c:1308] => copy_property
[/bonus/scratch/tanch/pdls/app/backend.c:1322] => update_env
[/bonus/scratch/tanch/pdls/app/backend.c:757] => set_npa_job_value
[/bonus/scratch/tanch/pdls/app/backend.c:684] => handle_interesting_set
[/bonus/scratch/tanch/pdls/app/backend.c:237] => update_print_env
[/bonus/scratch/tanch/pdls/app/graphenglue.c:207] => pdls_device_set_enhance_type
[/bonus/scratch/tanch/pdls/app/graphenglue.c:186] => xlate_small_font_enhance_type
[/bonus/scratch/tanch/pdls/app/backend.c:635] => colormodel_set
[/bonus/scratch/tanch/pdls/app/backend.c:586] => is_valid_color_model
[/bonus/scratch/tanch/pdls/app/graphenglue.c:138] => pdls_device_supports_color
[/bonus/scratch/tanch/graphen/pmap/device.c:770] => device_get_object
[/bonus/scratch/tanch/pdls/app/backend.c:523] => universal_size_set
[/bonus/scratch/tanch/pdls/app/backend.c:1183] => get_npa_job_int
[/bonus/scratch/tanch/pdls/app/backend.c:722] => get_npa_job_value
[/bonus/scratch/tanch/pdls/app/backend.c:657] => handle_interesting_get
[/bonus/scratch/tanch/pdls/app/backend.c:321] => query_print_env
[/bonus/scratch/tanch/pdls/app/backend.c:554] => universal_orientation_set
[/bonus/scratch/tanch/pdls/app/backend.c:193] => handle_iet_settings
[/bonus/scratch/tanch/pdls/app/graphenglue.c:154] => pdls_device_set_bit_depth
[/bonus/scratch/tanch/pdls/app/backend.c:1197] => set_npa_job_int
[/bonus/scratch/tanch/pdls/app/iapi_from_stream.c:672] => prime_buffer_and_strip_pjl
[/bonus/scratch/tanch/pdls/app/iapi_from_stream.c:281] => fill_buffer
[/bonus/scratch/tanch/pdls/app/iapi_from_stream.c:331] => handle_and_strip_pjl
[/bonus/scratch/tanch/pdls/app/pjlhandlers.c:547] => pdls_get_mini_pjl_handlers
[/bonus/scratch/tanch/pdls/app/minipjl.c:271] => mini_pjl_parse_pjl_from_buffer
[/bonus/scratch/tanch/pdls/app/minipjl.c:30] => find_substr_offset
[/bonus/scratch/tanch/pdls/app/iapi_from_stream.c:169] => add_interpreter
[/bonus/scratch/tanch/pdls/app/iapi_from_stream.c:161] => init_interpreter_list
[/bonus/scratch/tanch/pdls/pcl5/init.c:306] => PCL5_iapi_start
[/bonus/scratch/tanch/pdls/pcl5/pcl5context.c:58] => createPCL5Context
[/bonus/scratch/tanch/pdls/pcl5/init.c:382] => PCL5Start
[/bonus/scratch/tanch/pdls/pcl5/pcl5context.c:70] => updatePCL5Context
[/bonus/scratch/tanch/pdls/app/iapi_from_stream.c:520] => get_pal_context
[/bonus/scratch/tanch/pdls/ufst4/callback.c:363] => ufst_create
[/bonus/scratch/tanch/pdls/pcl5/kyglobal.c:277] => createPrescribeContext
[/bonus/scratch/tanch/pdls/pcl5/init.c:292] => pcl_is_prescribe_enabled
[/bonus/scratch/tanch/pdls/pclutil/resource.c:102] => PCLResourceInit
[/bonus/scratch/tanch/pdls/pclutil/resource.c:64] => init_sems
[/bonus/scratch/tanch/pdls/pcl5/fzinit.c:698] => initpcldevice
[/bonus/scratch/tanch/pdls/pcl5/fzinit.c:750] => intrfontinit
[/bonus/scratch/tanch/pdls/pcl5/pcl5context.c:44] => getPCL5Context
[/bonus/scratch/tanch/pdls/pcl5/fzinit.c:803] => init_fco_internal
[/bonus/scratch/tanch/pdls/pcl5/fzinit.c:5451] => zlflushfnt
[/bonus/scratch/tanch/graphen/xi/fonts.c:6741] => xiQueryMyFontLib
[/bonus/scratch/tanch/graphen/xi/fonts.c:6687] => ResolveFontName
[/bonus/scratch/tanch/pdls/pcl5/fzinit.c:2399] => fzinmtfnt
[/bonus/scratch/tanch/pdls/ufst4/callback.c:1335] => ufst_GetFCODataBlock
[/bonus/scratch/tanch/ufst7/cgif.c:624] => CGIFFfont
[/bonus/scratch/tanch/ufst7/fc_if.c:426] => fco_GetMemHandle
[/bonus/scratch/tanch/ufst7/fc_if.c:2669] => CGIFFfco_Access
[/bonus/scratch/tanch/ufst7/fc_da.c:740] => FCaccessNew
[/bonus/scratch/tanch/ufst7/fc_da.c:4147] => FCtableOffset
[/bonus/scratch/tanch/ufst7/fc_da.c:3994] => FCfontInfoTT
[/bonus/scratch/tanch/graphen/xi/fonts.c:6551] => xiRegisterFont
[/bonus/scratch/tanch/pdls/pclutil/miscl.c:251] => fzincnum
[/bonus/scratch/tanch/pdls/cfs/cfs.c:929] => cfs_close
[/bonus/scratch/tanch/pdls/cfs/cfslinux.c:761] => cfs_linux_close
[/bonus/scratch/tanch/pdls/cfs/cfslinux.c:526] => cached_munmap
[/bonus/scratch/tanch/pdls/cfs/cfs.c:499] => release_fd
[/bonus/scratch/tanch/pdls/pcl5/fzinit.c:1534] => InitInternalBitmapFonts
[/bonus/scratch/tanch/pdls/pcl5/fzinit.c:1908] => Init_Bitmap_Env
[/bonus/scratch/tanch/graphen/xi/spaces.c:1182] => xiScale
[/bonus/scratch/tanch/graphen/xi/spaces.c:571] => ConsiderContext
[/bonus/scratch/tanch/graphen/xi/objects.c:628] => xiDestroy
[/bonus/scratch/tanch/graphen/xi/objects.c:1401] => mydebugdec
[/bonus/scratch/tanch/graphen/xi/objects.c:177] => xiIsErrorObject
[/bonus/scratch/tanch/graphen/xi/objects.c:333] => I_Free
[/bonus/scratch/tanch/pdls/cfs/cfs.c:2176] => cfs_seek
[/bonus/scratch/tanch/pdls/pcl5/fzinit.c:2700] => fzint1fnt
[/bonus/scratch/tanch/pdls/pcl5/fzinit.c:3110] => fzinottfnt
[/bonus/scratch/tanch/pdls/cfs/cfs.c:1541] => cfs_findfirst
[/bonus/scratch/tanch/pdls/cfs/cfs.c:1604] => cfs_findnext
[/bonus/scratch/tanch/pdls/cfs/cfslinux.c:1156] => cfs_linux_findfile
[/bonus/scratch/tanch/pdls/cfs/cfslinux.c:1106] => new_dir_to_look
[/bonus/scratch/tanch/pdls/cfs/cfs.c:1427] => cfs_wildcardmatch
[/bonus/scratch/tanch/pdls/pcl5/fzinit.c:3763] => SetUpTrueTypeEnv
[/bonus/scratch/tanch/pdls/cfs/cfslinux.c:1092] => free_dirs_to_look
[/bonus/scratch/tanch/pdls/pcl5/fzinit.c:3193] => InitDeviceTrueTypeFont
[/bonus/scratch/tanch/pdls/common/barcodeutil.c:23] => pdls_get_barcode_factory
[/bonus/scratch/tanch/pdls/pcl5/fzinit.c:1756] => fzinbfnt
[/bonus/scratch/tanch/pdls/pcl5/fzinit.c:3295] => InitDBTrueTypeFontKorea
[/bonus/scratch/tanch/pdls/pcl5/fzinit.c:3410] => InitDBTrueTypeFontJapan
[/bonus/scratch/tanch/pdls/pcl5/fzinit.c:3525] => InitDBTrueTypeFontChina
[/bonus/scratch/tanch/pdls/pcl5/fzinit.c:3636] => InitDBACTTrueTypeFontChina
[/bonus/scratch/tanch/pdls/pcl5/fzinit.c:6021] => InitDBOpPanelFont
[/bonus/scratch/tanch/pdls/pcl5/fzinit.c:887] => intrsymsetinit
[/bonus/scratch/tanch/pdls/pcl5/fsymset.c:409] => fzinsymset
[/bonus/scratch/tanch/pdls/pcl5/fsymset.c:649] => fzadjtb
[/bonus/scratch/tanch/pdls/pcl5/fzinit.c:1408] => fzin_device_symset
[/bonus/scratch/tanch/pdls/pcl5/fsymset.c:854] => fzdltallsymsets
[/bonus/scratch/tanch/pdls/pcl5/macstore.c:2056] => PCLMacS_Register_External_Macros
[/bonus/scratch/tanch/pdls/pcl5/macstore.c:1428] => Mac_Clear_External_Device
[/bonus/scratch/tanch/pdls/pcl5/fzinit.c:1186] => flashfontinit
[/bonus/scratch/tanch/pdls/pcl5/fzinit.c:4802] => fzinoffnt
[/bonus/scratch/tanch/pdls/pcl5/fzinit.c:5031] => fzin_vic_bfnt
[/bonus/scratch/tanch/pdls/pcl5/fzinit.c:5205] => fzin_vic_offnt
[/bonus/scratch/tanch/pdls/pcl5/fzinit.c:2017] => fzinofnt
[/bonus/scratch/tanch/pdls/pcl5/fzinit.c:1260] => diskfontinit
[/bonus/scratch/tanch/pdls/cfs/cfs.c:1020] => cfs_control
[/bonus/scratch/tanch/pdls/pcl5/fzinit.c:1331] => dbcsfontinit
[/bonus/scratch/tanch/pdls/pclutil/pcl_font_interface.c:606] => pcl_save_font_details
[/bonus/scratch/tanch/pdls/common/fontutil.c:24] => pdls_get_font_cache_directory_created
[/bonus/scratch/tanch/pdls/common/fontutil.c:59] => pdls_get_temp_file
[/bonus/scratch/tanch/pdls/pclutil/pcl_font_interface.c:526] => pcl_write_font_details
[/bonus/scratch/tanch/graphen/xi/fonts.c:6905] => QueryFont
[/bonus/scratch/tanch/pdls/pcl5/fquery.c:316] => fzqryoft
[/bonus/scratch/tanch/pdls/pclutil/pcl_font_interface.c:511] => get_font_panel_name
[/bonus/scratch/tanch/pdls/pclutil/pcl_font_interface.c:488] => font_source_from_char
[/bonus/scratch/tanch/pdls/pclutil/finfo.c:665] => pclfinfo
[/bonus/scratch/tanch/pdls/common/palutil.c:247] => pdls_get_persistent_int
[/bonus/scratch/tanch/pdls/common/palutil.c:185] => handle_pal_return_code
[/bonus/scratch/tanch/pdls/pclutil/finfo.c:1691] => pclordfrompos
[/bonus/scratch/tanch/pdls/pclutil/miscl.c:169] => fzascnum
[/bonus/scratch/tanch/pdls/pclutil/finfo.c:1559] => pclposfromord
[/bonus/scratch/tanch/pdls/pclutil/symset.c:199] => fzfsymset
[/bonus/scratch/tanch/pdls/pclutil/finfo.c:1387] => pclsrccnt
[/bonus/scratch/tanch/pdls/pcl5/fzinit.c:5880] => PCL5_FontCompatibilityUpdate
[/bonus/scratch/tanch/pdls/pcl5/fquery.c:127] => fzqrybft
[/bonus/scratch/tanch/pdls/pclutil/pcl_font_interface.c:435] => pcl_write_cmn_font_details
[/bonus/scratch/tanch/pdls/pclutil/symset.c:351] => fzfbsymset
[/bonus/scratch/tanch/pdls/cfs/cfs.c:1292] => cfs_devchar
[/bonus/scratch/tanch/pdls/pclutil/pcl_font_interface.c:559] => pcl_write_dnld_font_details
[/bonus/scratch/tanch/graphen/xi/fonts.c:6839] => xi_font_iter_begin
[/bonus/scratch/tanch/pdls/pclutil/pcl_font_interface.c:806] => pcl_save_symset_details
[/bonus/scratch/tanch/pdls/pclutil/pcl_font_interface.c:741] => write_symset_details
[/bonus/scratch/tanch/pdls/pclutil/pcl_font_interface.c:697] => write_symbolset_name
[/bonus/scratch/tanch/pdls/pclutil/finfo.c:2613] => PCLUTIL_GetSymbolSetName
[/bonus/scratch/tanch/pdls/pclutil/pcl_font_interface.c:713] => write_scalable_symset_details
[/bonus/scratch/tanch/pdls/app/iapi_from_stream.c:361] => ready_for_job
[/bonus/scratch/tanch/pdls/app/iapi_from_stream.c:528] => get_device
[/bonus/scratch/tanch/pdls/pcl5/init.c:893] => PCLInitXform
[/bonus/scratch/tanch/pdls/pcl5/init.c:1812] => PCLGetDefaults
[/bonus/scratch/tanch/pdls/common/palutil.c:231] => pdls_get_jobenv_int
[/bonus/scratch/tanch/pdls/app/backend.c:603] => colormodel_get
[/bonus/scratch/tanch/pdls/common/palutil.c:602] => pdls_is_manual_duplex_supported
[/bonus/scratch/tanch/pdls/common/palutil.c:518] => isTrayInstalled
[/bonus/scratch/tanch/pdls/app/backend.c:1072] => get_info_value
[/bonus/scratch/tanch/pdls/app/backend.c:1052] => create_tray_list
[/bonus/scratch/tanch/pdls/app/backend.c:1004] => add_tray
[/bonus/scratch/tanch/pdls/pclutil/pss.c:1762] => pcl_util_fill_pss_info_struct_from_pal
[/bonus/scratch/tanch/pdls/pclutil/pss.c:1706] => get_input_info
[/bonus/scratch/tanch/pdls/pclutil/pss.c:1721] => is_input_installed
[/bonus/scratch/tanch/pdls/common/palutil.c:169] => warn_about_pal_stuff
[/bonus/scratch/tanch/pdls/common/palutil.c:569] => getTraySourceAssigned
[/bonus/scratch/tanch/pdls/pcl5/init.c:1133] => PCLReset
[/bonus/scratch/tanch/pdls/pcl5/fzinit.c:655] => fzinit
[/bonus/scratch/tanch/pdls/pcl5/fdownctl.c:588] => fzupdfid
[/bonus/scratch/tanch/pdls/pcl5/macenv.c:508] => PCLMacE_Disable_Overlay
[/bonus/scratch/tanch/pdls/pcl5/init.c:1638] => PCLResolution
[/bonus/scratch/tanch/pdls/pcl5/paper.c:2224] => PCLSetPageBounds
[/bonus/scratch/tanch/pdls/common/media_utils.c:434] => get_media_info
[/bonus/scratch/tanch/pdls/app/backend.c:884] => create_paper_dict
[/bonus/scratch/tanch/pdls/app/backend.c:834] => is_resolution_supported
[/bonus/scratch/tanch/pdls/app/backend.c:817] => find_paper_info
[/bonus/scratch/tanch/pdls/common/media_utils.c:393] => paper_dict_to_media_info
[/bonus/scratch/tanch/pdls/common/media_utils.c:309] => pdls_size_is_envelope
[/bonus/scratch/tanch/pdls/common/media_utils.c:368] => pdls_feed_orient_from_pal
[/bonus/scratch/tanch/pdls/common/media_utils.c:110] => set_ps_page_size
[/bonus/scratch/tanch/pdls/common/media_utils.c:262] => set_pcl_pixoffs
[/bonus/scratch/tanch/graphen/xi/objects.c:478] => xiTemporary
[/bonus/scratch/tanch/graphen/xi/spaces.c:1203] => xiRotate
[/bonus/scratch/tanch/graphen/xi/trig.c:190] => xiDegreeCos
[/bonus/scratch/tanch/graphen/xi/trig.c:103] => xiDegreeSin
[/bonus/scratch/tanch/graphen/ducttape/lexmath.c:149] => dasi
[/bonus/scratch/tanch/pdls/pcl5/paper.c:3406] => PCLForceCanvas
[/bonus/scratch/tanch/pdls/pcl5/palette.c:3098] => PCLPal_ResetDitherOnly
[/bonus/scratch/tanch/pdls/pcl5/paper.c:2706] => PCLResetMargins
[/bonus/scratch/tanch/pdls/pcl5/page.c:1205] => zlupgst
[/bonus/scratch/tanch/pdls/pcl5/fselect.c:4294] => PCL5_TextParsingMethodClear
[/bonus/scratch/tanch/pdls/pcl5/fontctl.c:654] => zlfinit
[/bonus/scratch/tanch/pdls/pcl5/fontctl.c:161] => zlfdftc
[/bonus/scratch/tanch/pdls/pcl5/fontctl.c:233] => get_font
[/bonus/scratch/tanch/pdls/pcl5/fselect.c:1819] => fzffptr
[/bonus/scratch/tanch/pdls/pcl5/fselect.c:2297] => fzsetfinfo
[/bonus/scratch/tanch/pdls/pcl5/utility.c:130] => zluclpk
[/bonus/scratch/tanch/pdls/pcl5/fsymset.c:289] => fzfsymsettb
[/bonus/scratch/tanch/pdls/pclutil/symset.c:456] => pclosymmap
[/bonus/scratch/tanch/pdls/ufst4/callback.c:1389] => ufst_SymbolSetMapping
[/bonus/scratch/tanch/pdls/pcl5/fselect.c:2868] => fzsttrmtx
[/bonus/scratch/tanch/graphen/xi/fonts.c:1286] => xiFindFont
[/bonus/scratch/tanch/graphen/xi/fonts.c:2834] => xiTextPath
[/bonus/scratch/tanch/graphen/xi/fonts.c:3009] => BlankTextPath
[/bonus/scratch/tanch/graphen/xi/spaces.c:1247] => xiWarp
[/bonus/scratch/tanch/graphen/xi/fonts.c:2636] => NewCacheTable
[/bonus/scratch/tanch/graphen/xi/fonts.c:1473] => dump_mru
[/bonus/scratch/tanch/graphen/xi/fonts.c:1499] => check_mru
[/bonus/scratch/tanch/graphen/xi/fonts.c:1993] => rehook_to_fontview
[/bonus/scratch/tanch/graphen/xi/fonts.c:2064] => UseCache
[/bonus/scratch/tanch/graphen/xi/fonts.c:1665] => I_KillFont
[/bonus/scratch/tanch/graphen/xi/fonts.c:1698] => KillFontView
[/bonus/scratch/tanch/graphen/xi/pictures.c:4504] => xiPhantom
[/bonus/scratch/tanch/graphen/xi/paths.c:3164] => I_PathDelta
[/bonus/scratch/tanch/graphen/xi/fonts.c:4409] => I_TextDelta
[/bonus/scratch/tanch/graphen/xi/fonts.c:3556] => GeneralCharLoop
[/bonus/scratch/tanch/graphen/xi/fonts.c:4712] => MakeChar
[/bonus/scratch/tanch/pdls/pcl5/ffcn.c:1332] => PCL5_FCOfcn
[/bonus/scratch/tanch/pdls/pclutil/miscl.c:212] => fzasctonum
[/bonus/scratch/tanch/graphen/xi/spaces.c:1544] => xiQuerySpace
[/bonus/scratch/tanch/ufst7/cgif.c:970] => CGIFFchar_handle
[/bonus/scratch/tanch/ufst7/makechar.c:123] => makechar
[/bonus/scratch/tanch/ufst7/maker.c:542] => fix_contours
[/bonus/scratch/tanch/ufst7/maker.c:995] => MAKifbmheader
[/bonus/scratch/tanch/ufst7/maker.c:809] => space_chr_init
[/bonus/scratch/tanch/ufst7/mapfont.c:69] => map_and_set_scale
[/bonus/scratch/tanch/ufst7/mapfont.c:32] => get_face_and_char
[/bonus/scratch/tanch/ufst7/ix.c:730] => IXget_fnt_index
[/bonus/scratch/tanch/ufst7/chr_def.c:65] => IXsetup_chr_def
[/bonus/scratch/tanch/ufst7/bucket.c:742] => BUCKfind
[/bonus/scratch/tanch/ufst7/fc_if.c:450] => fco_load_font
[/bonus/scratch/tanch/ufst7/fc_da.c:1115] => FCfontNew
[/bonus/scratch/tanch/ufst7/fc_da.c:3225] => FCinflateNew
[/bonus/scratch/tanch/ufst7/fc_da.c:2750] => FCgetYClassPtr
[/bonus/scratch/tanch/ufst7/fc_da.c:2827] => FCchmapNew
[/bonus/scratch/tanch/ufst7/dll.c:78] => dll_after
[/bonus/scratch/tanch/ufst7/fc_if.c:2429] => fco_pluginSearchPath
[/bonus/scratch/tanch/ufst7/da.c:28] => DAmake_cd
[/bonus/scratch/tanch/ufst7/fc_if.c:640] => fco_set_char
[/bonus/scratch/tanch/ufst7/fc_da.c:1693] => FCcharNew
[/bonus/scratch/tanch/ufst7/fc_da.c:2353] => charNewInit
[/bonus/scratch/tanch/ufst7/fc_da.c:3053] => FCchmapLookup
[/bonus/scratch/tanch/ufst7/fc_da.c:2397] => FCcharClose
[/bonus/scratch/tanch/ufst7/cache.c:1478] => TEMPCHARfree
[/bonus/scratch/tanch/ufst7/fc_da.c:3786] => FCmodelClose
[/bonus/scratch/tanch/ufst7/outdata.c:850] => out_setRender
[/bonus/scratch/tanch/ufst7/outdata.c:769] => outdata
[/bonus/scratch/tanch/ufst7/outline.c:137] => cgoutline
[/bonus/scratch/tanch/ufst7/fc_if.c:1922] => fco_render
[/bonus/scratch/tanch/pdls/ufst4/callback.c:722] => ifStartOutline
[/bonus/scratch/tanch/ufst7/cache.c:1434] => CHARalloc
[/bonus/scratch/tanch/ufst7/makechar.c:26] => load_space_metrics
[/bonus/scratch/tanch/graphen/xi/paths.c:874] => xiILoc
[/bonus/scratch/tanch/graphen/xi/paths.c:4410] => I_GetLoc
[/bonus/scratch/tanch/graphen/xi/spaces.c:657] => IXYConvert
[/bonus/scratch/tanch/ufst7/cache.c:1451] => CHARfree
[/bonus/scratch/tanch/graphen/xi/fonts.c:5899] => AddName
[/bonus/scratch/tanch/graphen/xi/fonts.c:5969] => ReSizeNameTable
[/bonus/scratch/tanch/graphen/xi/fonts.c:1933] => KillPathSave
[/bonus/scratch/tanch/graphen/xi/fonts.c:5880] => Hashfcn
[/bonus/scratch/tanch/graphen/xi/fonts.c:6086] => AddGlobalName
[/bonus/scratch/tanch/graphen/xi/paths.c:1020] => I_PathSegment
[/bonus/scratch/tanch/graphen/xi/regions.c:1865] => xiInterior
[/bonus/scratch/tanch/graphen/xi/objects.c:851] => I_Unique
[/bonus/scratch/tanch/graphen/xi/regions.c:491] => IxiNewRegion
[/bonus/scratch/tanch/graphen/xi/regions.c:773] => I_UndeferRegion
[/bonus/scratch/tanch/graphen/xi/regions.c:1898] => I_BoundedInterior
[/bonus/scratch/tanch/graphen/xi/regions.c:1169] => xiCoerceInterior
[/bonus/scratch/tanch/graphen/xi/paths.c:3602] => IxiIsBoxPath
[/bonus/scratch/tanch/graphen/xi/regions.c:9598] => path_length
[/bonus/scratch/tanch/graphen/xi/regions.c:708] => check_trap_edges
[/bonus/scratch/tanch/graphen/xi/regions.c:1947] => Unwind
[/bonus/scratch/tanch/graphen/xi/regions.c:8734] => KillTrapEdgeList
[/bonus/scratch/tanch/graphen/xi/paths.c:763] => I_KillPath
[/bonus/scratch/tanch/graphen/xi/paths.c:4426] => I_FreeLoc
[/bonus/scratch/tanch/graphen/xi/regions.c:510] => I_KillRegion
[/bonus/scratch/tanch/graphen/xi/regions.c:669] => I_KillEdgeList
[/bonus/scratch/tanch/graphen/xi/fonts.c:2613] => FontPicture
[/bonus/scratch/tanch/graphen/xi/pictures.c:1640] => I_GetMap
[/bonus/scratch/tanch/graphen/pmap/pmapinternalpage.c:694] => pmap_internal_page_new
[/bonus/scratch/tanch/graphen/pmap/pmapinternalpage.c:178] => pmap_internal_page_create
[/bonus/scratch/tanch/graphen/pmap/pmapsayname.c:28] => pmap_get_say_name_enabled
[/bonus/scratch/tanch/graphen/pmap/pmappage.c:1425] => pmap_page_initialize
[/bonus/scratch/tanch/graphen/pmap/pmapblendingpage.c:645] => pmap_is_blending_page
[/bonus/scratch/tanch/graphen/pmap/pmappage.c:1002] => pmap_page_set_gen_mode
[/bonus/scratch/tanch/graphen/pmap/pmapinternalpage.c:371] => pmap_internal_page_set_gen_mode
[/bonus/scratch/tanch/graphen/pmap/pmappage.c:1495] => pmap_page_set_gen_mode_value
[/bonus/scratch/tanch/graphen/pmap/pmappage.c:1453] => pmap_page_get_bit_depth
[/bonus/scratch/tanch/graphen/pmap/pmappage.c:1443] => pmap_page_set_drawing_functions
[/bonus/scratch/tanch/graphen/pmap/pmappage.c:1197] => pmap_page_set_dither
[/bonus/scratch/tanch/graphen/pmap/pmapinternalpage.c:537] => pmap_internal_page_set_dither_matrix
[/bonus/scratch/tanch/graphen/pmap/pmapinternalpage.c:244] => pmap_internal_page_get_default_dither
[/bonus/scratch/tanch/graphen/pmap/pmappage.c:1523] => pmap_page_set_dither_ptr
[/bonus/scratch/tanch/graphen/xi/images.c:415] => I_NewPictureData
[/bonus/scratch/tanch/graphen/xi/images.c:479] => IxiInitializePictureDataDLData
[/bonus/scratch/tanch/graphen/xi/pictures.c:1604] => I_NewPicture
[/bonus/scratch/tanch/graphen/xi/pictures.c:2535] => xiMix
[/bonus/scratch/tanch/graphen/xi/objects.c:1018] => I_Consume1
[/bonus/scratch/tanch/graphen/pmap/pmapinternalpage.c:761] => pmap_internal_page
[/bonus/scratch/tanch/graphen/pmap/pmapinternalpage.c:820] => pmap_internal_page_to_character
[/bonus/scratch/tanch/graphen/pmap/pmapinternalpage.c:982] => pmap_internal_page_make_available
[/bonus/scratch/tanch/graphen/pmap/pmapinternalpage.c:144] => get_block_size_in_bytes
[/bonus/scratch/tanch/graphen/pmap/pmappage.c:826] => pmap_page_get_width
[/bonus/scratch/tanch/graphen/pmap/pmappage.c:837] => pmap_page_get_height
[/bonus/scratch/tanch/graphen/pmap/pmapcharacter.c:101] => _pmap_character_construct
[/bonus/scratch/tanch/graphen/pmap/pmappage.c:984] => pmap_page_kill
[/bonus/scratch/tanch/graphen/pmap/pmapinternalpage.c:335] => pmap_internal_page_kill
[/bonus/scratch/tanch/graphen/pmap/pmappage.c:1568] => pmap_page_check_info
[/bonus/scratch/tanch/graphen/xi/fonts.c:1177] => character_new
[/bonus/scratch/tanch/graphen/xi/pictures.c:1787] => I_KillPicture
[/bonus/scratch/tanch/graphen/xi/images.c:512] => I_KillPictureData
[/bonus/scratch/tanch/graphen/xi/dsplst.c:275] => releaseDisplayList
[/bonus/scratch/tanch/graphen/xi/pictures.c:1931] => I_KillTiles
[/bonus/scratch/tanch/graphen/xi/fonts.c:5469] => PointCacheToCharacter
[/bonus/scratch/tanch/graphen/pmap/pmapcharacter.c:298] => pmap_character_get_byte_size
[/bonus/scratch/tanch/graphen/xi/fonts.c:4438] => DeltaChar
[/bonus/scratch/tanch/graphen/xi/paths.c:3218] => xiQueryLoc
[/bonus/scratch/tanch/graphen/xi/spaces.c:1000] => I_UnConvert
[/bonus/scratch/tanch/graphen/xi/fonts.c:3200] => I_KillText
[/bonus/scratch/tanch/pdls/pcl5/fselect.c:4248] => zluiso
[/bonus/scratch/tanch/pdls/pcl5/fontctl.c:215] => update_fct
[/bonus/scratch/tanch/pdls/pcl5/fselect.c:1143] => zlupfct
[/bonus/scratch/tanch/pdls/pcl5/fontctl.c:434] => zlfffsp
[/bonus/scratch/tanch/graphen/xi/fonts.c:1975] => unhook_from_fontview
[/bonus/scratch/tanch/graphen/xi/fonts.c:2028] => unhook_from_mrulru
[/bonus/scratch/tanch/graphen/xi/fonts.c:5827] => GetCode
[/bonus/scratch/tanch/pdls/pcl5/fselect.c:3387] => fzaesc
[/bonus/scratch/tanch/graphen/xi/fonts.c:1628] => I_UniqueFont
[/bonus/scratch/tanch/pdls/pcl5/fselect.c:562] => zlactft
[/bonus/scratch/tanch/pdls/pcl5/set.c:192] => zlmclun
[/bonus/scratch/tanch/pdls/pcl5/set.c:145] => zlmopun
[/bonus/scratch/tanch/pdls/pcl5/set.c:500] => HMIFont
[/bonus/scratch/tanch/pdls/pcl5/macenv.c:399] => PCLMacE_Set_Macro_ID
[/bonus/scratch/tanch/pdls/pcl5/palette.c:2753] => PCLDeleteUserDither
[/bonus/scratch/tanch/pdls/pcl5/color.c:1010] => PCLRenderAlgorithm
[/bonus/scratch/tanch/pdls/pcl5/palette.c:2785] => PCLPal_UpdateDither
[/bonus/scratch/tanch/pdls/pcl5/palette.c:1813] => PCLPal_Control
[/bonus/scratch/tanch/pdls/pcl5/color.c:269] => PCLSimpleColor
[/bonus/scratch/tanch/pdls/pcl5/palette.c:2446] => PCLPal_Create
[/bonus/scratch/tanch/pdls/pcl5/palette.c:2933] => PCLPal_DeleteCache
[/bonus/scratch/tanch/pdls/pcl5/color.c:2299] => PCLGetDeviceTable
[/bonus/scratch/tanch/graphen/color/render.c:649] => color_table_destroy
[/bonus/scratch/tanch/pdls/pcl5/palette.c:507] => PCLPal_Default
[/bonus/scratch/tanch/pdls/pcl5/color.c:2127] => PCLForegroundColor
[/bonus/scratch/tanch/graphen/color/select.c:90] => color_get_paper_type
[/bonus/scratch/tanch/pdls/pcl5/palette.c:1549] => PCLPal_ChooseDither
[/bonus/scratch/tanch/graphen/pmap/device.c:453] => device_get_dither_id
[/bonus/scratch/tanch/graphen/color/xforms.c:546] => color_num_planes
[/bonus/scratch/tanch/graphen/color/Falcon/cadjust.c:408] => color_colorxform_family_get
[/bonus/scratch/tanch/pdls/pcl5/palette.c:3009] => GetPCLcolorenv
[/bonus/scratch/tanch/pdls/pclutil/pclxform.c:1092] => PCL_get_pclcolorenv_from_linked_list
[/bonus/scratch/tanch/pdls/pclutil/pclxform.c:1151] => PCL_add_pclcolorenv_to_linked_list
[/bonus/scratch/tanch/graphen/xi/pictures.c:8871] => xiCreateInk
[/bonus/scratch/tanch/graphen/xi/pictures.c:8658] => xiSetColorInfo
[/bonus/scratch/tanch/graphen/xi/pictures.c:8700] => xiSetColorLUT
[/bonus/scratch/tanch/pdls/pcl5/palette.c:1673] => PCLPal_Dither
[/bonus/scratch/tanch/graphen/xi/pictures.c:5824] => xiGetDefaultDitherPicture
[/bonus/scratch/tanch/graphen/xi/pictures.c:5740] => xi_get_device_default_dither_picture
[/bonus/scratch/tanch/graphen/pmap/device.c:370] => device_get_sentinel_dither
[/bonus/scratch/tanch/graphen/xi/paths.c:2151] => xiJoin
[/bonus/scratch/tanch/graphen/xi/pictures.c:4747] => I_BegHandle
[/bonus/scratch/tanch/graphen/xi/images.c:11147] => I_MakeResident
[/bonus/scratch/tanch/graphen/xi/images.c:10856] => I_ForceMap
[/bonus/scratch/tanch/graphen/xi/pictures.c:4592] => xiSnap
[/bonus/scratch/tanch/graphen/xi/pictures.c:4917] => xiTile
[/bonus/scratch/tanch/graphen/xi/pictures.c:4996] => xiDither
[/bonus/scratch/tanch/graphen/xi/objects.c:536] => xiDup
[/bonus/scratch/tanch/pdls/pcl5/pmodel.c:1581] => PCLSetCurrentPattern
[/bonus/scratch/tanch/pdls/pcl5/color.c:1924] => PCLMonochromeMode
[/bonus/scratch/tanch/pdls/pcl5/macrun.c:835] => PCLMacR_Overlay_Is_Running
[/bonus/scratch/tanch/pdls/pcl5/color.c:1984] => PCLPostMono
[/bonus/scratch/tanch/pdls/pcl5/color.c:2047] => PCLPostMonoWork
[/bonus/scratch/tanch/pdls/pcl5/duplex.c:423] => PCLTopOffset
[/bonus/scratch/tanch/pdls/pcl5/duplex.c:490] => SetPageOffsets
[/bonus/scratch/tanch/pdls/pcl5/palette.c:2980] => KillColorenv
[/bonus/scratch/tanch/pdls/pclutil/pclxform.c:1217] => PCL_delete_colorenv
[/bonus/scratch/tanch/pdls/app/backend.c:411] => pseudo_universal_get
[/bonus/scratch/tanch/pdls/common/palutil.c:735] => get_jobenv_string
[/bonus/scratch/tanch/pdls/common/palutil.c:697] => get_pal_string
[/bonus/scratch/tanch/pdls/common/palutil.c:268] => pdls_set_universal_paper_attrs
[/bonus/scratch/tanch/pdls/common/palutil.c:658] => set_jobenv_string
[/bonus/scratch/tanch/pdls/common/palutil.c:644] => set_jobenv_int
[/bonus/scratch/tanch/pdls/app/backend.c:450] => pseudo_universal_set
[/bonus/scratch/tanch/pdls/gl/glinter.c:889] => GLInitJob
[/bonus/scratch/tanch/pdls/gl/glpen.c:2652] => GLPen_SetMaxLines
[/bonus/scratch/tanch/pdls/pcl5/macctrl.c:546] => PCLMacC_Reset_Macro_Managers
[/bonus/scratch/tanch/pdls/pcl5/macctrl.c:512] => PCLMacC_Reset
[/bonus/scratch/tanch/pdls/pcl5/macrun.c:922] => PCLMacR_Reset
[/bonus/scratch/tanch/pdls/pcl5/macenv.c:337] => PCLMacE_Reset
[/bonus/scratch/tanch/pdls/gl/glmacro.c:91] => GLMacro_Reset
[/bonus/scratch/tanch/pdls/pcl5/gl2esc.c:412] => PCLCheckGL2StandAlone
[/bonus/scratch/tanch/pdls/pcl5/parse.c:522] => PCLParse
[/bonus/scratch/tanch/pdls/pcl5/getbyte.c:142] => PCLGetByte
[/bonus/scratch/tanch/pdls/app/iapi_from_stream.c:428] => get_data
[/bonus/scratch/tanch/pdls/app/iapi_from_stream.c:266] => discard
[/bonus/scratch/tanch/pdls/app/minipjl.c:84] => mini_pjl_find_uel
[/bonus/scratch/tanch/pdls/pcl5/parse.c:2498] => CheckByteByMethod
[/bonus/scratch/tanch/pdls/pcl5/text.c:153] => PCLPrintChar
[/bonus/scratch/tanch/pdls/pcl5/utility.c:285] => zlubpin
[/bonus/scratch/tanch/pdls/pcl5/text.c:943] => BoundCheck
[/bonus/scratch/tanch/pdls/pcl5/utility.c:83] => zluoppk
[/bonus/scratch/tanch/pdls/pcl5/page.c:257] => PCLOpenPage
[/bonus/scratch/tanch/pdls/pcl5/page.c:358] => PCLOpenCanvas
[/bonus/scratch/tanch/graphen/xi/pictures.c:1341] => xiMakePicture
[/bonus/scratch/tanch/graphen/pmap/pmappage.c:1334] => pmap_page_new_for_device
[/bonus/scratch/tanch/graphen/graphentestbackend/blockdevice.c:241] => create_print_device_page
[/bonus/scratch/tanch/graphen/blockdevicepage/p4lexmap.c:492] => page4_device_page_create
[/bonus/scratch/tanch/graphen/blockdevicepage/p4blocks.c:240] => pmap_dpi_to_resolution
[/bonus/scratch/tanch/graphen/blockdevicepage/p4blocks.c:210] => pmap_try_dpi_to_resolution
[/bonus/scratch/tanch/graphen/blockdevicepage/p4lexmap.c:628] => AllocDevPageMapPlane
[/bonus/scratch/tanch/graphen/blockdevicepage/p4lexmap.c:245] => get_block_parms
[/bonus/scratch/tanch/graphen/blockdevicepage/p4blocks.c:648] => allocate_pmap
[/bonus/scratch/tanch/graphen/blockdevicepage/pagelock.c:340] => pmap_lock_get_cpm_lock_size
[/bonus/scratch/tanch/graphen/blockdevicepage/pagelock.c:349] => pmap_lock_init
[/bonus/scratch/tanch/graphen/blockdevicepage/p4blocks.c:392] => pmap_enqueue_pmap
[/bonus/scratch/tanch/graphen/pmap/pmappage.c:1553] => pmap_page_set_info
[/bonus/scratch/tanch/graphen/pmap/pmapcolorpage.c:116] => pmap_color_page_set_gen_mode
[/bonus/scratch/tanch/graphen/blockdevicepage/p4lexmap.c:841] => page4_device_page_set_gen_mode
[/bonus/scratch/tanch/graphen/pmap/pmapcolorpage.c:188] => pmap_color_page_set_dither
[/bonus/scratch/tanch/graphen/blockdevicepage/p4lexmap.c:1413] => page4_device_page_set_dither
[/bonus/scratch/tanch/graphen/pmap/device.c:347] => device_standard_dither
[/bonus/scratch/tanch/graphen/xi/cluts.c:788] => xiGetCLUT
[/bonus/scratch/tanch/graphen/xi/cluts.c:452] => xiMakeCLUT
[/bonus/scratch/tanch/graphen/xi/cluts.c:575] => TestBinary
[/bonus/scratch/tanch/graphen/xi/cluts.c:607] => CLUTPlaneValue
[/bonus/scratch/tanch/graphen/xi/dsplst.c:2153] => xi_get_xienv
[/bonus/scratch/tanch/graphen/xi/dsplst.c:2214] => xi_force_band
[/bonus/scratch/tanch/graphen/color/ccache.c:559] => color_cache_destroy
[/bonus/scratch/tanch/graphen/color/Falcon/prexforms.c:104] => color_prexform_free
[/bonus/scratch/tanch/graphen/color/Falcon/postxforms.c:102] => color_postxform_free
[/bonus/scratch/tanch/pdls/common/media_utils.c:759] => pdls_staple_remapping
[/bonus/scratch/tanch/pdls/pcl5/text.c:850] => update_x
[/bonus/scratch/tanch/pdls/pcl5/utility.c:329] => zluwsop
[/bonus/scratch/tanch/pdls/pcl5/parse.c:2657] => PCLEscape
[/bonus/scratch/tanch/pdls/pcl5/cursor.c:122] => zlclf
[/bonus/scratch/tanch/graphen/xi/fonts.c:7090] => xiSetScaleOnFont
[/bonus/scratch/tanch/graphen/xi/fonts.c:2988] => xiTextPath2
[/bonus/scratch/tanch/graphen/xi/fonts.c:2915] => xiTextPath3
[/bonus/scratch/tanch/graphen/xi/pictures.c:9975] => setup_black_white_ink
[/bonus/scratch/tanch/graphen/xi/pictures.c:2149] => HasDXTile
[/bonus/scratch/tanch/graphen/xi/fonts.c:3292] => I_TextLoop
[/bonus/scratch/tanch/graphen/xi/fonts.c:3437] => CharLoop
[/bonus/scratch/tanch/pdls/pcl5/ffcn.c:2939] => fzocdpfcn
[/bonus/scratch/tanch/pdls/pcl5/ffcn.c:5461] => PCL5_NumberToString
[/bonus/scratch/tanch/ufst7/fc_intf2.c:154] => FCmodelNew
[/bonus/scratch/tanch/ufst7/cache.c:1463] => TEMPCHARalloc
[/bonus/scratch/tanch/ufst7/fc_intf2.c:2843] => decode_stream
[/bonus/scratch/tanch/ufst7/fc_intf2.c:2694] => getTree
[/bonus/scratch/tanch/ufst7/fc_intf2.c:705] => fillNodeFromStream
[/bonus/scratch/tanch/ufst7/comp_pix.c:1844] => comp_pix
[/bonus/scratch/tanch/ufst7/comp_pix.c:1289] => matrix_design
[/bonus/scratch/tanch/ufst7/comp_pix.c:1207] => matrix_scale
[/bonus/scratch/tanch/ufst7/fpmath.c:30] => fplongexp
[/bonus/scratch/tanch/ufst7/comp_pix.c:847] => matrix_to_scale
[] => 
[/bonus/scratch/tanch/ufst7/fpmath.c:50] => fp2word
[/bonus/scratch/tanch/ufst7/comp_pix.c:720] => splitVLCmatrix
[/bonus/scratch/tanch/ufst7/comp_pix.c:692] => fpmax
[/bonus/scratch/tanch/ufst7/fpmath.c:98] => fpdivFSP
[/bonus/scratch/tanch/ufst7/comp_pix.c:514] => fco_set_text_transform
[/bonus/scratch/tanch/ufst7/fpmath.c:113] => fp2intel
[/bonus/scratch/tanch/ufst7/fpmath.c:73] => fp2long
[/bonus/scratch/tanch/ufst7/comp_pix.c:110] => frac_bits
[/bonus/scratch/tanch/ufst7/comp_pix.c:174] => fractional_output
[/bonus/scratch/tanch/ufst7/fc_if.c:753] => fco_set_trans
[/bonus/scratch/tanch/ufst7/fc_if.c:974] => fco_make_gaso_and_stats
[/bonus/scratch/tanch/ufst7/fc_intf2.c:2159] => intelliflator
[/bonus/scratch/tanch/ufst7/fc_intf3.c:54] => scale
[/bonus/scratch/tanch/ufst7/fc_intf2.c:645] => pixel_align_fci
[/bonus/scratch/tanch/ufst7/fc_intf2.c:2110] => procTree
[/bonus/scratch/tanch/ufst7/fc_intf2.c:1626] => procRootNode
[/bonus/scratch/tanch/ufst7/fc_intf2.c:1010] => procBranchNode
[/bonus/scratch/tanch/ufst7/fc_if.c:3597] => readCharSegm
[/bonus/scratch/tanch/ufst7/fc_puts2.c:154] => putsegsII
[/bonus/scratch/tanch/ufst7/fc_if.c:3567] => outl_StartLoop
[/bonus/scratch/tanch/ufst7/fc_if.c:3475] => outl_MoveTo
[/bonus/scratch/tanch/ufst7/fc_puts2.c:95] => GetSegCode
[/bonus/scratch/tanch/ufst7/fc_puts2.c:120] => GetData
[/bonus/scratch/tanch/ufst7/fc_if.c:3534] => outl_QuadTo
[/bonus/scratch/tanch/ufst7/fc_if.c:3577] => outl_EndLoop
[/bonus/scratch/tanch/ufst7/fc_if.c:3507] => outl_LineTo
[/bonus/scratch/tanch/ufst7/fc_if.c:3032] => fco_fill_cs
[/bonus/scratch/tanch/ufst7/fc_if.c:3815] => outlCharBBox
[/bonus/scratch/tanch/ufst7/smear.c:681] => smear_setboldp6
[/bonus/scratch/tanch/ufst7/metrics.c:434] => metrics
[/bonus/scratch/tanch/ufst7/metrics.c:379] => fp_to_16
[/bonus/scratch/tanch/ufst7/maker.c:476] => calcOLandNZW
[/bonus/scratch/tanch/ufst7/bitmap.c:42] => bmp_setRender
[/bonus/scratch/tanch/ufst7/maker.c:445] => insert_render_filters
[/bonus/scratch/tanch/ufst7/bitmap.c:1288] => bitmap
[/bonus/scratch/tanch/ufst7/bitmap.c:989] => bitmap_dyn
[/bonus/scratch/tanch/ufst7/bitmap.c:761] => character
[/bonus/scratch/tanch/ufst7/bitmap.c:273] => simple_character
[/bonus/scratch/tanch/ufst7/bitmap.c:1312] => render
[/bonus/scratch/tanch/ufst7/raster.c:63] => bmras_start_char
[/bonus/scratch/tanch/ufst7/lineto.c:362] => bmras_start_loop
[/bonus/scratch/tanch/ufst7/raster.c:103] => bmras_moveto
[/bonus/scratch/tanch/ufst7/raster.c:891] => bmras_quadto
[/bonus/scratch/tanch/ufst7/raster.c:959] => quadvectorize
[/bonus/scratch/tanch/ufst7/raster.c:939] => length_2
[/bonus/scratch/tanch/ufst7/raster.c:1034] => flatten_quad
[/bonus/scratch/tanch/ufst7/lineto.c:485] => bmras_lineto
[/bonus/scratch/tanch/ufst7/lineto.c:383] => bmras_end_loop
[/bonus/scratch/tanch/ufst7/raster.c:89] => bmras_end_char
[/bonus/scratch/tanch/ufst7/fill.c:52] => cgfill
[/bonus/scratch/tanch/pdls/ufst4/callback.c:965] => ufst_CloseBitmap
[/bonus/scratch/tanch/graphen/xi/images.c:5012] => InitXform
[/bonus/scratch/tanch/graphen/xi/images.c:1736] => XformImage
[/bonus/scratch/tanch/graphen/pmap/pmapblendingpage.c:1593] => pmap_blending_page_is_alpha
[/bonus/scratch/tanch/graphen/pmap/pmappage.c:1587] => pmap_page_get_num_planes
[/bonus/scratch/tanch/graphen/xi/images.c:1029] => ConcatSocket
[/bonus/scratch/tanch/graphen/xi/images.c:1081] => ConcatAcrossBreadth
[/bonus/scratch/tanch/graphen/xi/images.c:5562] => SetupSwathXform
[/bonus/scratch/tanch/graphen/xi/images.c:10324] => DriveBits
[/bonus/scratch/tanch/graphen/xi/images.c:3235] => GetUserData
[/bonus/scratch/tanch/pdls/ufst4/callback.c:1239] => ImageFunctionUFST
[/bonus/scratch/tanch/graphen/xi/images.c:10480] => ClipBits
[/bonus/scratch/tanch/graphen/xi/images.c:10675] => ClipAmounts
[/bonus/scratch/tanch/graphen/pmap/pmappage.c:555] => pmap_page_draw_bitmap_0
[/bonus/scratch/tanch/graphen/pmap/watchxy.c:68] => pmap_watch_xy_enabled
[/bonus/scratch/tanch/graphen/pmap/blitmap.c:1879] => FullScan0
[/bonus/scratch/tanch/graphen/pmap/pmappage.c:1488] => pmap_page_get_gen_mode_value
[/bonus/scratch/tanch/graphen/pmap/pmapinternalpage.c:928] => pmap_internal_page_get_width_in_cpmunits
[/bonus/scratch/tanch/graphen/pmap/blitmap_common.c:430] => Scan0Blit
[/bonus/scratch/tanch/graphen/pmap/blitmap.c:82] => mergemask0111
[/bonus/scratch/tanch/graphen/xi/images.c:1007] => ConsumeData
[/bonus/scratch/tanch/graphen/xi/images.c:1121] => KillPipeline
[/bonus/scratch/tanch/graphen/xi/pictures.c:4668] => I_EndHandle
[/bonus/scratch/tanch/graphen/xi/paths.c:2723] => xiReverse
[/bonus/scratch/tanch/graphen/xi/paths.c:2861] => DropSubPath
[/bonus/scratch/tanch/graphen/xi/paths.c:2874] => SplitPath
[/bonus/scratch/tanch/graphen/xi/paths.c:2769] => ReverseSubPath
[/bonus/scratch/tanch/pdls/math/lexmath.h:157] => dasi
[/bonus/scratch/tanch/graphen/xi/paths.c:846] => xiLoc
[/bonus/scratch/tanch/graphen/xi/spaces.c:640] => FXYConvert
[/bonus/scratch/tanch/graphen/xi/paths.c:2084] => CheckRoundUp
[/bonus/scratch/tanch/graphen/xi/fonts.c:5678] => AdjustMetrics
[/bonus/scratch/tanch/graphen/ducttape/lexlibc.c:48] => blk_zmem
[/bonus/scratch/tanch/graphen/pmap/pmapcharacter.c:437] => pmap_character_set_small_font_size
[/bonus/scratch/tanch/graphen/xi/fonts.c:3763] => ClippedChar
[/bonus/scratch/tanch/graphen/xi/dsplst.c:409] => IxiBuildDisplayList
[/bonus/scratch/tanch/graphen/xi/dsplst.c:1490] => SetBoundingBox
[/bonus/scratch/tanch/graphen/xi/regions.c:8980] => IxiCountTrapEdges
[/bonus/scratch/tanch/graphen/xi/xidebug.c:437] => xi_is_print_object_info_enabled
[/bonus/scratch/tanch/graphen/xi/xidebug.c:425] => xi_get_print_object_info_enabled
[/bonus/scratch/tanch/graphen/xi/dsplst.c:97] => IsTrappableObject
[/bonus/scratch/tanch/pdls/pclutil/pclxform.c:965] => GetPCLEmulXform
[/bonus/scratch/tanch/pdls/pclutil/pclxform.c:875] => get_thread_dependent_colorstate_ptr
[/bonus/scratch/tanch/pdls/pclutil/pclxform.c:476] => IpclPrepare_rawtoblendxform
[/bonus/scratch/tanch/pdls/pclutil/pclxform.c:549] => IpclPrepare_blendtodevxform
[/bonus/scratch/tanch/graphen/color/Falcon/cadjust.c:517] => color_colorxform_get
[/bonus/scratch/tanch/graphen/color/Falcon/prexforms.c:65] => color_prexform_get
[/bonus/scratch/tanch/graphen/color/Falcon/postxforms.c:64] => color_postxform_get
[/bonus/scratch/tanch/pdls/math/lexmath.h:156] => fasi
[/bonus/scratch/tanch/graphen/color/ccache.c:236] => color_cache_get
[/bonus/scratch/tanch/pdls/pclutil/pclxform.c:713] => IpclPrepare_rawtodevxform
[/bonus/scratch/tanch/graphen/color/ccache.c:580] => color_cache_dup
[/bonus/scratch/tanch/graphen/color/ccache.c:659] => color_cache_interleaved
[/bonus/scratch/tanch/pdls/pclutil/pclxform.c:417] => PCL_raw2blend2dev
[/bonus/scratch/tanch/graphen/color/xforms.c:935] => color_mono_to_cmy
[/bonus/scratch/tanch/graphen/color/neural.c:178] => _color_neural_cmy_to_cmyk
[/bonus/scratch/tanch/pdls/pclutil/pclxform.c:1072] => FreePCLEmulXform
[/bonus/scratch/tanch/graphen/xi/colorenv.c:205] => _xi_color_is_black
[/bonus/scratch/tanch/graphen/xi/dsplstoptimize.c:846] => IxiPruneDLOnFly
[/bonus/scratch/tanch/graphen/xi/dsplstoptimize.c:425] => IxiIsCombinable
[/bonus/scratch/tanch/graphen/xi/dsplstoptimize.c:1474] => MergeWithPreviousRegion
[/bonus/scratch/tanch/graphen/xi/dsplstoptimize.c:1092] => ConvertRegionToImage
[/bonus/scratch/tanch/graphen/xi/dsplstoptimize.c:2657] => rop90_256_90
[/bonus/scratch/tanch/graphen/xi/dsplstoptimize.c:2852] => rop90_256_90ObjectCheck
[/bonus/scratch/tanch/graphen/xi/dsplstoptimize.c:1594] => ShareInkWithPreviousNode
[/bonus/scratch/tanch/graphen/xi/pictures.c:8789] => IxiIsSimilarColor
[/bonus/scratch/tanch/graphen/xi/dsplstoptimize.c:1910] => mergeSameImageData
[/bonus/scratch/tanch/graphen/xi/dsplstoptimize.c:2007] => mergeSameImageClipRegion
[/bonus/scratch/tanch/graphen/xi/dsplstoptimize.c:391] => IxiIsTooBig
[/bonus/scratch/tanch/pdls/pcl5/cursor.c:162] => LineFeedWork
[/bonus/scratch/tanch/pdls/pcl5/utility.c:362] => zluwsin
[/bonus/scratch/tanch/pdls/pcl5/utility.c:473] => zluuppm
[/bonus/scratch/tanch/ufst7/fc_da.c:3178] => FCchmapValue
[/bonus/scratch/tanch/ufst7/fc_da.c:2505] => FCcompCharPiece
[/bonus/scratch/tanch/ufst7/fc_intf2.c:465] => in_VectorScaleGrid
[/bonus/scratch/tanch/ufst7/fc_if.c:3902] => nzw_TranRunCt
[/bonus/scratch/tanch/ufst7/nzwind.c:143] => nz_init
[/bonus/scratch/tanch/ufst7/nzwind.c:207] => nz_open_run
[/bonus/scratch/tanch/ufst7/lineto.c:1169] => bmras_lineto_nzw
[/bonus/scratch/tanch/ufst7/nzwind.c:251] => nz_close_run
[/bonus/scratch/tanch/ufst7/nzwind.c:175] => nz_insert_pending
[/bonus/scratch/tanch/ufst7/nzwind.c:473] => nz_set_trans
[/bonus/scratch/tanch/ufst7/nzwind.c:345] => nz_insert_active
[/bonus/scratch/tanch/pdls/gl/glinter.c:798] => GLFlush
[/bonus/scratch/tanch/pdls/pcl5/rig.c:908] => zlcaend
[/bonus/scratch/tanch/pdls/pcl5/page.c:1282] => PCLFormFeedPost
[/bonus/scratch/tanch/pdls/pcl5/page.c:1341] => zlffwork
[/bonus/scratch/tanch/pdls/pcl5/macrun.c:719] => PCLMacR_Monitor_Overlay
[/bonus/scratch/tanch/pdls/pcl5/macenv.c:564] => PCLMacE_Overlay_Is_Enabled
[/bonus/scratch/tanch/pdls/pcl5/page.c:947] => PCLClosePage
[/bonus/scratch/tanch/pdls/pcl5/page.c:1131] => PCLPrintCanvas
[/bonus/scratch/tanch/graphen/xi/pictures.c:4838] => xiShowPicture
[/bonus/scratch/tanch/graphen/xi/dsplst.c:1426] => IxiProcessDisplayList
[/bonus/scratch/tanch/graphen/xi/xidebug.c:44] => dsplstDebugCheck
[/bonus/scratch/tanch/graphen/xi/xidebug.c:922] => xi_dsplst_first_object
[/bonus/scratch/tanch/graphen/xi/xidebug.c:938] => xi_dsplst_last_object
[/bonus/scratch/tanch/graphen/xi/dsplstoptimize.c:2475] => optimize
[/bonus/scratch/tanch/graphen/xi/dsplstoptimize.c:2314] => optimize_opaque_overlap
[/bonus/scratch/tanch/graphen/xi/dsplstoptimize.c:2366] => regionMinus
[/bonus/scratch/tanch/graphen/xi/dsplstdevpage.c:708] => IxiRenderToDevicePage
[/bonus/scratch/tanch/graphen/xi/xidebug.c:788] => xi_dsplst_stat_counter_init
[/bonus/scratch/tanch/graphen/xi/xidebug.c:815] => xi_dsplst_count_stats_in_list
[/bonus/scratch/tanch/graphen/xi/dsplstdevpage.c:802] => _xi_device_paint_object
[/bonus/scratch/tanch/graphen/xi/dsplstdevpage.c:1028] => IxiDoSetupDeviceColor
[/bonus/scratch/tanch/graphen/xi/dsplstdevpage.c:1265] => IxiSetupInk
[/bonus/scratch/tanch/graphen/xi/dsplstdevpage.c:1092] => _get_device_gen_mode
[/bonus/scratch/tanch/graphen/pmap/pmappage.c:953] => _pmap_page_get_plane
[/bonus/scratch/tanch/graphen/pmap/pmapcolorpage.c:522] => pmap_color_page
[/bonus/scratch/tanch/graphen/xi/dsplstdevpage.c:1337] => get_tile
[/bonus/scratch/tanch/graphen/xi/dsplstdevpage.c:1365] => make_tile
[/bonus/scratch/tanch/graphen/pmap/pmappage.c:1125] => pmap_page_make_colorant
[/bonus/scratch/tanch/graphen/blockdevicepage/p4lexmap.c:1740] => page4_device_page_make_colorant
[/bonus/scratch/tanch/graphen/blockdevicepage/p4lexmap.c:446] => get_sentinel_tile
[/bonus/scratch/tanch/graphen/pmap/pmappage.c:1150] => pmap_page_set_tile
[/bonus/scratch/tanch/graphen/blockdevicepage/p4lexmap.c:776] => page4_device_page_set_tile
[/bonus/scratch/tanch/graphen/blockdevicepage/p4lexmap.c:747] => optimize_tile_00ff
[/bonus/scratch/tanch/graphen/pmap/pmappage.c:1509] => pmap_page_set_tile_ptr
[/bonus/scratch/tanch/graphen/pmap/pmappage.c:1309] => pmap_device_page
[/bonus/scratch/tanch/graphen/pmap/pmapdevicepage.c:222] => pmap_device_page_set_object_type
[/bonus/scratch/tanch/graphen/xi/dsplstdevpage.c:2142] => doDeviceChar
[/bonus/scratch/tanch/graphen/pmap/pmappage.c:132] => pmap_page_draw_character
[/bonus/scratch/tanch/graphen/pmap/pmapcharacter.c:275] => pmap_character_get_width
[/bonus/scratch/tanch/graphen/pmap/pmapcharacter.c:286] => pmap_character_get_height
[/bonus/scratch/tanch/graphen/blockdevicepage/p4blitmap.c:5840] => p4_page_device_color_plot_pattern
[/bonus/scratch/tanch/graphen/blockdevicepage/p4blitmap.c:5766] => detect_and_set_trap_pels
[/bonus/scratch/tanch/graphen/blockdevicepage/p4lexmap.c:2436] => page4_device_page_get_num_trap_pels
[/bonus/scratch/tanch/graphen/blockdevicepage/p4blitmap.c:1073] => BlockPlotPattern
[/bonus/scratch/tanch/graphen/blockdevicepage/p4blitmap.c:817] => BlockPlotPatternReal
[/bonus/scratch/tanch/graphen/blockdevicepage/p4blocks.c:758] => MakeCPMAvailable
[/bonus/scratch/tanch/graphen/blockdevicepage/pagelock.c:215] => pmap_cpm_rip_lock
[/bonus/scratch/tanch/graphen/blockdevicepage/pagelock.c:46] => pmap_get_cpm_lock
[/bonus/scratch/tanch/graphen/blockdevicepage/pagelock.c:57] => pmap_set_cpm_lock
[/bonus/scratch/tanch/graphen/blockdevicepage/p4blocks.c:1840] => add_block
[/bonus/scratch/tanch/graphen/blockdevicepage/blockmemory.c:127] => block_memory_alloc
[/bonus/scratch/tanch/graphen/blockdevicepage/blockmemory.c:68] => initial_block_malloc
[/bonus/scratch/tanch/graphen/blockdevicepage/blockmemory.c:48] => set_default_alloc_funcs
[/bonus/scratch/tanch/graphen/ducttape/lexlibc.c:31] => blk_smem
[/bonus/scratch/tanch/graphen/blockdevicepage/p4blitmap.c:304] => PlotClippedPatternBlit
[/bonus/scratch/tanch/graphen/blockdevicepage/pagelock.c:267] => pmap_cpm_rip_unlock
[/bonus/scratch/tanch/graphen/blockdevicepage/p4blocks.c:265] => pmap_enqueue_block_unlocked
[/bonus/scratch/tanch/graphen/blockdevicepage/p4blitmap.c:5721] => ensure_trapped_data
[/bonus/scratch/tanch/graphen/pmap/pmapcharacter.c:342] => _pmap_character_get_trap_data
[/bonus/scratch/tanch/graphen/pmap/pmapcharacter.c:313] => _pmap_character_get_data
[/bonus/scratch/tanch/graphen/blockdevicepage/p4blitmap.c:5641] => TrapPattern
[/bonus/scratch/tanch/graphen/pmap/pmapcharacter.c:368] => _pmap_character_set_trap_data
[/bonus/scratch/tanch/graphen/blockdevicepage/p4blitmap.c:5829] => clear_trap_pels
[/bonus/scratch/tanch/graphen/pmap/pmappage.c:1212] => pmap_page_kill_tile
[/bonus/scratch/tanch/graphen/pmap/pmapinternalpage.c:572] => pmap_internal_page_kill_tile
[/bonus/scratch/tanch/graphen/xi/dsplst.c:238] => IxiReleaseNode
[/bonus/scratch/tanch/graphen/xi/fonts.c:1561] => KillDLCharacter
[/bonus/scratch/tanch/graphen/blockdevicepage/p4blocks.c:297] => pmap_unchain_block_unlocked
[/bonus/scratch/tanch/graphen/xi/xidebug.c:953] => xi_dsplst_print_stats
[/bonus/scratch/tanch/graphen/pmap/pmapdevicepage.c:337] => pmap_device_page_print
[/bonus/scratch/tanch/graphen/pmap/pmappage.c:1267] => pmap_page_get_device
[/bonus/scratch/tanch/graphen/pmap/pmapcolorpage.c:436] => pmap_color_page_get_device
[/bonus/scratch/tanch/graphen/graphentestbackend/blockdevice.c:788] => block_device_print_page
[/bonus/scratch/tanch/graphen/pmap/pmapdevicepage.c:136] => pmap_device_page_finish
[/bonus/scratch/tanch/graphen/blockdevicepage/p4lexmap.c:2273] => block_device_page_finish
[/bonus/scratch/tanch/graphen/blockdevicepage/p4lexmap.c:2263] => get_complexity_control
[/bonus/scratch/tanch/graphen/blockdevicepage/p4lexmap.c:383] => get_tile_cache_page
[/bonus/scratch/tanch/graphen/blockdevicepage/p4lexmap.c:328] => free_tile_cache
[/bonus/scratch/tanch/graphen/blockdevicepage/smallfontenhance.c:886] => block_device_page_handle_small_font_enhancer
[/bonus/scratch/tanch/graphen/blockdevicepage/blockdevicepage.c:76] => block_device_page_get_map
[/bonus/scratch/tanch/graphen/blockdevicepage/pwmdebug.c:303] => _block_device_page_debug_pwm_table
[/bonus/scratch/tanch/graphen/blockdevicepage/blockmap.c:360] => block_map_unhook_from_compressible_chain
[/bonus/scratch/tanch/graphen/blockdevicepage/p4blocks.c:416] => pmap_dequeue_pmap
[/bonus/scratch/tanch/graphen/blockdevicepage/pagelock.c:396] => pmap_page_lock
[/bonus/scratch/tanch/graphen/blockdevicepage/pagelock.c:428] => pmap_page_unlock
[/bonus/scratch/tanch/graphen/blockdevicepage/p4blocks.c:2269] => pmap_detect_blank_cmy
[/bonus/scratch/tanch/graphen/blockdevicepage/block_complexity.c:588] => block_map_limit_complexity
[/bonus/scratch/tanch/graphen/graphentestbackend/blockdevice.c:994] => output_page
[/bonus/scratch/tanch/graphen/blockdevicepage/blockmap.c:1179] => block_map_verify
[/bonus/scratch/tanch/graphen/blockdevicepage/p4blocks.c:2238] => pmap_verify
[/bonus/scratch/tanch/graphen/pmap/pageverify.c:22] => pmap_get_page_verify_enabled
[/bonus/scratch/tanch/graphen/blockdevicepage/blockmap.c:636] => block_map_calculate_checksum
[/bonus/scratch/tanch/graphen/blockdevicepage/p4blocks.c:2052] => CheckMechpmap
[/bonus/scratch/tanch/graphen/blockdevicepage/p4blocks.c:2035] => get_device_from_pmap
[/bonus/scratch/tanch/graphen/blockdevicepage/p4blocks.c:2079] => _pmap_calculate_checksum_with_margins
[/bonus/scratch/tanch/graphen/blockdevicepage/p4blocks.c:2071] => compute_max_block_size
[/bonus/scratch/tanch/graphen/blockdevicepage/cmpdcmp.c:615] => decompress_block
[/bonus/scratch/tanch/graphen/blockdevicepage/mulblit.c:224] => bit_expand
[/bonus/scratch/tanch/graphen/graphentestbackend/blockdevice.c:922] => get_page_number
[/bonus/scratch/tanch/graphen/graphentestbackend/blockdevice.c:934] => page_number_increment
[/bonus/scratch/tanch/graphen/graphentestbackend/blockdevice.c:913] => set_page_number
[/bonus/scratch/tanch/graphen/blockdevicepage/p4lexmap.c:699] => page4_color_device_page_kill
[/bonus/scratch/tanch/graphen/blockdevicepage/p4lexmap.c:672] => page4_device_page_kill
[/bonus/scratch/tanch/graphen/blockdevicepage/p4blocks.c:1052] => p4kill_pmap
[/bonus/scratch/tanch/graphen/blockdevicepage/p4blocks.c:1026] => p4kill_pmap_plane
[/bonus/scratch/tanch/graphen/blockdevicepage/p4blocks.c:1198] => p4clr_pmap
[/bonus/scratch/tanch/graphen/blockdevicepage/p4blocks.c:1228] => p4kill_cpblock
[/bonus/scratch/tanch/graphen/blockdevicepage/p4blocks.c:1305] => p4kill_block
[/bonus/scratch/tanch/graphen/blockdevicepage/p4blocks.c:289] => pmap_unchain_block
[/bonus/scratch/tanch/graphen/blockdevicepage/blockmemory.c:145] => block_memory_free
[/bonus/scratch/tanch/graphen/blockdevicepage/pagelock.c:363] => pmap_lock_destroy
[/bonus/scratch/tanch/graphen/pmap/watchxy.c:170] => pmap_watch_xy_inc_page_count
[/bonus/scratch/tanch/graphen/xi/cluts.c:645] => I_KillCLUT
[/bonus/scratch/tanch/graphen/xi/xidebug.c:190] => _xi_debug_handle_end_page
[/bonus/scratch/tanch/graphen/xi/xidebug.c:387] => _xi_log_close
[/bonus/scratch/tanch/pdls/common/media_utils.c:525] => pdls_isPaperSupportedInTray
[/bonus/scratch/tanch/pdls/common/media_utils.c:561] => update_available_sources
[/bonus/scratch/tanch/pdls/common/media_utils.c:593] => pdls_media_size_supported
[/bonus/scratch/tanch/pdls/common/media_utils.c:542] => pdls_isMediaTypeSupportedInTray
[/bonus/scratch/tanch/pdls/common/media_utils.c:616] => pdls_media_type_supported
[/bonus/scratch/tanch/pdls/pcl5/paper.c:2779] => zluysw
[/bonus/scratch/tanch/pdls/pcl5/getbyte.c:935] => PCLForceSheetPost
[/bonus/scratch/tanch/pdls/pcl5/getbyte.c:960] => PCLForceSheet
[/bonus/scratch/tanch/pdls/pcl5/init.c:670] => PCLJobCleanUp
[/bonus/scratch/tanch/pdls/gl/glinter.c:760] => GLJobCleanup
[/bonus/scratch/tanch/pdls/gl/glp1p2.c:309] => GLP1P2_Destroy
[/bonus/scratch/tanch/pdls/gl/glpoly.c:318] => GLPoly_Destroy
[/bonus/scratch/tanch/pdls/gl/glline.c:1143] => GLLine_Destroy
[/bonus/scratch/tanch/pdls/gl/glline.c:759] => GLLine_DefaultUserLT
[/bonus/scratch/tanch/pdls/gl/glline.c:670] => GLLine_SetUserLT
[/bonus/scratch/tanch/pdls/gl/glpen.c:2629] => GLPen_Destroy
[/bonus/scratch/tanch/pdls/gl/glink.c:2305] => GLInk_Destroy
[/bonus/scratch/tanch/pdls/gl/glink.c:2013] => GLInk_ResetRaster
[/bonus/scratch/tanch/pdls/gl/glchar.c:5098] => GLChar_Destroy
[/bonus/scratch/tanch/pdls/gl/glparse.c:701] => GLParse_Destroy
[/bonus/scratch/tanch/pdls/pcl5/init.c:1526] => PCLDeleteResources
[/bonus/scratch/tanch/pdls/pcl5/userpat.c:686] => PCLPatternControl
[/bonus/scratch/tanch/pdls/pcl5/macstore.c:1990] => PCLMacS_Delete_Many
[/bonus/scratch/tanch/pdls/pcl5/fdownctl.c:897] => fz_delete_download
[/bonus/scratch/tanch/graphen/xi/fonts.c:2332] => KillCacheTable
[/bonus/scratch/tanch/graphen/xi/fonts.c:2481] => KillCharacters
[/bonus/scratch/tanch/pdls/pcl5/palette.c:2367] => PCLPal_Delete
[/bonus/scratch/tanch/pdls/pcl5/alpha.c:990] => ANID_Cleanup
[/bonus/scratch/tanch/pdls/pcl5/getbyte.c:1229] => PCLIOCleanUp
[/bonus/scratch/tanch/pdls/ufst4/callback.c:506] => ufst_destroy
[/bonus/scratch/tanch/ufst7/cgif.c:2732] => CGIFFfco_Close
[/bonus/scratch/tanch/ufst7/fc_if.c:397] => fco_DeleteFCO
[/bonus/scratch/tanch/ufst7/fc_da.c:1063] => FCclose
[/bonus/scratch/tanch/ufst7/fc_da.c:4131] => FCtableClose
[/bonus/scratch/tanch/ufst7/fc_dafil.c:94] => DAclose
[/bonus/scratch/tanch/ufst7/fc_if.c:3384] => hndlDestroy
[/bonus/scratch/tanch/ufst7/cgif.c:562] => CGIFFexit
[/bonus/scratch/tanch/ufst7/fc_if.c:294] => FCOexit
[/bonus/scratch/tanch/ufst7/ix.c:672] => IXexit
[/bonus/scratch/tanch/ufst7/bucket.c:310] => BUCKexit
[/bonus/scratch/tanch/ufst7/dll.c:18] => dll_empty
[/bonus/scratch/tanch/ufst7/bucket.c:442] => BUCKfree
[/bonus/scratch/tanch/ufst7/fc_if.c:531] => fco_unload_font
[/bonus/scratch/tanch/ufst7/fc_da.c:1585] => FCfontClose
[/bonus/scratch/tanch/ufst7/fc_da.c:3024] => FCchmapClose
[/bonus/scratch/tanch/ufst7/fc_da.c:3766] => FCinflateClose
[/bonus/scratch/tanch/ufst7/dll.c:55] => dll_remove
[/bonus/scratch/tanch/pdls/pcl5/init.c:845] => PCLKill
[/bonus/scratch/tanch/pdls/pclutil/resource.c:168] => PCLResourceCleanUp
[/bonus/scratch/tanch/pdls/pcl5/fzinit.c:5353] => flushpcldevice
[/bonus/scratch/tanch/pdls/pcl5/macstore.c:2035] => PCLMacS_Clear_External_Macros
[/bonus/scratch/tanch/pdls/pcl5/fzinit.c:1116] => intrsymsetcleanup
[/bonus/scratch/tanch/graphen/xi/fonts.c:6649] => xiUnregisterFont
[/bonus/scratch/tanch/graphen/xi/fonts.c:1209] => character_free
[/bonus/scratch/tanch/graphen/pmap/pmapcharacter.c:257] => pmap_character_unref
[/bonus/scratch/tanch/graphen/pmap/pmapcharacter.c:222] => _pmap_character_free
[/bonus/scratch/tanch/graphen/xi/fonts.c:6111] => KillGlobalName
[/bonus/scratch/tanch/pdls/pcl5/fzinit.c:5798] => KillDBTrueTypeFont
[/bonus/scratch/tanch/pdls/app/iapi_from_stream.c:190] => remove_interpreter
[/bonus/scratch/tanch/pdls/app/backend.c:1388] => destroy_settings
[/bonus/scratch/tanch/graphen/pmap/device.c:310] => KillDevice
[/bonus/scratch/tanch/graphen/pmap/device.c:831] => destroy_user_objects
[/bonus/scratch/tanch/graphen/xi/dsplst.c:2181] => xi_release_xienv
[/bonus/scratch/tanch/graphen/xi/dsplstoptimize.c:3222] => release_pagetopage_list
[/bonus/scratch/tanch/graphen/graphentestbackend/blockdevice.c:778] => block_device_destroy
[/bonus/scratch/tanch/graphen/pmap/device.c:282] => SetDefaultDevice
[/bonus/scratch/tanch/pdls/app/iapi_from_stream.c:600] => iapi_from_stream_shutdown
[/bonus/scratch/tanch/pdls/app/main.c:600] => shutdown_imager
[/bonus/scratch/tanch/pdls/ufst4/callback.c:323] => ufstexit
[/bonus/scratch/tanch/graphen/xi/objects.c:1278] => xiTermImager
[/bonus/scratch/tanch/graphen/xi/dsplstcontone.c:451] => xi_lock_destroy
[/bonus/scratch/tanch/graphen/color/icc.c:1242] => color_icc_terminate
[/bonus/scratch/tanch/graphen/xi/fonts.c:7079] => KillAllFonts
[/bonus/scratch/tanch/graphen/xi/fonts.c:2172] => I_GimeFontSpace
[/bonus/scratch/tanch/graphen/xi/spaces.c:1527] => I_TermSpaces
[/bonus/scratch/tanch/graphen/xi/xitls.c:125] => _xi_tls_free
[/bonus/scratch/tanch/graphen/xi/xitls.c:115] => _xi_destroy_tls
[/bonus/scratch/tanch/graphen/xi/regions.c:11272] => _xi_xpel_free
[/bonus/scratch/tanch/graphen/graphentestbackend/graphentestbackend.c:220] => graphen_test_backend_term
[/bonus/scratch/tanch/graphen/graphentestbackend/blockdevice.c:898] => block_device_term
[/bonus/scratch/tanch/graphen/blockdevicepage/blockdevicepage.c:35] => block_device_page_finalize
[/bonus/scratch/tanch/graphen/blockdevicepage/p4blocks.c:1347] => block_term
[/bonus/scratch/tanch/graphen/blockdevicepage/p4blocks.c:102] => _block_device_page_free_spare_blocks
[/bonus/scratch/tanch/graphen/blockdevicepage/block_complexity.c:1297] => block_complexity_term
[/bonus/scratch/tanch/graphen/blockdevicepage/lzwalg.c:147] => lzw_term
[/bonus/scratch/tanch/graphen/graphentestbackend/contonedevice.c:879] => contone_device_term
[/bonus/scratch/tanch/graphen/contonedevicepage/contonedevicepage.c:3734] => contone_device_page_finalize
[/bonus/scratch/tanch/graphen/contonedevicepage/cmp_lzw_cdp.c:65] => cmp_lzw_cdp_term
[/bonus/scratch/tanch/graphen/pmap/lzw.c:275] => pmap_lzw_get_num_buffers_in_pool
[/bonus/scratch/tanch/graphen/pmap/lzw.c:126] => pmap_lzw_remove_dictionaries
[/bonus/scratch/tanch/graphen/pmap/lzw.c:296] => pmap_lzw_destroy_buffer_pool
[/bonus/scratch/tanch/graphen/graphentestbackend/test_device.c:2984] => test_device_cleanup
[/bonus/scratch/tanch/pdls/cfs/cfs.c:335] => cfs_exit
[/bonus/scratch/tanch/pdls/cfs/cfs.c:2415] => cfs_dismount
[/bonus/scratch/tanch/pdls/cfs/cfslinux.c:1404] => cfs_linux_dismount
[/bonus/scratch/tanch/pdls/cfs/cfsram.c:1947] => ram_dismount
[/bonus/scratch/tanch/pdls/cfs/cfsram.c:2927] => freeBlock
[/bonus/scratch/tanch/pdls/cfs/cfslinux.c:621] => cfs_linux_exit
[/bonus/scratch/tanch/pdls/cfs/cfslinux.c:253] => remove_all_devices
[/bonus/scratch/tanch/pdls/cfs/cfslinux.c:132] => device_mapping_free
[/bonus/scratch/tanch/pdls/cfs/cfsram.c:305] => ram_exit
[/bonus/scratch/tanch/pdls/app/main.c:621] => shutdown_anrmalloc
Done: Exiting...
[tag with: PCL]
[@startTime: 03/04/16 19:03:45]
[@endTime: 03/04/16 19:03:48]
